 parallel MPI defs : np=           1 nb=           1   nd=           0
 nks >
          15          15          15        3375
 ngm =         645
 npwx =          92
 ndiag           1

          k = 0.0000 0.0000 0.0000 (    65 PWs)   bands (ev):

     0.0000  18.0493  18.0493  18.0493  18.0493  18.0493  18.0493  18.0493
 dav_iter, nhpsi, notcnv, ethr            4          38           0   9.9999999999999995E-007
 ndiag           1

          k = 0.5000 0.5000 0.5000 (    76 PWs)   bands (ev):

     4.5123   4.5123  16.5452  16.5452  16.5452  16.5452  16.5452  16.5452
 dav_iter, nhpsi, notcnv, ethr            4          38           0   9.9999999999999995E-007
 ndiag           1

          k = 1.0000 0.0000 0.0000 (    92 PWs)   bands (ev):

     6.0164   6.0164  12.0329  12.0329  12.0329  12.0329  30.0822  30.0822
 dav_iter, nhpsi, notcnv, ethr            4          37           0   9.9999999999999995E-007
     davidson     :      0.01s CPU      0.01s WALL (       3 calls)
     cegterg      :      0.01s CPU      0.01s WALL (       3 calls)
     cegterg:init :      0.00s CPU      0.00s WALL (       3 calls)
     cegterg:diag :      0.00s CPU      0.00s WALL (      15 calls)
     cegterg:upda :      0.00s CPU      0.00s WALL (      12 calls)
     cegterg:over :      0.00s CPU      0.00s WALL (      12 calls)
     cegterg:last :      0.00s CPU      0.00s WALL (       6 calls)
     h_psi        :      0.00s CPU      0.01s WALL (      15 calls)
     g_psi        :      0.00s CPU      0.00s WALL (      12 calls)

  general FFT  routines
     fftw         :      0.00s CPU      0.00s WALL (     226 calls)
     ffts         :      0.00s CPU      0.00s WALL

