 parallel MPI defs : np=           1 nb=           1   nd=           0
  Gamma-only calculation, assuming nks=1, xk=(0,0,0) 
          60          60          60      216000
 ngm =       29768
 npwx =        3696
  subspace rotation first
 ndiag           1
  then cg diagonalization 

          k = 0.0000 0.0000 0.0000 (  3696 PWs)   bands (ev):

   -13.7335 -13.4891 -13.4890 -13.4891 -13.4891 -13.4890 -13.4891 -13.4890
   -13.4891 -13.4081 -13.4080 -13.4081 -13.4081 -13.4080 -13.4079 -13.2198
   -13.2191 -13.2184 -13.2143 -13.2182 -13.2163 -13.2194 -13.2191 -13.2180
   -13.2181 -13.2189 -13.2178 -13.2197 -13.2135 -13.2190 -13.2192 -13.1277
   -13.1277 -13.1278 -13.1278 -13.1278 -13.1276 -13.1278 -13.1276 -13.1278
   -13.1277 -13.1277 -13.1277 -13.1277 -13.1275 -13.1277 -13.1276 -13.1277
   -13.1276 -13.1275 -13.1276 -13.1278 -13.1277 -13.1276 -13.0353 -13.1277
   -13.0377 -13.0349 -13.0341 -13.0350 -13.0359 -13.0355 -13.0340 -13.0345
    -3.6839  -3.6839  -3.6838  -3.6839  -3.4666  -3.4665  -3.4665  -3.2410
    -3.2410  -3.2411  -3.2411  -3.2410  -3.2411  -3.2411  -3.2411  -3.2411
    -3.2411  -3.2411  -3.2411  -3.2411  -3.2411  -3.2411  -3.2411  -3.2411
    -3.2411  -3.2411  -3.2411  -3.2410  -3.2411  -3.2411  -3.2410  -3.0126
    -3.0117  -3.0125  -3.0119  -3.0125  -2.9773  -3.0122  -2.9770  -2.9770
    -2.9772  -2.9770  -2.9772  -2.9770  -2.9770  -2.9771  -2.9770  -2.9770
    -2.9772  -2.3130  -2.3130  -2.3130  -2.3129  -2.3130  -2.3127  -2.3128
    -2.3129  -2.2477  -2.2476  -2.2477  -2.2475  -2.2476  -2.2477  -2.1939
    -2.1939  -2.1940  -2.1939  -2.1939  -2.1939  -1.7802  -1.7802  -1.7802
    -1.7801  -1.7802  -1.7801  -1.7802  -1.7801  -1.7802  -1.7801  -1.7802
    -1.7802  -1.6956  -1.6956  -1.6955  -1.6955  -1.6955  -1.6955  -1.6955
    -1.6956  -1.6955  -1.6956  -1.6955  -1.6955  -1.6955  -1.6956  -1.6956
    -1.6956  -1.6955  -1.6954  -1.6956  -1.6955  -1.6953  -1.6956  -1.6956
    -1.6954  -1.6485  -1.6484  -1.6484  -1.6483  -1.6483  -1.6484  -1.3877
    -1.3877  -1.3878  -1.3878  -1.3877  -1.3877  -0.9897  -0.9897  -0.9897
    -0.9897  -0.9897  -0.9897  -0.9897  -0.9897  -0.9897  -0.9897  -0.9897
    -0.9897  -0.9897  -0.9897  -0.9897  -0.9897  -0.9897  -0.9897  -0.9897
    -0.9897  -0.9897  -0.9896  -0.9896  -0.9897  -0.7869  -0.7869  -0.7868
    -0.7869  -0.7869  -0.7869  -0.7869  -0.7868  -0.7868  -0.7868  -0.7869
    -0.7869  -0.5305  -0.5303  -0.5305  -0.5305  -0.5305  -0.5298  -0.5305
    -0.5305  -0.5305  -0.5296  -0.5296  -0.5304  -0.5052  -0.5052  -0.5052
    -0.5052  -0.5050  -0.5054  -0.5055  -0.5053  -0.2710  -0.2710  -0.2710
    -0.2710  -0.2710  -0.2710  -0.2710  -0.2710  -0.2710  -0.2710  -0.2709
    -0.2710  -0.2710  -0.2710  -0.2710  -0.2710  -0.0001  -0.0001   0.0000
     2.7094   4.2601   4.2600   4.2670   4.2600   4.3452   4.3447   4.3448
     4.3439   4.3456   4.3460   4.3467   4.3583   4.3450   4.3561   4.3567
     5.1761   5.1761   5.1764   5.2009   5.2008   5.2008   5.2007   5.2010
     5.2008   5.3053   5.3053   5.3053   5.3053   5.3053   5.3053   5.3053
     5.3053   5.3053   5.3053   5.3053   5.3053   5.3053   5.3053   5.3053
     5.3053   5.3053   5.3053   5.3053   5.3053   5.3053   5.3053   5.3054
     5.3053   5.8590   5.8590   5.8590   5.8590   5.8590   5.8590   5.8590
     5.8590   5.8590   5.8590   5.8590   5.8590   6.2224   6.2224   6.2225
     6.2224   6.2225   6.2225   6.7364   6.7364   6.7364   6.7364   6.7364
     6.7364   7.4517   7.4517   7.4517   7.4517   7.4517   7.4517   7.4517
     7.4517   7.4517   7.4517   7.4517   7.4517   7.4517   7.4517   7.4517
     7.4517   7.4517   7.4517   7.4518   7.4517   7.4517   7.4518   7.4517
     7.4518   7.6216   7.6226   7.6267   7.6368   7.6379   7.6381   7.6383
     7.6385   7.6386   7.6383   7.6386   7.6744   7.6745   7.6745   7.6746
     7.6746   7.6745   7.6746   7.6745   7.6746   7.6745   7.6746   7.6743
     7.8361   7.8361   7.8358   7.8361   7.8361   7.8361   8.0312   8.0308
     8.0308   8.0308   8.0308   8.0579   8.0310   8.0580   8.0579   8.0579
     8.0579   8.0580   8.0579   8.0578   8.0580   8.0580   8.0580   8.0580
     8.0580   8.0580   8.0580   8.0579   8.2843   8.2842   8.2843   8.2842
     8.2843   8.2843   8.2843   8.2843   8.3956   8.3953   8.3948   8.3941
     8.3955   8.3952   8.3954   8.3955   8.3961   8.3942   8.3965   8.3941
     8.3954   8.3964   8.3971   8.3970   8.3972   8.3963   8.3966   8.3963
     8.3972   8.3944   8.3958   8.3971   8.3985   8.3987   8.3976   8.3991
     8.3987   8.3976   8.3991   8.3974   8.3970   8.3996   8.3986   8.3992
     8.4312   8.4308   8.4308   8.4312   8.4313   8.4314   8.5617   8.5617
     8.5619   8.5619   8.5617   8.5620   8.9852   8.9852   8.9852   8.9852
     8.9852   8.9852   8.9852   8.9852   8.9852   8.9852   8.9852   8.9852
     9.6204   9.6204   9.6204   9.6204   9.6204   9.6204   9.6204   9.6204
     9.6204   9.6204   9.6204   9.6205   9.6204   9.6204   9.6204   9.6204
     9.6204   9.6204   9.6204   9.6204   9.6204   9.6204   9.6204   9.6204
     9.7644   9.7644   9.7644   9.7644   9.7644   9.7644   9.7644   9.7644
     9.7644   9.7644   9.7645   9.7644   9.9617   9.9617   9.9617   9.9617
 cg_iter, nhpsi, notconv, ethr           36       18991           4   9.9999999999999995E-007
     cg           :    226.93s CPU    227.48s WALL (       1 calls)
     rotwfcg      :      9.38s CPU      9.42s WALL (       1 calls)
     rotwfcg:hpsi :      2.73s CPU      2.76s WALL (       1 calls)
     rotwfcg:hc   :      4.54s CPU      4.55s WALL (       1 calls)
     rotwfcg:diag :      0.50s CPU      0.50s WALL (       1 calls)
     rotwfcg:evc  :      1.61s CPU      1.62s WALL (       1 calls)
     rcgdiagg     :    217.55s CPU    218.06s WALL (       1 calls)
     cg:ortho     :    115.48s CPU    115.69s WALL (   18475 calls)
     h_psi        :      2.73s CPU      2.76s WALL (       1 calls)
     hs_1psi      :     99.11s CPU     99.46s WALL (   18475 calls)
     s_1psi       :      0.15s CPU      0.09s WALL (   18475 calls)

  general FFT  routines
     fftw         :     85.51s CPU     86.12s WALL (   37974 calls)
     ffts         :      0.00s CPU      0.01s WALL

