 parallel MPI defs : np=           1 nb=           1   nd=           0
  Gamma-only calculation, assuming nks=1, xk=(0,0,0) 
          15          15          15        3375
 ngm =         323
 npwx =          33
  subspace rotation first
 ndiag           1
  then ppcg diagonalization 

          k = 0.0000 0.0000 0.0000 (    33 PWs)   bands (ev):

     0.0000  18.0493  18.0493  18.0493  18.0493  18.0493  18.0493  18.0493
 ppcg_iter, nhpsi, notconv, ethr            7          64           0   9.9999999999999995E-007
     ppcg         :      0.00s CPU      0.01s WALL (       1 calls)
     rotwfcg      :      0.00s CPU      0.00s WALL (       1 calls)
     rotwfcg:hpsi :      0.00s CPU      0.00s WALL (       1 calls)
     rotwfcg:hc   :      0.00s CPU      0.00s WALL (       1 calls)
     rotwfcg:diag :      0.00s CPU      0.00s WALL (       1 calls)
     rotwfcg:evc  :      0.00s CPU      0.00s WALL (       1 calls)
     ppcg_gamma   :      0.00s CPU      0.00s WALL (       1 calls)
     h_psi        :      0.00s CPU      0.00s WALL (       8 calls)
     ppcg:dgemm   :      0.00s CPU      0.00s WALL (     121 calls)
     ppcg:hpsi    :      0.00s CPU      0.00s WALL (       7 calls)
     ppcg:cholQR  :      0.00s CPU      0.00s WALL (       6 calls)
     ppcg:RR      :      0.00s CPU      0.00s WALL (       1 calls)
     ppcg:DTRSM   :      0.00s CPU      0.00s WALL (       6 calls)
     ppcg:lock    :      0.00s CPU      0.00s WALL (       2 calls)

  general FFT  routines
     fftw         :      0.00s CPU      0.00s WALL (     128 calls)
     ffts         :      0.00s CPU      0.00s WALL

