 parallel MPI defs : np=           1 nb=           1   nd=           0
 nks >
          15          15          15        3375
 ngm =         941
 npwx =         120
  subspace rotation first
 ndiag           1
  then cg diagonalization 

          k = 0.0000 0.0000 0.0000 (   113 PWs)   bands (ev):

   -12.3426  -0.0000  -0.0000   0.0000   1.1834   4.4167   4.4167   4.4167
 cg_iter, nhpsi, notconv, ethr           11          99           0   9.9999999999999995E-007
  subspace rotation first
 ndiag           1
  then cg diagonalization 

          k = 0.5000 0.5000 0.5000 (   120 PWs)   bands (ev):

   -10.9110  -6.0410  -0.9216  -0.9216   1.5673   4.9092   4.9092   8.5455
 cg_iter, nhpsi, notconv, ethr           11          98           0   9.9999999999999995E-007
  subspace rotation first
 ndiag           1
  then cg diagonalization 

          k = 1.0000 0.0000 0.0000 (   116 PWs)   bands (ev):

   -10.3192  -6.1510  -2.2895  -2.2895   1.5989   2.0916  12.1261  12.1261
 cg_iter, nhpsi, notconv, ethr           13         115           0   9.9999999999999995E-007
     cg           :      0.02s CPU      0.02s WALL (       3 calls)
     rotwfck      :      0.00s CPU      0.00s WALL (       3 calls)
     rotwfck:hpsi :      0.00s CPU      0.00s WALL (       3 calls)
     rotwfck:hc   :      0.00s CPU      0.00s WALL (       3 calls)
     rotwfck:diag :      0.00s CPU      0.00s WALL (       3 calls)
     rotwfck:evc  :      0.00s CPU      0.00s WALL (       3 calls)
     ccgdiagg     :      0.02s CPU      0.02s WALL (       3 calls)
     h_psi        :      0.00s CPU      0.00s WALL (       3 calls)
     hs_1psi      :      0.02s CPU      0.02s WALL (     288 calls)
     s_1psi       :      0.00s CPU      0.00s WALL (     288 calls)

  general FFT  routines
     fftw         :      0.02s CPU      0.01s WALL (     624 calls)
     ffts         :      0.00s CPU      0.00s WALL

