 parallel MPI defs : np=           1 nb=           1   nd=           0
 nks >
          27          27          27       19683
 ngm =        6615
 npwx =         869
  subspace rotation first
 ndiag           1
  then cg diagonalization 

          k = 0.0000 0.0000 0.0000 (   869 PWs)   bands (ev):

   -12.6369 -10.2593 -10.2593 -10.2593 -10.2593  -8.3557  -8.3557  -8.3557
    -8.3557  -8.3557  -8.3557  -7.3883  -7.3883  -7.3883  -7.3883  -3.0211
    -3.0211  -3.0211  -3.0211  -3.0211  -3.0211  -1.2491  -1.2491  -1.2491
    -1.2491  -1.2491  -1.2491  -1.2491  -1.2491  -0.0000  -0.0000   0.0000
     0.9304   0.9304   0.9305   0.9305   0.9304   0.9305   1.8752   1.8752
     1.8751   1.8752   3.4229   3.4229   3.4229   3.8840   3.9800   3.9800
     3.9800   3.9800   3.9800   3.9800   3.9800   3.9800   7.5398   7.9689
     7.9690   7.9688   7.9689   7.9688   7.9686  11.5026  11.5026  11.5026
 cg_iter, nhpsi, notconv, ethr           15        1049           0   9.9999999999999995E-007
     cg           :      0.68s CPU      0.70s WALL (       1 calls)
     rotwfck      :      0.06s CPU      0.06s WALL (       1 calls)
     rotwfck:hpsi :      0.03s CPU      0.04s WALL (       1 calls)
     rotwfck:hc   :      0.01s CPU      0.01s WALL (       1 calls)
     rotwfck:diag :      0.00s CPU      0.00s WALL (       1 calls)
     rotwfck:evc  :      0.01s CPU      0.01s WALL (       1 calls)
     ccgdiagg     :      0.62s CPU      0.64s WALL (       1 calls)
     h_psi        :      0.03s CPU      0.04s WALL (       1 calls)
     hs_1psi      :      0.41s CPU      0.46s WALL (     985 calls)
     s_1psi       :      0.00s CPU      0.00s WALL (     985 calls)

  general FFT  routines
     fftw         :      0.38s CPU      0.44s WALL (    2098 calls)
     ffts         :      0.00s CPU      0.00s WALL

