 parallel MPI defs : np=           1 nb=           1   nd=           0
 nks >
          60          60          60      216000
 ngm =       59535
 npwx =        7391
  subspace rotation first
 ndiag           1
  then cg diagonalization 

          k = 0.0000 0.0000 0.0000 (  7391 PWs)   bands (ev):

   -13.7334 -13.4889 -13.4889 -13.4890 -13.4890 -13.4890 -13.4889 -13.4890
   -13.4887 -13.4079 -13.4079 -13.4079 -13.4080 -13.4079 -13.4079 -13.2189
   -13.2173 -13.2191 -13.2179 -13.2191 -13.2192 -13.2168 -13.2177 -13.2187
   -13.2175 -13.2175 -13.2162 -13.2182 -13.2183 -13.2153 -13.2189 -13.1276
   -13.1275 -13.1276 -13.1276 -13.1276 -13.1275 -13.1276 -13.1274 -13.1276
   -13.1276 -13.1274 -13.1276 -13.1274 -13.1274 -13.1276 -13.1275 -13.1274
   -13.1276 -13.1272 -13.1272 -13.1272 -13.1273 -13.1274 -13.1276 -13.0359
   -13.0364 -13.0363 -13.0335 -13.0335 -13.0345 -13.0368 -13.0340 -13.0358
    -3.6837  -3.6837  -3.6837  -3.6837  -3.4664  -3.4663  -3.4664  -3.2409
    -3.2409  -3.2409  -3.2409  -3.2409  -3.2409  -3.2409  -3.2409  -3.2409
    -3.2409  -3.2409  -3.2409  -3.2409  -3.2409  -3.2409  -3.2409  -3.2409
    -3.2409  -3.2409  -3.2410  -3.2410  -3.2409  -3.2409  -3.2409  -3.0123
    -3.0123  -3.0124  -3.0123  -3.0123  -3.0121  -2.9768  -2.9768  -2.9769
    -2.9769  -2.9768  -2.9769  -2.9770  -2.9769  -2.9769  -2.9769  -2.9769
    -2.9769  -2.3127  -2.3128  -2.3129  -2.3129  -2.3127  -2.3128  -2.3125
    -2.3128  -2.2474  -2.2475  -2.2473  -2.2475  -2.2473  -2.2475  -2.1939
    -2.1939  -2.1938  -2.1939  -2.1938  -2.1938  -1.7801  -1.7800  -1.7799
    -1.7800  -1.7801  -1.7799  -1.7801  -1.7800  -1.7801  -1.7800  -1.7800
    -1.7801  -1.6954  -1.6954  -1.6954  -1.6954  -1.6955  -1.6954  -1.6954
    -1.6954  -1.6954  -1.6954  -1.6954  -1.6954  -1.6954  -1.6954  -1.6954
    -1.6954  -1.6954  -1.6954  -1.6954  -1.6954  -1.6954  -1.6954  -1.6953
    -1.6949  -1.6482  -1.6482  -1.6483  -1.6481  -1.6482  -1.6483  -1.3877
    -1.3877  -1.3876  -1.3876  -1.3876  -1.3877  -0.9896  -0.9896  -0.9896
    -0.9896  -0.9896  -0.9896  -0.9895  -0.9896  -0.9896  -0.9896  -0.9896
    -0.9896  -0.9896  -0.9896  -0.9896  -0.9895  -0.9896  -0.9896  -0.9896
    -0.9895  -0.9896  -0.9896  -0.9896  -0.9895  -0.7867  -0.7868  -0.7868
    -0.7867  -0.7867  -0.7868  -0.7868  -0.7867  -0.7868  -0.7867  -0.7867
    -0.7867  -0.5304  -0.5304  -0.5303  -0.5304  -0.5304  -0.5304  -0.5300
    -0.5300  -0.5298  -0.5303  -0.5303  -0.5055  -0.5285  -0.5051  -0.5052
    -0.5054  -0.5051  -0.5054  -0.5049  -0.5050  -0.2709  -0.2709  -0.2708
    -0.2709  -0.2709  -0.2708  -0.2709  -0.2709  -0.2709  -0.2708  -0.2708
    -0.2709  -0.2709  -0.2709  -0.2709  -0.2709   0.0001   0.0001   0.0000
     2.7095   4.2601   4.2602   4.2600   4.2601   4.3457   4.3456   4.3456
     4.3456   4.3456   4.3456   4.3456   4.3463   4.3588   4.3587   4.3584
     5.1767   5.1761   5.1762   5.2010   5.2010   5.2008   5.2010   5.2009
     5.2010   5.3055   5.3055   5.3055   5.3055   5.3055   5.3055   5.3055
     5.3054   5.3055   5.3055   5.3055   5.3055   5.3055   5.3055   5.3055
     5.3055   5.3055   5.3055   5.3055   5.3055   5.3055   5.3055   5.3055
     5.3055   5.8591   5.8591   5.8591   5.8591   5.8591   5.8591   5.8591
     5.8591   5.8591   5.8591   5.8591   5.8591   6.2226   6.2226   6.2226
     6.2226   6.2226   6.2226   6.7365   6.7365   6.7365   6.7365   6.7365
     6.7365   7.4519   7.4519   7.4519   7.4519   7.4519   7.4519   7.4519
     7.4519   7.4519   7.4519   7.4519   7.4519   7.4519   7.4519   7.4519
     7.4519   7.4519   7.4519   7.4519   7.4519   7.4519   7.4519   7.4519
     7.4518   7.6219   7.6222   7.6384   7.6227   7.6386   7.6386   7.6387
     7.6386   7.6386   7.6388   7.6388   7.6747   7.6747   7.6747   7.6747
     7.6746   7.6747   7.6747   7.6747   7.6747   7.6747   7.6747   7.6747
     7.8363   7.8363   7.8363   7.8363   7.8363   7.8363   8.0309   8.0309
     8.0309   8.0309   8.0311   8.0310   8.0581   8.0581   8.0582   8.0581
     8.0580   8.0581   8.0581   8.0581   8.0581   8.0582   8.0581   8.0582
     8.0581   8.0581   8.0581   8.0580   8.2844   8.2844   8.2844   8.2844
     8.2845   8.2845   8.2844   8.2844   8.3942   8.3955   8.3948   8.3965
     8.3956   8.3962   8.3944   8.3955   8.3961   8.3953   8.3960   8.3956
     8.3944   8.3964   8.3965   8.3970   8.3958   8.3957   8.3976   8.3978
     8.3967   8.3991   8.3968   8.3972   8.3985   8.3979   8.3967   8.3973
     8.3979   8.3970   8.3983   8.3990   8.3974   8.3993   8.3988   8.3985
     8.4314   8.4313   8.4313   8.4314   8.4314   8.4315   8.5620   8.5620
     8.5620   8.5620   8.5620   8.5620   8.9853   8.9853   8.9853   8.9853
     8.9853   8.9853   8.9853   8.9853   8.9853   8.9853   8.9853   8.9853
     9.6205   9.6205   9.6205   9.6205   9.6205   9.6205   9.6205   9.6205
     9.6205   9.6205   9.6205   9.6205   9.6205   9.6205   9.6206   9.6205
     9.6206   9.6205   9.6205   9.6205   9.6205   9.6206   9.6205   9.6205
     9.7646   9.7646   9.7646   9.7646   9.7646   9.7645   9.7646   9.7645
     9.7645   9.7646   9.7646   9.7646   9.9618   9.9618   9.9618   9.9618
 cg_iter, nhpsi, notconv, ethr           35       18863           0   9.9999999999999995E-007
     cg           :    335.62s CPU    336.26s WALL (       1 calls)
     rotwfck      :     15.37s CPU     15.43s WALL (       1 calls)
     rotwfck:hpsi :      2.66s CPU      2.69s WALL (       1 calls)
     rotwfck:hc   :      7.68s CPU      7.70s WALL (       1 calls)
     rotwfck:diag :      1.34s CPU      1.34s WALL (       1 calls)
     rotwfck:evc  :      3.69s CPU      3.70s WALL (       1 calls)
     ccgdiagg     :    320.25s CPU    320.83s WALL (       1 calls)
     h_psi        :      2.66s CPU      2.69s WALL (       1 calls)
     hs_1psi      :     98.62s CPU     98.98s WALL (   18351 calls)
     s_1psi       :      0.21s CPU      0.20s WALL (   18351 calls)

  general FFT  routines
     fftw         :     84.56s CPU     85.20s WALL (   37726 calls)
     ffts         :      0.00s CPU      0.01s WALL

