Loading intel-oneapi-mkl/2024.0.0--intel-oneapi-mpi--2021.12.1
  Loading requirement: intel-oneapi-mpi/2021.12.1 intel-oneapi-tbb/2021.12.0
Build successful!

========================================
EXERCISE 4
========================================

--- nk=, npool (cegterg) ---
 parallel MPI defs : np=          32 nb=           1   nd=           0  nk=
           1
 nks >
          54          54          54        5832
 ngm =        1653
 npwx =         208

          k = 0.0000 0.0000 0.0000 (   205 PWs)   bands (ev):

   -12.6369 -11.8184 -11.8184 -11.8184 -11.8184 -11.8184 -11.8184 -11.8184
   -11.8184 -11.5274 -11.5274 -11.5274 -11.5274 -11.5274 -11.5274 -10.5422
   -10.5422 -10.5422 -10.5422 -10.5422 -10.5422 -10.5422 -10.5422 -10.5422
   -10.5422 -10.5422 -10.5422 -10.2593 -10.2593 -10.2593 -10.2593  -9.8478
    -9.8478  -9.8478  -9.8478  -9.8478  -9.8478  -9.8478  -9.8478  -9.8478
    -9.8478  -9.8478  -9.8478  -9.8478  -9.8478  -9.8478  -9.8478  -9.8478
    -9.8478  -9.8478  -9.8478  -9.8478  -9.8478  -9.8478  -9.8478  -8.3557
    -8.3557  -8.3557  -8.3557  -8.3557  -8.3557  -8.1969  -8.1969  -8.1969
    -8.1969  -8.1969  -8.1969  -8.1969  -8.1969  -8.1969  -8.1969  -8.1969
    -8.1969  -7.3882  -7.3882  -7.3882  -7.3882  -6.8262  -6.8262  -6.8262
    -6.8262  -6.8262  -6.8262  -6.8262  -6.8262  -6.8262  -6.8262  -6.8262
    -6.8262  -6.8262  -6.8262  -6.8262  -6.8262  -6.8262  -6.8262  -6.8262
    -6.8262  -6.8262  -6.8262  -6.8262  -6.8262  -5.8726  -5.8726  -5.8726
    -5.8726  -5.8726  -5.8726  -5.8726  -5.8726  -5.8726  -5.8726  -5.8726
    -5.8726  -4.1811  -4.1811  -4.1811  -4.1811  -4.1811  -4.1811  -4.1811
    -4.1811  -4.0409  -4.0409  -4.0409  -4.0409  -4.0409  -4.0409  -4.0409
    -4.0409  -4.0409  -4.0409  -4.0409  -4.0409  -3.9306  -3.9306  -3.9306
    -3.9306  -3.9306  -3.9306  -3.9306  -3.9306  -3.9306  -3.9306  -3.9306
    -3.9306  -3.7798  -3.7798  -3.7798  -3.7798  -3.7798  -3.7798  -3.7165
    -3.7165  -3.7165  -3.7165  -3.7165  -3.7165  -3.7165  -3.7165  -3.7165
    -3.7165  -3.7165  -3.7165  -3.7165  -3.7165  -3.7165  -3.7165  -3.7165
    -3.7165  -3.7165  -3.7165  -3.7165  -3.7165  -3.7165  -3.7165  -3.0211
    -3.0211  -3.0211  -3.0211  -3.0211  -3.0211  -2.3140  -2.3140  -2.3140
    -2.3140  -2.3140  -2.3140  -2.3140  -2.3140  -2.3140  -2.3140  -2.3140
    -2.3140  -2.3140  -2.3140  -2.3140  -2.3140  -2.3140  -2.3140  -2.3140
    -2.3140  -2.3140  -2.3140  -2.3140  -2.3140  -1.9654  -1.9654  -1.9654
    -1.9654  -1.9654  -1.9654  -1.9654  -1.9654  -1.9654  -1.9654  -1.9654
    -1.9654  -1.3657  -1.3657  -1.3657  -1.3657  -1.3657  -1.3657  -1.3657
    -1.3657  -1.3657  -1.3657  -1.3657  -1.3657  -1.2491  -1.2491  -1.2491
    -1.2491  -1.2491  -1.2491  -1.2491  -1.2491  -0.7705  -0.7705  -0.7705
    -0.7705  -0.7705  -0.7705  -0.7705  -0.7705  -0.7705  -0.7705  -0.7705
    -0.7705  -0.7705  -0.7705  -0.7705  -0.7705  -0.0000  -0.0000   0.0000
     0.9305   0.9305   0.9305   0.9305   0.9305   0.9305   1.4907   1.4907
     1.4907   1.4907   1.4907   1.4907   1.8338   1.8338   1.8338   1.8338
     1.8338   1.8338   1.8338   1.8338   1.8338   1.8338   1.8338   1.8338
     1.8338   1.8338   1.8338   1.8338   1.8338   1.8338   1.8338   1.8338
     1.8338   1.8338   1.8338   1.8338   1.8752   1.8752   1.8752   1.8752
     2.4608   2.4608   2.4608   2.4608   2.4608   2.4608   2.4608   2.4608
     2.9155   2.9155   2.9155   2.9155   2.9155   2.9155   2.9155   2.9155
     2.9155   2.9155   2.9155   2.9155   3.4229   3.4229   3.4229   3.4897
     3.4897   3.4897   3.4897   3.4897   3.4897   3.8840   3.9800   3.9800
     3.9800   3.9800   3.9800   3.9800   3.9800   3.9800   4.3560   4.3560
     4.3560   4.3560   4.3560   4.3560   4.3560   4.3560   4.3560   4.3560
     4.3560   4.3560   4.3560   4.3560   4.3560   4.3560   4.6726   4.6726
     4.6726   4.6726   4.6726   4.6726   4.6726   4.6726   4.6726   4.6726
     4.6726   4.6726   4.9075   4.9075   4.9075   4.9075   4.9075   4.9075
     4.9075   4.9075   4.9075   4.9075   4.9075   4.9075   4.9075   4.9075
     4.9075   4.9075   4.9075   4.9075   4.9075   4.9075   4.9075   4.9075
     4.9075   4.9075   5.6625   5.6625   5.6625   5.6625   5.6625   5.6625
     5.6625   5.6625   5.6625   5.6625   5.6625   5.6625   5.8483   5.8483
     5.8483   5.8483   5.8483   5.8483   5.8483   5.8483   5.8483   5.8483
     5.8483   5.8483   5.9297   5.9297   5.9297   5.9297   5.9297   5.9297
     5.9297   5.9297   5.9297   5.9297   5.9297   5.9297   6.7719   6.7719
     6.7719   6.7719   6.7719   6.7719   6.7719   6.7719   6.7719   6.7719
     6.7719   6.7719   6.7792   6.7792   6.7792   6.7792   6.7792   6.7792
     6.7792   6.7792   6.7792   6.7792   6.7792   6.7792   6.7792   6.7792
     6.7792   6.7792   6.7792   6.7792   6.7792   6.7792   6.7792   6.7792
     6.7792   6.7792   6.8544   6.8544   6.8544   6.8544   6.8544   6.8544
     6.8544   6.8544   6.8544   6.8544   6.8544   6.8544   6.8544   6.8544
     6.8544   6.8544   6.8544   6.8544   6.8544   6.8544   6.8544   6.8544
     6.8544   6.8544   7.0649   7.0649   7.0649   7.0649   7.0649   7.0649
     7.0649   7.0649   7.0649   7.0649   7.0649   7.0649   7.1341   7.1341
     7.1341   7.1341   7.1341   7.1341   7.1341   7.1341   7.1341   7.1341
     7.1341   7.1341   7.5398   7.6590   7.6590   7.6590   7.6590   7.6590

          k = 0.0000 0.0000 0.1000 (   205 PWs)   bands (ev):

   -12.6341 -11.8686 -11.8686 -11.8686 -11.8686 -11.7630 -11.7630 -11.7630
   -11.7630 -11.6346 -11.5248 -11.5248 -11.5248 -11.5248 -11.4149 -10.6348
   -10.6348 -10.6348 -10.6348 -10.5407 -10.5407 -10.5407 -10.5407 -10.4457
   -10.4457 -10.4457 -10.4457 -10.2614 -10.2614 -10.2614 -10.2614  -9.9798
    -9.9798  -9.9798  -9.9798  -9.8685  -9.8685  -9.8685  -9.8685  -9.8685
    -9.8685  -9.8685  -9.8685  -9.8265  -9.8265  -9.8265  -9.8265  -9.8265
    -9.8265  -9.8265  -9.8265  -9.7147  -9.7147  -9.7147  -9.7147  -8.5560
    -8.3548  -8.3548  -8.3548  -8.3548  -8.3185  -8.3185  -8.3185  -8.3185
    -8.1976  -8.1976  -8.1976  -8.1976  -8.1518  -8.0766  -8.0766  -8.0766
    -8.0766  -7.3814  -7.3814  -7.3814  -7.3814  -6.9394  -6.9394  -6.9394
    -6.9394  -6.8894  -6.8894  -6.8894  -6.8894  -6.8894  -6.8894  -6.8894
    -6.8894  -6.7625  -6.7625  -6.7625  -6.7625  -6.7625  -6.7625  -6.7625
    -6.7625  -6.7114  -6.7114  -6.7114  -6.7114  -5.9971  -5.9971  -5.9971
    -5.9971  -5.8894  -5.8894  -5.8894  -5.8894  -5.7492  -5.7492  -5.7492
    -5.7492  -4.3395  -4.3395  -4.3395  -4.3395  -4.1258  -4.1258  -4.1258
    -4.1258  -4.0335  -4.0335  -4.0335  -4.0335  -4.0208  -4.0208  -4.0208
    -4.0208  -4.0208  -4.0144  -4.0144  -4.0144  -4.0144  -3.9454  -3.9454
    -3.9454  -3.9454  -3.9092  -3.9092  -3.9092  -3.9092  -3.8588  -3.8588
    -3.8588  -3.8588  -3.8426  -3.8426  -3.8426  -3.8426  -3.7913  -3.7913
    -3.7913  -3.7913  -3.7141  -3.7141  -3.7141  -3.7141  -3.7141  -3.7141
    -3.7141  -3.7141  -3.7137  -3.7137  -3.7137  -3.7137  -3.7137  -3.7137
    -3.7137  -3.7137  -3.5599  -3.5599  -3.5599  -3.5599  -3.5387  -3.0295
    -3.0295  -3.0295  -3.0295  -3.0184  -3.0184  -2.3603  -2.3603  -2.3603
    -2.3603  -2.3603  -2.3603  -2.3603  -2.3603  -2.3586  -2.3586  -2.3586
    -2.3586  -2.2773  -2.2773  -2.2773  -2.2773  -2.2773  -2.2773  -2.2773
    -2.2773  -2.2650  -2.2650  -2.2650  -2.2650  -2.0638  -2.0638  -1.9779
    -1.9779  -1.9779  -1.9779  -1.9572  -1.9572  -1.9572  -1.9572  -1.8629
    -1.8629  -1.4461  -1.4461  -1.4461  -1.4461  -1.3650  -1.3650  -1.3650
    -1.3650  -1.3094  -1.3094  -1.3094  -1.3094  -1.2690  -1.2690  -1.2690
    -1.2690  -1.2499  -1.2499  -1.2499  -1.2499  -0.8536  -0.8536  -0.8536
    -0.8536  -0.8091  -0.8091  -0.8091  -0.8091  -0.7579  -0.7579  -0.7579
    -0.7579  -0.6902  -0.6902  -0.6902  -0.6902  -0.0200  -0.0113  -0.0113
     0.8899   0.9465   0.9465   0.9465   0.9465   0.9790   1.4022   1.5091
     1.5091   1.5091   1.5091   1.5846   1.7677   1.7677   1.7677   1.7677
     1.7960   1.7960   1.7960   1.7960   1.7960   1.7960   1.7960   1.7960
     1.8934   1.8934   1.8934   1.8934   1.9017   1.9017   1.9017   1.9017
     1.9017   1.9017   1.9017   1.9017   1.9084   1.9084   1.9084   1.9084
     2.4452   2.4452   2.4452   2.4452   2.5154   2.5154   2.5154   2.5154
     2.8457   2.8457   2.8457   2.8457   2.9166   2.9166   2.9166   2.9166
     3.0100   3.0100   3.0100   3.0100   3.2875   3.4117   3.4385   3.4385
     3.4997   3.4997   3.4997   3.4997   3.6973   3.9045   3.9774   3.9774
     3.9774   3.9774   3.9863   3.9863   3.9863   3.9863   4.2972   4.2972
     4.2972   4.2972   4.2982   4.2982   4.2982   4.2982   4.4046   4.4046
     4.4046   4.4046   4.4235   4.4235   4.4235   4.4235   4.5684   4.5684
     4.5684   4.5684   4.5908   4.5908   4.5908   4.5908   4.6673   4.6673
     4.6673   4.6673   4.6673   4.6673   4.6673   4.6673   4.7592   4.7592
     4.7592   4.7592   4.8534   4.8534   4.8534   4.8534   4.9641   4.9641
     4.9641   4.9641   5.1376   5.1376   5.1376   5.1376   5.1376   5.1376
     5.1376   5.1376   5.4413   5.4413   5.4413   5.4413   5.6200   5.6200
     5.6200   5.6200   5.6749   5.6749   5.6749   5.6749   5.7499   5.7499
     5.7499   5.7499   5.8825   5.8825   5.8825   5.8825   5.9125   5.9125
     5.9125   5.9125   5.9523   5.9523   5.9523   5.9523   5.9821   5.9821
     5.9821   5.9821   6.1552   6.1552   6.1552   6.1552   6.5227   6.5227
     6.5227   6.5227   6.5227   6.5227   6.5227   6.5227   6.5395   6.5395
     6.5395   6.5395   6.5945   6.5945   6.5945   6.5945   6.6712   6.6712
     6.6712   6.6712   6.7408   6.7408   6.7408   6.7408   6.7845   6.7845
     6.7845   6.7845   6.7845   6.7845   6.7845   6.7845   6.8074   6.8074
     6.8272   6.8272   6.8272   6.8272   6.8523   6.8523   6.8523   6.8523
     6.8523   6.8523   6.8523   6.8523   7.0136   7.0136   7.0136   7.0136
     7.0259   7.0259   7.0259   7.0259   7.0437   7.0437   7.0437   7.0437
     7.0597   7.0597   7.0597   7.0597   7.1362   7.1362   7.1362   7.1362
     7.1362   7.1362   7.1362   7.1362   7.1457   7.1457   7.1457   7.1457
     7.1812   7.1812   7.1812   7.1812   7.3253   7.3253   7.3340   7.3340
     7.3340   7.3340   7.4746   7.4746   7.4746   7.4747   7.5431   7.5432

          k = 0.0000 0.0000 0.2000 (   205 PWs)   bands (ev):

   -12.6257 -11.9136 -11.9136 -11.9136 -11.9136 -11.7365 -11.7025 -11.7025
   -11.7025 -11.7025 -11.5171 -11.5171 -11.5171 -11.5171 -11.2972 -10.7234
   -10.7234 -10.7234 -10.7234 -10.5363 -10.5363 -10.5363 -10.5363 -10.3456
   -10.3456 -10.3456 -10.3456 -10.2677 -10.2677 -10.2677 -10.2677 -10.1101
   -10.1101 -10.1101 -10.1101  -9.8882  -9.8882  -9.8882  -9.8882  -9.8882
    -9.8882  -9.8882  -9.8882  -9.8051  -9.8051  -9.8051  -9.8051  -9.8051
    -9.8051  -9.8051  -9.8051  -9.5814  -9.5814  -9.5814  -9.5814  -8.7524
    -8.4413  -8.4413  -8.4413  -8.4413  -8.3516  -8.3516  -8.3516  -8.3516
    -8.2009  -8.2009  -8.2009  -8.2009  -7.9573  -7.9573  -7.9573  -7.9573
    -7.9444  -7.3611  -7.3611  -7.3611  -7.3611  -7.0524  -7.0524  -7.0524
    -7.0524  -6.9508  -6.9508  -6.9508  -6.9508  -6.9508  -6.9508  -6.9508
    -6.9508  -6.7001  -6.7001  -6.7001  -6.7001  -6.7001  -6.7001  -6.7001
    -6.7001  -6.5978  -6.5978  -6.5978  -6.5978  -6.1187  -6.1187  -6.1187
    -6.1187  -5.9385  -5.9385  -5.9385  -5.9385  -5.6244  -5.6244  -5.6244
    -5.6244  -4.4956  -4.4956  -4.4956  -4.4956  -4.2616  -4.2008  -4.2008
    -4.2008  -4.2008  -4.0928  -4.0928  -4.0928  -4.0928  -4.0185  -4.0185
    -4.0185  -4.0185  -3.9894  -3.9894  -3.9894  -3.9894  -3.8593  -3.8593
    -3.8593  -3.8593  -3.8489  -3.8489  -3.8489  -3.8489  -3.8378  -3.8378
    -3.8378  -3.8378  -3.8251  -3.8251  -3.8251  -3.8251  -3.7481  -3.7481
    -3.7481  -3.7481  -3.7076  -3.7076  -3.7076  -3.7076  -3.7076  -3.7076
    -3.7076  -3.7076  -3.7066  -3.7066  -3.7066  -3.7066  -3.7066  -3.7066
    -3.7066  -3.7066  -3.3976  -3.3976  -3.3976  -3.3976  -3.2979  -3.0479
    -3.0479  -3.0479  -3.0479  -3.0103  -3.0103  -2.4205  -2.4205  -2.4205
    -2.4205  -2.4205  -2.4205  -2.4205  -2.4205  -2.3957  -2.3957  -2.3957
    -2.3957  -2.2535  -2.2535  -2.2535  -2.2535  -2.2535  -2.2535  -2.2535
    -2.2535  -2.2116  -2.2116  -2.2116  -2.2116  -2.1579  -2.1579  -2.0145
    -2.0145  -2.0145  -2.0145  -1.9333  -1.9333  -1.9333  -1.9333  -1.7564
    -1.7564  -1.5399  -1.5399  -1.5399  -1.5399  -1.3632  -1.3632  -1.3632
    -1.3632  -1.3273  -1.3273  -1.3273  -1.3273  -1.2711  -1.2711  -1.2711
    -1.2711  -1.2524  -1.2524  -1.2524  -1.2524  -0.9403  -0.9403  -0.9403
    -0.9403  -0.8738  -0.8738  -0.8738  -0.8738  -0.7897  -0.7897  -0.7897
    -0.7897  -0.6102  -0.6102  -0.6102  -0.6102  -0.0786  -0.0445  -0.0445
     0.8571   1.0025   1.0025   1.0025   1.0025   1.0354   1.3191   1.5634
     1.5634   1.5634   1.5634   1.6835   1.7102   1.7102   1.7102   1.7102
     1.7850   1.7850   1.7850   1.7850   1.7850   1.7850   1.7850   1.7850
     1.9463   1.9463   1.9463   1.9463   1.9861   1.9861   1.9861   1.9861
     1.9964   1.9964   1.9964   1.9964   1.9964   1.9964   1.9964   1.9964
     2.4570   2.4570   2.4570   2.4570   2.6075   2.6075   2.6075   2.6075
     2.8052   2.8052   2.8052   2.8052   2.9189   2.9189   2.9189   2.9189
     3.0914   3.1312   3.1312   3.1312   3.1312   3.3785   3.4845   3.4845
     3.5296   3.5296   3.5296   3.5296   3.9089   3.9647   3.9699   3.9699
     3.9699   3.9699   4.0053   4.0053   4.0053   4.0053   4.2311   4.2311
     4.2311   4.2311   4.2494   4.2494   4.2494   4.2494   4.3860   4.3860
     4.3860   4.3860   4.4250   4.4250   4.4250   4.4250   4.4250   4.4250
     4.4250   4.4250   4.4401   4.4401   4.4401   4.4401   4.4470   4.4470
     4.4470   4.4470   4.4938   4.4938   4.4938   4.4938   4.8033   4.8033
     4.8033   4.8033   4.8254   4.8254   4.8254   4.8254   5.0200   5.0200
     5.0200   5.0200   5.1548   5.1548   5.1548   5.1548   5.3134   5.3134
     5.3134   5.3134   5.3134   5.3134   5.3134   5.3134   5.4982   5.4982
     5.4982   5.4982   5.6199   5.6199   5.6199   5.6199   5.6917   5.6917
     5.6917   5.6917   5.7642   5.7642   5.7642   5.7642   5.9735   5.9735
     5.9735   5.9735   6.1437   6.1437   6.1437   6.1437   6.1786   6.1786
     6.1786   6.1786   6.2801   6.2801   6.2801   6.2801   6.2801   6.2801
     6.2801   6.2801   6.3099   6.3099   6.3099   6.3099   6.3361   6.3361
     6.3361   6.3361   6.4532   6.4532   6.4532   6.4532   6.4942   6.4942
     6.4942   6.4942   6.5531   6.5531   6.6402   6.6402   6.6402   6.6402
     6.7632   6.7632   6.7632   6.7632   6.7632   6.7632   6.7632   6.7632
     6.8740   6.8740   6.8740   6.8740   6.8842   6.8842   6.8842   6.8842
     6.8842   6.8842   6.8842   6.8842   6.9662   6.9662   6.9662   6.9662
     7.0441   7.0441   7.0441   7.0441   7.2448   7.2448   7.2448   7.2448
     7.2585   7.2585   7.2585   7.2585   7.2800   7.2800   7.2800   7.2800
     7.3059   7.3059   7.3059   7.3059   7.3074   7.3074   7.3074   7.3074
     7.3731   7.3731   7.3731   7.3731   7.3832   7.3832   7.3832   7.3832
     7.4601   7.4601   7.4601   7.4601   7.4601   7.4601   7.4601   7.4601

          k = 0.0000 0.0000 0.3000 (   202 PWs)   bands (ev):

   -12.6117 -11.9533 -11.9533 -11.9533 -11.9533 -11.8331 -11.6370 -11.6370
   -11.6370 -11.6370 -11.5044 -11.5044 -11.5044 -11.5044 -11.1744 -10.8079
   -10.8079 -10.8079 -10.8079 -10.5291 -10.5291 -10.5291 -10.5291 -10.2776
   -10.2776 -10.2776 -10.2776 -10.2420 -10.2420 -10.2420 -10.2420 -10.2381
   -10.2381 -10.2381 -10.2381  -9.9065  -9.9065  -9.9065  -9.9065  -9.9065
    -9.9065  -9.9065  -9.9065  -9.7841  -9.7841  -9.7841  -9.7841  -9.7841
    -9.7841  -9.7841  -9.7841  -9.4489  -9.4489  -9.4489  -9.4489  -8.9450
    -8.5651  -8.5651  -8.5651  -8.5651  -8.3473  -8.3473  -8.3473  -8.3473
    -8.2061  -8.2061  -8.2061  -8.2061  -7.8397  -7.8397  -7.8397  -7.8397
    -7.7336  -7.3266  -7.3266  -7.3266  -7.3266  -7.1650  -7.1650  -7.1650
    -7.1650  -7.0079  -7.0079  -7.0079  -7.0079  -7.0079  -7.0079  -7.0079
    -7.0079  -6.6402  -6.6402  -6.6402  -6.6402  -6.6402  -6.6402  -6.6402
    -6.6402  -6.4837  -6.4837  -6.4837  -6.4837  -6.2380  -6.2380  -6.2380
    -6.2380  -6.0127  -6.0127  -6.0127  -6.0127  -5.4982  -5.4982  -5.4982
    -5.4982  -4.6488  -4.6488  -4.6488  -4.6488  -4.5020  -4.2655  -4.2655
    -4.2655  -4.2655  -4.1620  -4.1620  -4.1620  -4.1620  -4.1073  -4.1073
    -4.1073  -4.1073  -3.9937  -3.9937  -3.9937  -3.9937  -3.8791  -3.8791
    -3.8791  -3.8791  -3.7520  -3.7520  -3.7520  -3.7520  -3.7227  -3.7227
    -3.7227  -3.7227  -3.6982  -3.6982  -3.6982  -3.6982  -3.6944  -3.6944
    -3.6944  -3.6944  -3.6944  -3.6944  -3.6944  -3.6944  -3.6931  -3.6931
    -3.6931  -3.6931  -3.6931  -3.6931  -3.6931  -3.6931  -3.6481  -3.6481
    -3.6481  -3.6481  -3.2282  -3.2282  -3.2282  -3.2282  -3.0884  -3.0884
    -3.0884  -3.0884  -3.0576  -2.9969  -2.9969  -2.4867  -2.4867  -2.4867
    -2.4867  -2.4867  -2.4867  -2.4867  -2.4867  -2.4313  -2.4313  -2.4313
    -2.4313  -2.2476  -2.2476  -2.2390  -2.2390  -2.2390  -2.2390  -2.2390
    -2.2390  -2.2390  -2.2390  -2.1545  -2.1545  -2.1545  -2.1545  -2.0731
    -2.0731  -2.0731  -2.0731  -1.8956  -1.8956  -1.8956  -1.8956  -1.6503
    -1.6503  -1.6503  -1.6503  -1.6464  -1.6464  -1.4189  -1.4189  -1.4189
    -1.4189  -1.3596  -1.3596  -1.3596  -1.3596  -1.2564  -1.2564  -1.2564
    -1.2564  -1.2504  -1.2504  -1.2504  -1.2504  -1.0288  -1.0288  -1.0288
    -1.0288  -0.9681  -0.9681  -0.9681  -0.9681  -0.8553  -0.8553  -0.8553
    -0.8553  -0.5408  -0.5408  -0.5408  -0.5408  -0.1724  -0.0978  -0.0978
     0.8320   1.0810   1.0810   1.0810   1.0810   1.1000   1.2419   1.6513
     1.6513   1.6513   1.6513   1.6569   1.6569   1.6569   1.6569   1.7871
     1.8025   1.8025   1.8025   1.8025   1.8025   1.8025   1.8025   1.8025
     2.0294   2.0294   2.0294   2.0294   2.0686   2.0686   2.0686   2.0686
     2.1203   2.1203   2.1203   2.1203   2.1203   2.1203   2.1203   2.1203
     2.4966   2.4966   2.4966   2.4966   2.7210   2.7210   2.7210   2.7210
     2.7920   2.7920   2.7920   2.7920   2.9024   2.9230   2.9230   2.9230
     2.9230   3.2775   3.2775   3.2775   3.2775   3.3251   3.5592   3.5592
     3.5791   3.5791   3.5791   3.5791   3.9626   3.9626   3.9626   3.9626
     4.0368   4.0368   4.0368   4.0368   4.0606   4.1225   4.1319   4.1319
     4.1319   4.1319   4.1636   4.1636   4.1636   4.1636   4.1859   4.1859
     4.1859   4.1859   4.1859   4.1859   4.1859   4.1859   4.2035   4.2035
     4.2035   4.2035   4.3080   4.3080   4.3080   4.3080   4.4545   4.4545
     4.4545   4.4545   4.5705   4.5705   4.5705   4.5705   4.7582   4.7582
     4.7582   4.7582   4.8609   4.8609   4.8609   4.8609   4.8784   4.8784
     4.8784   4.8784   5.0660   5.0660   5.0660   5.0660   5.3391   5.3391
     5.3391   5.3391   5.3558   5.3558   5.3558   5.3558   5.3558   5.3558
     5.3558   5.3558   5.5565   5.5565   5.5565   5.5565   5.6173   5.6173
     5.6173   5.6173   5.6548   5.6548   5.6548   5.6548   6.0486   6.0486
     6.0486   6.0486   6.0689   6.0689   6.0689   6.0689   6.0878   6.0878
     6.0878   6.0878   6.1786   6.1786   6.1786   6.1786   6.1786   6.1786
     6.1786   6.1786   6.3023   6.3023   6.3191   6.3191   6.3191   6.3191
     6.3302   6.3302   6.3302   6.3302   6.4687   6.4687   6.4687   6.4687
     6.5290   6.5290   6.5290   6.5290   6.6747   6.6747   6.6747   6.6747
     6.7434   6.7434   6.7434   6.7434   6.7434   6.7434   6.7434   6.7434
     6.7636   6.7636   6.7636   6.7636   6.9267   6.9267   6.9267   6.9267
     6.9267   6.9267   6.9267   6.9267   7.0185   7.0185   7.0185   7.0185
     7.1474   7.1474   7.1474   7.1474   7.1497   7.1497   7.1497   7.1497
     7.1533   7.1533   7.1533   7.1533   7.2126   7.2126   7.2126   7.2126
     7.3937   7.3937   7.3937   7.3937   7.4464   7.4464   7.4464   7.4464
     7.4901   7.4901   7.4901   7.4901   7.5343   7.5343   7.5343   7.5343
     7.6963   7.7849   7.7849   7.7849   7.7850   7.7850   7.7850   7.7871

          k = 0.0000 0.1000 0.0000 (   205 PWs)   bands (ev):

   -12.6341 -11.8686 -11.8686 -11.8686 -11.8686 -11.7630 -11.7630 -11.7630
   -11.7630 -11.6346 -11.5248 -11.5248 -11.5248 -11.5248 -11.4149 -10.6348
   -10.6348 -10.6348 -10.6348 -10.5407 -10.5407 -10.5407 -10.5407 -10.4457
   -10.4457 -10.4457 -10.4457 -10.2614 -10.2614 -10.2614 -10.2614  -9.9798
    -9.9798  -9.9798  -9.9798  -9.8685  -9.8685  -9.8685  -9.8685  -9.8685
    -9.8685  -9.8685  -9.8685  -9.8265  -9.8265  -9.8265  -9.8265  -9.8265
    -9.8265  -9.8265  -9.8265  -9.7147  -9.7147  -9.7147  -9.7147  -8.5560
    -8.3548  -8.3548  -8.3548  -8.3548  -8.3185  -8.3185  -8.3185  -8.3185
    -8.1976  -8.1976  -8.1976  -8.1976  -8.1518  -8.0766  -8.0766  -8.0766
    -8.0766  -7.3814  -7.3814  -7.3814  -7.3814  -6.9394  -6.9394  -6.9394
    -6.9394  -6.8894  -6.8894  -6.8894  -6.8894  -6.8894  -6.8894  -6.8894
    -6.8894  -6.7625  -6.7625  -6.7625  -6.7625  -6.7625  -6.7625  -6.7625
    -6.7625  -6.7114  -6.7114  -6.7114  -6.7114  -5.9971  -5.9971  -5.9971
    -5.9971  -5.8894  -5.8894  -5.8894  -5.8894  -5.7492  -5.7492  -5.7492
    -5.7492  -4.3395  -4.3395  -4.3395  -4.3395  -4.1258  -4.1258  -4.1258
    -4.1258  -4.0335  -4.0335  -4.0335  -4.0335  -4.0208  -4.0208  -4.0208
    -4.0208  -4.0208  -4.0144  -4.0144  -4.0144  -4.0144  -3.9454  -3.9454
    -3.9454  -3.9454  -3.9092  -3.9092  -3.9092  -3.9092  -3.8588  -3.8588
    -3.8588  -3.8588  -3.8426  -3.8426  -3.8426  -3.8426  -3.7913  -3.7913
    -3.7913  -3.7913  -3.7141  -3.7141  -3.7141  -3.7141  -3.7141  -3.7141
    -3.7141  -3.7141  -3.7137  -3.7137  -3.7137  -3.7137  -3.7137  -3.7137
    -3.7137  -3.7137  -3.5599  -3.5599  -3.5599  -3.5599  -3.5387  -3.0295
    -3.0295  -3.0295  -3.0295  -3.0184  -3.0184  -2.3603  -2.3603  -2.3603
    -2.3603  -2.3603  -2.3603  -2.3603  -2.3603  -2.3586  -2.3586  -2.3586
    -2.3586  -2.2773  -2.2773  -2.2773  -2.2773  -2.2773  -2.2773  -2.2773
    -2.2773  -2.2650  -2.2650  -2.2650  -2.2650  -2.0638  -2.0638  -1.9779
    -1.9779  -1.9779  -1.9779  -1.9572  -1.9572  -1.9572  -1.9572  -1.8629
    -1.8629  -1.4461  -1.4461  -1.4461  -1.4461  -1.3650  -1.3650  -1.3650
    -1.3650  -1.3094  -1.3094  -1.3094  -1.3094  -1.2690  -1.2690  -1.2690
    -1.2690  -1.2499  -1.2499  -1.2499  -1.2499  -0.8536  -0.8536  -0.8536
    -0.8536  -0.8091  -0.8091  -0.8091  -0.8091  -0.7579  -0.7579  -0.7579
    -0.7579  -0.6902  -0.6902  -0.6902  -0.6902  -0.0200  -0.0113  -0.0113
     0.8899   0.9465   0.9465   0.9465   0.9465   0.9790   1.4022   1.5091
     1.5091   1.5091   1.5091   1.5846   1.7677   1.7677   1.7677   1.7677
     1.7960   1.7960   1.7960   1.7960   1.7960   1.7960   1.7960   1.7960
     1.8934   1.8934   1.8934   1.8934   1.9017   1.9017   1.9017   1.9017
     1.9017   1.9017   1.9017   1.9017   1.9084   1.9084   1.9084   1.9084
     2.4452   2.4452   2.4452   2.4452   2.5154   2.5154   2.5154   2.5154
     2.8457   2.8457   2.8457   2.8457   2.9166   2.9166   2.9166   2.9166
     3.0100   3.0100   3.0100   3.0100   3.2875   3.4117   3.4385   3.4385
     3.4997   3.4997   3.4997   3.4997   3.6973   3.9045   3.9774   3.9774
     3.9774   3.9774   3.9863   3.9863   3.9863   3.9863   4.2972   4.2972
     4.2972   4.2972   4.2982   4.2982   4.2982   4.2982   4.4046   4.4046
     4.4046   4.4046   4.4235   4.4235   4.4235   4.4235   4.5684   4.5684
     4.5684   4.5684   4.5908   4.5908   4.5908   4.5908   4.6673   4.6673
     4.6673   4.6673   4.6673   4.6673   4.6673   4.6673   4.7592   4.7592
     4.7592   4.7592   4.8534   4.8534   4.8534   4.8534   4.9641   4.9641
     4.9641   4.9641   5.1376   5.1376   5.1376   5.1376   5.1376   5.1376
     5.1376   5.1376   5.4413   5.4413   5.4413   5.4413   5.6200   5.6200
     5.6200   5.6200   5.6749   5.6749   5.6749   5.6749   5.7499   5.7499
     5.7499   5.7499   5.8825   5.8825   5.8825   5.8825   5.9125   5.9125
     5.9125   5.9125   5.9523   5.9523   5.9523   5.9523   5.9821   5.9821
     5.9821   5.9821   6.1552   6.1552   6.1552   6.1552   6.5227   6.5227
     6.5227   6.5227   6.5227   6.5227   6.5227   6.5227   6.5395   6.5395
     6.5395   6.5395   6.5945   6.5945   6.5945   6.5945   6.6712   6.6712
     6.6712   6.6712   6.7408   6.7408   6.7408   6.7408   6.7845   6.7845
     6.7845   6.7845   6.7845   6.7845   6.7845   6.7845   6.8074   6.8074
     6.8272   6.8272   6.8272   6.8272   6.8523   6.8523   6.8523   6.8523
     6.8523   6.8523   6.8523   6.8523   7.0136   7.0136   7.0136   7.0136
     7.0259   7.0259   7.0259   7.0259   7.0437   7.0437   7.0437   7.0437
     7.0597   7.0597   7.0597   7.0597   7.1362   7.1362   7.1362   7.1362
     7.1362   7.1362   7.1362   7.1362   7.1457   7.1457   7.1457   7.1457
     7.1812   7.1812   7.1812   7.1812   7.3253   7.3253   7.3340   7.3340
     7.3340   7.3340   7.4746   7.4746   7.4747   7.4748   7.5432   7.5435

          k = 0.0000 0.2000 0.0000 (   208 PWs)   bands (ev):

   -12.6257 -11.9136 -11.9136 -11.9136 -11.9136 -11.7365 -11.7025 -11.7025
   -11.7025 -11.7025 -11.5171 -11.5171 -11.5171 -11.5171 -11.2972 -10.7234
   -10.7234 -10.7234 -10.7234 -10.5363 -10.5363 -10.5363 -10.5363 -10.3456
   -10.3456 -10.3456 -10.3456 -10.2677 -10.2677 -10.2677 -10.2677 -10.1101
   -10.1101 -10.1101 -10.1101  -9.8882  -9.8882  -9.8882  -9.8882  -9.8882
    -9.8882  -9.8882  -9.8882  -9.8051  -9.8051  -9.8051  -9.8051  -9.8051
    -9.8051  -9.8051  -9.8051  -9.5814  -9.5814  -9.5814  -9.5814  -8.7524
    -8.4413  -8.4413  -8.4413  -8.4413  -8.3516  -8.3516  -8.3516  -8.3516
    -8.2009  -8.2009  -8.2009  -8.2009  -7.9573  -7.9573  -7.9573  -7.9573
    -7.9444  -7.3611  -7.3611  -7.3611  -7.3611  -7.0524  -7.0524  -7.0524
    -7.0524  -6.9508  -6.9508  -6.9508  -6.9508  -6.9508  -6.9508  -6.9508
    -6.9508  -6.7001  -6.7001  -6.7001  -6.7001  -6.7001  -6.7001  -6.7001
    -6.7001  -6.5978  -6.5978  -6.5978  -6.5978  -6.1187  -6.1187  -6.1187
    -6.1187  -5.9385  -5.9385  -5.9385  -5.9385  -5.6244  -5.6244  -5.6244
    -5.6244  -4.4956  -4.4956  -4.4956  -4.4956  -4.2616  -4.2008  -4.2008
    -4.2008  -4.2008  -4.0928  -4.0928  -4.0928  -4.0928  -4.0185  -4.0185
    -4.0185  -4.0185  -3.9894  -3.9894  -3.9894  -3.9894  -3.8593  -3.8593
    -3.8593  -3.8593  -3.8489  -3.8489  -3.8489  -3.8489  -3.8378  -3.8378
    -3.8378  -3.8378  -3.8251  -3.8251  -3.8251  -3.8251  -3.7481  -3.7481
    -3.7481  -3.7481  -3.7076  -3.7076  -3.7076  -3.7076  -3.7076  -3.7076
    -3.7076  -3.7076  -3.7066  -3.7066  -3.7066  -3.7066  -3.7066  -3.7066
    -3.7066  -3.7066  -3.3976  -3.3976  -3.3976  -3.3976  -3.2979  -3.0479
    -3.0479  -3.0479  -3.0479  -3.0103  -3.0103  -2.4205  -2.4205  -2.4205
    -2.4205  -2.4205  -2.4205  -2.4205  -2.4205  -2.3957  -2.3957  -2.3957
    -2.3957  -2.2535  -2.2535  -2.2535  -2.2535  -2.2535  -2.2535  -2.2535
    -2.2535  -2.2116  -2.2116  -2.2116  -2.2116  -2.1579  -2.1579  -2.0145
    -2.0145  -2.0145  -2.0145  -1.9333  -1.9333  -1.9333  -1.9333  -1.7564
    -1.7564  -1.5399  -1.5399  -1.5399  -1.5399  -1.3632  -1.3632  -1.3632
    -1.3632  -1.3273  -1.3273  -1.3273  -1.3273  -1.2711  -1.2711  -1.2711
    -1.2711  -1.2524  -1.2524  -1.2524  -1.2524  -0.9403  -0.9403  -0.9403
    -0.9403  -0.8738  -0.8738  -0.8738  -0.8738  -0.7897  -0.7897  -0.7897
    -0.7897  -0.6102  -0.6102  -0.6102  -0.6102  -0.0786  -0.0445  -0.0445
     0.8571   1.0025   1.0025   1.0025   1.0025   1.0354   1.3191   1.5634
     1.5634   1.5634   1.5634   1.6835   1.7102   1.7102   1.7102   1.7102
     1.7850   1.7850   1.7850   1.7850   1.7850   1.7850   1.7850   1.7850
     1.9463   1.9463   1.9463   1.9463   1.9861   1.9861   1.9861   1.9861
     1.9964   1.9964   1.9964   1.9964   1.9964   1.9964   1.9964   1.9964
     2.4570   2.4570   2.4570   2.4570   2.6075   2.6075   2.6075   2.6075
     2.8052   2.8052   2.8052   2.8052   2.9189   2.9189   2.9189   2.9189
     3.0914   3.1312   3.1312   3.1312   3.1312   3.3785   3.4845   3.4845
     3.5296   3.5296   3.5296   3.5296   3.9089   3.9647   3.9699   3.9699
     3.9699   3.9699   4.0053   4.0053   4.0053   4.0053   4.2311   4.2311
     4.2311   4.2311   4.2494   4.2494   4.2494   4.2494   4.3860   4.3860
     4.3860   4.3860   4.4250   4.4250   4.4250   4.4250   4.4250   4.4250
     4.4250   4.4250   4.4401   4.4401   4.4401   4.4401   4.4470   4.4470
     4.4470   4.4470   4.4938   4.4938   4.4938   4.4938   4.8033   4.8033
     4.8033   4.8033   4.8254   4.8254   4.8254   4.8254   5.0200   5.0200
     5.0200   5.0200   5.1548   5.1548   5.1548   5.1548   5.3134   5.3134
     5.3134   5.3134   5.3134   5.3134   5.3134   5.3134   5.4982   5.4982
     5.4982   5.4982   5.6199   5.6199   5.6199   5.6199   5.6917   5.6917
     5.6917   5.6917   5.7642   5.7642   5.7642   5.7642   5.9735   5.9735
     5.9735   5.9735   6.1437   6.1437   6.1437   6.1437   6.1786   6.1786
     6.1786   6.1786   6.2801   6.2801   6.2801   6.2801   6.2801   6.2801
     6.2801   6.2801   6.3099   6.3099   6.3099   6.3099   6.3361   6.3361
     6.3361   6.3361   6.4532   6.4532   6.4532   6.4532   6.4942   6.4942
     6.4942   6.4942   6.5531   6.5531   6.6402   6.6402   6.6402   6.6402
     6.7632   6.7632   6.7632   6.7632   6.7632   6.7632   6.7632   6.7632
     6.8740   6.8740   6.8740   6.8740   6.8842   6.8842   6.8842   6.8842
     6.8842   6.8842   6.8842   6.8842   6.9662   6.9662   6.9662   6.9662
     7.0441   7.0441   7.0441   7.0441   7.2448   7.2448   7.2448   7.2448
     7.2585   7.2585   7.2585   7.2585   7.2800   7.2800   7.2800   7.2800
     7.3059   7.3059   7.3059   7.3059   7.3074   7.3074   7.3074   7.3074
     7.3731   7.3731   7.3731   7.3731   7.3832   7.3832   7.3832   7.3832
     7.4601   7.4601   7.4601   7.4601   7.4601   7.4601   7.4601   7.4601

          k = 0.0000 0.3000 0.0000 (   207 PWs)   bands (ev):

   -12.6117 -11.9533 -11.9533 -11.9533 -11.9533 -11.8331 -11.6370 -11.6370
   -11.6370 -11.6370 -11.5044 -11.5044 -11.5044 -11.5044 -11.1744 -10.8079
   -10.8079 -10.8079 -10.8079 -10.5291 -10.5291 -10.5291 -10.5291 -10.2776
   -10.2776 -10.2776 -10.2776 -10.2420 -10.2420 -10.2420 -10.2420 -10.2381
   -10.2381 -10.2381 -10.2381  -9.9065  -9.9065  -9.9065  -9.9065  -9.9065
    -9.9065  -9.9065  -9.9065  -9.7841  -9.7841  -9.7841  -9.7841  -9.7841
    -9.7841  -9.7841  -9.7841  -9.4489  -9.4489  -9.4489  -9.4489  -8.9450
    -8.5651  -8.5651  -8.5651  -8.5651  -8.3473  -8.3473  -8.3473  -8.3473
    -8.2061  -8.2061  -8.2061  -8.2061  -7.8397  -7.8397  -7.8397  -7.8397
    -7.7336  -7.3266  -7.3266  -7.3266  -7.3266  -7.1650  -7.1650  -7.1650
    -7.1650  -7.0079  -7.0079  -7.0079  -7.0079  -7.0079  -7.0079  -7.0079
    -7.0079  -6.6402  -6.6402  -6.6402  -6.6402  -6.6402  -6.6402  -6.6402
    -6.6402  -6.4837  -6.4837  -6.4837  -6.4837  -6.2380  -6.2380  -6.2380
    -6.2380  -6.0127  -6.0127  -6.0127  -6.0127  -5.4982  -5.4982  -5.4982
    -5.4982  -4.6488  -4.6488  -4.6488  -4.6488  -4.5020  -4.2655  -4.2655
    -4.2655  -4.2655  -4.1620  -4.1620  -4.1620  -4.1620  -4.1073  -4.1073
    -4.1073  -4.1073  -3.9937  -3.9937  -3.9937  -3.9937  -3.8791  -3.8791
    -3.8791  -3.8791  -3.7520  -3.7520  -3.7520  -3.7520  -3.7227  -3.7227
    -3.7227  -3.7227  -3.6982  -3.6982  -3.6982  -3.6982  -3.6944  -3.6944
    -3.6944  -3.6944  -3.6944  -3.6944  -3.6944  -3.6944  -3.6931  -3.6931
    -3.6931  -3.6931  -3.6931  -3.6931  -3.6931  -3.6931  -3.6481  -3.6481
    -3.6481  -3.6481  -3.2282  -3.2282  -3.2282  -3.2282  -3.0884  -3.0884
    -3.0884  -3.0884  -3.0576  -2.9969  -2.9969  -2.4867  -2.4867  -2.4867
    -2.4867  -2.4867  -2.4867  -2.4867  -2.4867  -2.4313  -2.4313  -2.4313
    -2.4313  -2.2476  -2.2476  -2.2390  -2.2390  -2.2390  -2.2390  -2.2390
    -2.2390  -2.2390  -2.2390  -2.1545  -2.1545  -2.1545  -2.1545  -2.0731
    -2.0731  -2.0731  -2.0731  -1.8956  -1.8956  -1.8956  -1.8956  -1.6503
    -1.6503  -1.6503  -1.6503  -1.6464  -1.6464  -1.4189  -1.4189  -1.4189
    -1.4189  -1.3596  -1.3596  -1.3596  -1.3596  -1.2564  -1.2564  -1.2564
    -1.2564  -1.2504  -1.2504  -1.2504  -1.2504  -1.0288  -1.0288  -1.0288
    -1.0288  -0.9681  -0.9681  -0.9681  -0.9681  -0.8553  -0.8553  -0.8553
    -0.8553  -0.5408  -0.5408  -0.5408  -0.5408  -0.1724  -0.0978  -0.0978
     0.8320   1.0810   1.0810   1.0810   1.0810   1.1000   1.2419   1.6513
     1.6513   1.6513   1.6513   1.6569   1.6569   1.6569   1.6569   1.7871
     1.8025   1.8025   1.8025   1.8025   1.8025   1.8025   1.8025   1.8025
     2.0294   2.0294   2.0294   2.0294   2.0686   2.0686   2.0686   2.0686
     2.1203   2.1203   2.1203   2.1203   2.1203   2.1203   2.1203   2.1203
     2.4966   2.4966   2.4966   2.4966   2.7210   2.7210   2.7210   2.7210
     2.7920   2.7920   2.7920   2.7920   2.9024   2.9230   2.9230   2.9230
     2.9230   3.2775   3.2775   3.2775   3.2775   3.3251   3.5592   3.5592
     3.5791   3.5791   3.5791   3.5791   3.9626   3.9626   3.9626   3.9626
     4.0368   4.0368   4.0368   4.0368   4.0606   4.1225   4.1319   4.1319
     4.1319   4.1319   4.1636   4.1636   4.1636   4.1636   4.1859   4.1859
     4.1859   4.1859   4.1859   4.1859   4.1859   4.1859   4.2035   4.2035
     4.2035   4.2035   4.3080   4.3080   4.3080   4.3080   4.4545   4.4545
     4.4545   4.4545   4.5705   4.5705   4.5705   4.5705   4.7582   4.7582
     4.7582   4.7582   4.8609   4.8609   4.8609   4.8609   4.8784   4.8784
     4.8784   4.8784   5.0660   5.0660   5.0660   5.0660   5.3391   5.3391
     5.3391   5.3391   5.3558   5.3558   5.3558   5.3558   5.3558   5.3558
     5.3558   5.3558   5.5565   5.5565   5.5565   5.5565   5.6173   5.6173
     5.6173   5.6173   5.6548   5.6548   5.6548   5.6548   6.0486   6.0486
     6.0486   6.0486   6.0689   6.0689   6.0689   6.0689   6.0878   6.0878
     6.0878   6.0878   6.1786   6.1786   6.1786   6.1786   6.1786   6.1786
     6.1786   6.1786   6.3023   6.3023   6.3191   6.3191   6.3191   6.3191
     6.3302   6.3302   6.3302   6.3302   6.4687   6.4687   6.4687   6.4687
     6.5290   6.5290   6.5290   6.5290   6.6747   6.6747   6.6747   6.6747
     6.7434   6.7434   6.7434   6.7434   6.7434   6.7434   6.7434   6.7434
     6.7636   6.7636   6.7636   6.7636   6.9267   6.9267   6.9267   6.9267
     6.9267   6.9267   6.9267   6.9267   7.0185   7.0185   7.0185   7.0185
     7.1474   7.1474   7.1474   7.1474   7.1497   7.1497   7.1497   7.1498
     7.1533   7.1533   7.1533   7.1533   7.2126   7.2126   7.2126   7.2126
     7.3937   7.3937   7.3937   7.3937   7.4464   7.4464   7.4464   7.4464
     7.4901   7.4901   7.4901   7.4901   7.5343   7.5343   7.5343   7.5343
     7.6963   7.7849   7.7849   7.7849   7.7850   7.7850   7.7851   7.7872

          k = 0.1000 0.2000 0.3000 (   203 PWs)   bands (ev):

   -12.5977 -12.1018 -11.9933 -11.8858 -11.8199 -11.7798 -11.7795 -11.7104
   -11.6750 -11.6011 -11.5722 -11.4718 -11.3822 -11.2724 -11.1621 -10.9961
   -10.8974 -10.8026 -10.6992 -10.6089 -10.5987 -10.4228 -10.4099 -10.3882
   -10.3321 -10.3239 -10.2967 -10.2591 -10.2460 -10.2390 -10.2218 -10.2192
   -10.1953 -10.1501 -10.1495 -10.1444 -10.1105 -10.0597 -10.0348 -10.0011
    -9.9760  -9.9249  -9.8800  -9.8140  -9.7031  -9.6770  -9.6695  -9.6390
    -9.5904  -9.5664  -9.5473  -9.4759  -9.4560  -9.4448  -9.4356  -8.9378
    -8.7399  -8.6461  -8.6257  -8.6247  -8.5500  -8.5436  -8.5095  -8.4503
    -8.1407  -7.9679  -7.9388  -7.9069  -7.8651  -7.7888  -7.7871  -7.7669
    -7.7318  -7.3681  -7.3465  -7.2832  -7.2335  -7.1928  -7.1909  -7.1826
    -7.1666  -7.1386  -7.1304  -7.0783  -7.0556  -6.9924  -6.9738  -6.9191
    -6.8927  -6.8901  -6.7834  -6.7605  -6.7557  -6.6893  -6.6386  -6.5741
    -6.4685  -6.4330  -6.4010  -6.3908  -6.3621  -6.3536  -6.2742  -6.2105
    -6.1854  -6.1353  -6.0323  -5.9001  -5.7879  -5.7036  -5.6465  -5.4360
    -5.2436  -5.1028  -4.7997  -4.5403  -4.4925  -4.3484  -4.2944  -4.2897
    -4.2830  -4.2748  -4.2193  -4.1959  -4.1802  -4.1801  -4.1649  -4.1527
    -4.1458  -4.1251  -4.1228  -4.0844  -4.0108  -4.0078  -4.0017  -4.0017
    -3.9760  -3.9697  -3.9541  -3.8907  -3.8756  -3.8704  -3.8614  -3.8341
    -3.7976  -3.7935  -3.7921  -3.7439  -3.7211  -3.7171  -3.7072  -3.6586
    -3.6556  -3.6555  -3.6523  -3.6417  -3.6258  -3.6165  -3.5353  -3.4954
    -3.4675  -3.4666  -3.4601  -3.4440  -3.4402  -3.4334  -3.4180  -3.3970
    -3.3111  -3.2816  -3.2515  -3.2489  -3.2280  -3.2017  -3.1527  -3.1413
    -3.1409  -3.0716  -3.0226  -2.9922  -2.9916  -2.5960  -2.5860  -2.5607
    -2.5554  -2.5537  -2.5496  -2.4736  -2.4596  -2.4540  -2.4282  -2.4232
    -2.3775  -2.3522  -2.3449  -2.3037  -2.3004  -2.2695  -2.2635  -2.2460
    -2.2337  -2.2204  -2.1986  -2.1584  -2.1483  -2.1375  -2.1165  -2.0620
    -2.0534  -2.0385  -2.0274  -1.9333  -1.8519  -1.8147  -1.7128  -1.6816
    -1.6708  -1.6703  -1.6487  -1.6387  -1.6058  -1.5880  -1.5701  -1.5503
    -1.5173  -1.5092  -1.4388  -1.3778  -1.3757  -1.3205  -1.3174  -1.3041
    -1.2914  -1.2834  -1.2692  -1.2358  -1.2305  -1.1765  -1.1414  -1.0969
    -1.0871  -1.0498  -1.0430  -0.9037  -0.8738  -0.8229  -0.7580  -0.7253
    -0.7043  -0.6660  -0.6200  -0.6094  -0.5114  -0.3866  -0.1234  -0.0374
     0.9108   0.9852   0.9985   1.1949   1.2323   1.3073   1.3307   1.4939
     1.5209   1.5363   1.5657   1.6193   1.6684   1.7260   1.8027   1.8208
     1.8331   1.8352   1.8371   1.8581   1.8758   1.9279   1.9509   1.9880
     2.0302   2.0475   2.0634   2.0944   2.0988   2.1379   2.1522   2.1770
     2.1815   2.1935   2.1990   2.2354   2.2355   2.2521   2.2858   2.3014
     2.3122   2.5196   2.5259   2.6481   2.6684   2.6986   2.7428   2.7514
     2.7678   2.7997   2.8036   2.9579   2.9674   2.9732   3.1217   3.1587
     3.1633   3.1989   3.2787   3.2905   3.3151   3.3251   3.3909   3.4272
     3.5056   3.5676   3.6246   3.7427   3.7801   3.8048   3.8274   3.8292
     3.8872   3.8912   3.9100   3.9412   3.9829   3.9947   4.0020   4.0437
     4.0600   4.0736   4.0820   4.0889   4.1044   4.1212   4.1463   4.1471
     4.1488   4.1664   4.1712   4.2043   4.2098   4.2117   4.2255   4.2378
     4.2394   4.3136   4.3412   4.3722   4.4058   4.4258   4.4859   4.5099
     4.5288   4.5407   4.5531   4.5783   4.5878   4.6055   4.6198   4.6488
     4.6663   4.6696   4.7312   4.7425   4.7497   4.7946   4.8165   4.8637
     4.8934   4.8949   4.9282   4.9497   4.9785   4.9990   5.0114   5.0533
     5.0602   5.0761   5.0788   5.0954   5.1427   5.1434   5.2552   5.3073
     5.4131   5.4259   5.4859   5.5672   5.6143   5.6172   5.6184   5.6246
     5.6581   5.6766   5.8136   5.8246   5.8330   5.8378   5.8594   5.9227
     5.9250   5.9381   5.9552   5.9906   6.0026   6.0127   6.0253   6.0393
     6.0415   6.0493   6.0722   6.0836   6.0880   6.1148   6.1673   6.1830
     6.2235   6.2612   6.2677   6.3074   6.3289   6.3348   6.3577   6.3597
     6.3711   6.3915   6.3989   6.4035   6.4471   6.4593   6.4775   6.4901
     6.4952   6.5181   6.5681   6.5839   6.5957   6.5960   6.5983   6.6030
     6.6073   6.6226   6.6329   6.6604   6.6892   6.7167   6.7450   6.7536
     6.7879   6.7947   6.8005   6.8037   6.8216   6.8374   6.8552   6.8567
     6.8585   6.8657   6.8785   6.8851   6.8870   6.9413   6.9829   7.0037
     7.0615   7.0830   7.1101   7.1415   7.1468   7.1682   7.1834   7.2448
     7.2681   7.2723   7.2871   7.3051   7.3181   7.3247   7.3339   7.4156
     7.4370   7.5018   7.5273   7.5404   7.5477   7.6193   7.6419   7.6495
     7.6553   7.6701   7.7336   7.7354   7.7734   7.7751   7.7818   7.7850
     7.8157   7.8539   7.8598   7.8852   7.8942   7.9061   7.9120   7.9335

          k = 0.2000 0.5000 0.4000 (   205 PWs)   bands (ev):

   -12.5112 -12.2898 -12.0700 -11.9567 -11.8534 -11.8475 -11.7463 -11.6426
   -11.6304 -11.5386 -11.3381 -11.3257 -11.1965 -11.1509 -11.1237 -11.0278
   -10.9772 -10.8658 -10.7211 -10.6859 -10.6413 -10.6347 -10.5763 -10.5141
   -10.5137 -10.4064 -10.3658 -10.3574 -10.3544 -10.3248 -10.2729 -10.2641
   -10.1991 -10.1752 -10.1705 -10.1360 -10.1319 -10.0435  -9.9839  -9.9625
    -9.9490  -9.8636  -9.7364  -9.6940  -9.6817  -9.5020  -9.4810  -9.4759
    -9.3788  -9.3674  -9.2897  -9.2860  -9.2750  -9.1959  -9.1825  -9.1387
    -9.0918  -8.9861  -8.9774  -8.9453  -8.8623  -8.7592  -8.7156  -8.6771
    -7.9184  -7.7853  -7.7013  -7.5887  -7.5263  -7.5205  -7.4820  -7.4671
    -7.3913  -7.3882  -7.3517  -7.3235  -7.3143  -7.3087  -7.2873  -7.2806
    -7.2508  -7.2415  -7.2217  -7.2112  -7.1615  -7.1075  -7.0792  -7.0324
    -7.0076  -6.8950  -6.8582  -6.8168  -6.8004  -6.7581  -6.7394  -6.6776
    -6.6488  -6.5236  -6.4539  -6.4535  -6.4339  -6.1205  -6.0805  -6.0380
    -5.9933  -5.9566  -5.8804  -5.8069  -5.7698  -5.7216  -5.6356  -5.4862
    -5.2302  -5.2298  -5.1120  -4.9457  -4.7368  -4.6429  -4.6398  -4.4502
    -4.3847  -4.3485  -4.3445  -4.3287  -4.3268  -4.3117  -4.2988  -4.2428
    -4.2010  -4.1951  -4.1806  -4.1599  -4.1406  -4.0836  -4.0688  -4.0372
    -4.0351  -3.9667  -3.9628  -3.8701  -3.8632  -3.8625  -3.8252  -3.7886
    -3.7227  -3.6955  -3.6918  -3.6833  -3.6528  -3.5936  -3.5385  -3.5048
    -3.4420  -3.3633  -3.3503  -3.3486  -3.3225  -3.2991  -3.2871  -3.2824
    -3.2743  -3.2669  -3.2469  -3.2355  -3.1921  -3.1547  -3.0785  -3.0650
    -3.0642  -3.0565  -2.9960  -2.9549  -2.9423  -2.9363  -2.9311  -2.9221
    -2.9142  -2.9074  -2.8690  -2.8686  -2.8505  -2.8292  -2.7969  -2.7892
    -2.7555  -2.7116  -2.6785  -2.6703  -2.6570  -2.6281  -2.6167  -2.5082
    -2.4519  -2.3848  -2.3836  -2.3795  -2.3509  -2.3302  -2.2670  -2.2427
    -2.2311  -2.2178  -2.1951  -2.1428  -2.0923  -2.0857  -2.0724  -2.0416
    -2.0169  -1.9633  -1.9606  -1.9595  -1.9369  -1.9252  -1.9063  -1.8898
    -1.8854  -1.8315  -1.8298  -1.8184  -1.8098  -1.7995  -1.7797  -1.7662
    -1.7616  -1.7374  -1.6458  -1.5617  -1.5280  -1.5217  -1.4805  -1.4799
    -1.4766  -1.4739  -1.4424  -1.3051  -1.2783  -1.2521  -1.2283  -1.1970
    -1.0700  -1.0500  -1.0443  -1.0298  -1.0130  -0.9793  -0.8527  -0.8228
    -0.8102  -0.7777  -0.7527  -0.6533  -0.5975  -0.3541  -0.3489  -0.1007
     1.0575   1.0751   1.1501   1.3083   1.3474   1.4133   1.4225   1.5341
     1.6201   1.6236   1.7163   1.8718   1.9068   1.9471   1.9799   1.9851
     1.9886   2.0769   2.0901   2.1491   2.1492   2.2182   2.2351   2.2587
     2.2634   2.3339   2.3577   2.4029   2.4524   2.4737   2.5131   2.5442
     2.5586   2.5814   2.5864   2.6027   2.6034   2.6095   2.6277   2.6685
     2.7318   2.7815   2.7861   2.7902   2.8521   2.8745   2.8976   2.9008
     2.9519   2.9763   2.9810   2.9860   2.9905   3.0186   3.0345   3.0608
     3.0746   3.1722   3.1894   3.2344   3.2567   3.2919   3.3172   3.3349
     3.4451   3.5057   3.5227   3.5295   3.5368   3.5948   3.5986   3.6647
     3.6678   3.7110   3.7765   3.7812   3.7866   3.8283   3.8306   3.8410
     3.8479   3.8807   3.8971   3.9497   3.9853   3.9973   4.0023   4.0067
     4.0560   4.0623   4.1219   4.1290   4.1527   4.1790   4.1866   4.1976
     4.2025   4.2106   4.2208   4.2456   4.2659   4.2774   4.3116   4.3152
     4.3198   4.3290   4.3372   4.3443   4.3722   4.3966   4.4382   4.4636
     4.4697   4.5013   4.5343   4.5359   4.5484   4.5578   4.5596   4.5889
     4.6260   4.6458   4.6478   4.6732   4.7273   4.7279   4.7857   4.8956
     4.9027   4.9095   4.9224   4.9423   4.9752   5.0366   5.0826   5.1726
     5.1925   5.1948   5.2690   5.2971   5.2981   5.3036   5.3132   5.3142
     5.3306   5.3342   5.3399   5.3545   5.3569   5.4384   5.4678   5.4892
     5.4948   5.6654   5.6657   5.6834   5.7325   5.7346   5.7396   5.7563
     5.7603   5.7852   5.8313   5.8466   5.8722   5.9833   5.9889   6.0062
     6.0160   6.0383   6.1161   6.1353   6.1705   6.1839   6.2094   6.2379
     6.2748   6.2991   6.3187   6.3271   6.3282   6.3431   6.3706   6.3754
     6.3769   6.4474   6.4649   6.4670   6.4768   6.5198   6.5617   6.6085
     6.6411   6.7171   6.7337   6.7513   6.7804   6.8026   6.8406   6.8654
     6.8751   6.9415   6.9677   6.9809   7.0018   7.0549   7.1214   7.1836
     7.2202   7.2554   7.2631   7.3030   7.3494   7.3581   7.3759   7.4188
     7.4738   7.4788   7.4816   7.5001   7.5175   7.5461   7.5891   7.6033
     7.6252   7.6429   7.6453   7.6512   7.6702   7.6853   7.7176   7.7441
     7.7896   7.8124   7.8173   7.8214   7.8311   7.9023   7.9338   7.9341
     7.9491   7.9532   7.9756   8.0394   8.1070   8.1371   8.1610   8.2235
     8.2257   8.2725   8.2728   8.3174   8.3270   8.3630   8.4635   8.5101

          k = 0.1000 0.2000 0.8000 (   206 PWs)   bands (ev):

   -12.4441 -12.2234 -12.2213 -12.1136 -12.0046 -11.8968 -11.5678 -11.4604
   -11.3688 -11.3623 -11.2707 -11.2576 -11.2451 -11.1755 -11.1368 -11.0842
   -11.0479 -10.9524 -10.9423 -10.8625 -10.7772 -10.7045 -10.6985 -10.5755
   -10.5261 -10.4728 -10.4236 -10.3600 -10.3008 -10.2920 -10.2171 -10.2095
   -10.1888 -10.1857 -10.0277  -9.8842  -9.8797  -9.8515  -9.8446  -9.8350
    -9.8186  -9.7516  -9.7426  -9.7362  -9.7328  -9.6888  -9.6271  -9.6192
    -9.6120  -9.5547  -9.5335  -9.5146  -9.2986  -9.2567  -9.1582  -9.0892
    -9.0444  -8.9183  -8.8283  -8.7744  -8.6791  -8.6043  -8.5046  -8.4672
    -8.0970  -8.0424  -7.9174  -7.9011  -7.7784  -7.7090  -7.6169  -7.5014
    -7.3864  -7.3260  -7.2410  -7.2380  -7.2227  -7.2224  -7.2156  -7.1953
    -7.1945  -7.1682  -7.1536  -7.0935  -7.0929  -7.0500  -6.9900  -6.9280
    -6.9010  -6.8326  -6.8245  -6.7661  -6.7643  -6.7285  -6.7032  -6.6559
    -6.6518  -6.6403  -6.5402  -6.4569  -6.3716  -6.2589  -6.2436  -6.1457
    -6.1365  -6.0112  -6.0070  -5.7862  -5.7624  -5.7266  -5.5124  -5.5058
    -5.2243  -5.1993  -5.0858  -4.9400  -4.7718  -4.7533  -4.6099  -4.5639
    -4.5535  -4.5039  -4.5002  -4.4957  -4.4443  -4.4182  -4.4023  -4.3544
    -4.3153  -4.3086  -4.2739  -4.2451  -4.2388  -4.0040  -3.9763  -3.9739
    -3.9292  -3.8677  -3.8410  -3.8013  -3.7509  -3.7178  -3.7050  -3.6650
    -3.6154  -3.5720  -3.5655  -3.5445  -3.5434  -3.4887  -3.4817  -3.4724
    -3.4194  -3.3366  -3.3013  -3.2954  -3.2934  -3.2476  -3.2438  -3.2314
    -3.1968  -3.1512  -3.0956  -3.0860  -3.0638  -3.0475  -3.0323  -2.9856
    -2.9693  -2.9640  -2.9368  -2.9217  -2.8948  -2.8815  -2.8757  -2.8534
    -2.8376  -2.8097  -2.7595  -2.7363  -2.7205  -2.7010  -2.6724  -2.6682
    -2.6638  -2.6288  -2.6265  -2.6204  -2.6195  -2.5752  -2.5286  -2.5077
    -2.4693  -2.4599  -2.4491  -2.4451  -2.4141  -2.4076  -2.3985  -2.3948
    -2.3914  -2.3569  -2.3328  -2.3270  -2.3259  -2.3126  -2.2682  -2.1933
    -2.1493  -2.1470  -2.0931  -2.0173  -1.9990  -1.9809  -1.9477  -1.9425
    -1.8950  -1.8903  -1.8710  -1.8110  -1.7755  -1.7608  -1.7149  -1.7046
    -1.7040  -1.6926  -1.6924  -1.5296  -1.5261  -1.5064  -1.4897  -1.4649
    -1.4615  -1.4449  -1.4296  -1.4001  -1.3520  -1.3413  -1.3229  -1.2956
    -1.2886  -1.2471  -1.2133  -1.2023  -1.1893  -1.1830  -1.1729  -1.0793
    -1.0581  -0.9675  -0.5944  -0.4498  -0.4372  -0.4246  -0.3763  -0.2347
     0.9099   1.0320   1.3621   1.5702   1.5740   1.6265   1.6751   1.6774
     1.7067   1.7378   1.8280   1.8962   2.0563   2.0826   2.1286   2.2176
     2.3166   2.3408   2.3882   2.4025   2.4231   2.4534   2.5259   2.5294
     2.5758   2.5884   2.5887   2.6024   2.6166   2.6223   2.6225   2.6336
     2.6625   2.6777   2.6818   2.7130   2.7212   2.7505   2.7580   2.7593
     2.7760   2.8003   2.8229   2.8248   2.8358   2.8519   2.8607   2.9220
     2.9304   2.9827   2.9888   3.0055   3.0253   3.0511   3.0741   3.0828
     3.1484   3.1981   3.2227   3.2662   3.2687   3.2905   3.2991   3.3165
     3.3225   3.3507   3.3853   3.4242   3.4280   3.4646   3.5417   3.5737
     3.5816   3.5931   3.6117   3.7128   3.7757   3.7865   3.8262   3.8273
     3.8346   3.8501   3.8675   3.8705   3.8953   3.9257   3.9630   3.9711
     4.0014   4.0144   4.0145   4.0190   4.0412   4.0535   4.0565   4.0869
     4.1010   4.1199   4.1281   4.1282   4.1649   4.2014   4.2149   4.2317
     4.2625   4.2760   4.2898   4.3531   4.3642   4.3746   4.3811   4.4010
     4.4060   4.4075   4.4191   4.4295   4.4512   4.4904   4.5001   4.5056
     4.5300   4.5877   4.5911   4.5951   4.6010   4.6018   4.6318   4.6526
     4.6845   4.7024   4.7540   4.7608   4.7762   4.8247   4.8915   4.9000
     4.9504   5.0166   5.0647   5.0758   5.0852   5.1332   5.1497   5.1508
     5.1587   5.1592   5.2091   5.2339   5.2428   5.2787   5.2834   5.3098
     5.3519   5.3582   5.4138   5.4905   5.5170   5.5228   5.5239   5.6145
     5.6801   5.6937   5.7346   5.7909   5.7992   5.8015   5.8524   5.9351
     5.9405   5.9408   6.0162   6.0176   6.0521   6.0538   6.0572   6.1495
     6.1517   6.1905   6.1982   6.2193   6.2481   6.3150   6.3790   6.4074
     6.4463   6.5152   6.5504   6.6114   6.6123   6.6503   6.6728   6.6888
     6.7183   6.7494   6.7669   6.7756   6.8603   6.8722   6.8986   6.9012
     6.9786   7.0102   7.0238   7.0308   7.0367   7.0455   7.1587   7.1677
     7.2482   7.2845   7.3986   7.4653   7.4752   7.6058   7.6779   7.7222
     7.7327   7.7482   7.7981   7.8136   7.8571   7.8706   7.8738   7.9083
     7.9524   7.9557   7.9651   7.9793   7.9853   8.0266   8.0903   8.0924
     8.1033   8.1125   8.1173   8.1997   8.2298   8.2819   8.3296   8.3859
     8.4214   8.4310   8.4776   8.5014   8.5088   8.5565   8.5682   8.5943
     8.6035   8.6108   8.6417   8.6638   8.6834   8.7064   8.7212   8.7402
Timing summary:
     davidson     :     53.16s CPU     55.71s WALL (      10 calls)
     g_psi        :      0.02s CPU      0.02s WALL (     191 calls)
     fftw         :      8.07s CPU      8.55s WALL (   96484 calls)
     ffts         :      0.02s CPU      1.43s WALL



--- nk=, npool (cegterg) ---
 parallel MPI defs : np=          32 nb=           1   nd=           0  nk=
           2
 nks >
          54          54          54       11664
 ngm =        3304
 npwx =         415

          k = 0.0000 0.0000 0.0000 (   415 PWs)   bands (ev):

    -8.5960  -8.5848  -7.8727  -7.8727  -7.8727  -7.8727  -7.7775  -7.7775
    -7.7775  -7.7775  -7.7775  -7.7775  -7.7775  -7.7775  -7.6956  -7.6617
    -7.6617  -7.6617  -7.6617  -7.4865  -7.4865  -7.4865  -7.4865  -7.4865
    -7.4865  -7.4763  -7.4763  -7.4763  -7.4763  -7.2563  -6.6825  -6.6825
    -6.6825  -6.6825  -6.5013  -6.5013  -6.5013  -6.5013  -6.5013  -6.5013
    -6.5013  -6.5013  -6.5013  -6.5013  -6.5013  -6.5013  -6.4955  -6.4955
    -6.4955  -6.4955  -6.3047  -6.3047  -6.3047  -6.3047  -6.2268  -6.2268
    -6.2268  -6.2268  -6.2184  -6.2184  -6.2184  -6.2184  -6.0692  -6.0692
    -6.0692  -6.0692  -5.8473  -5.8473  -5.8473  -5.8473  -5.8473  -5.8473
    -5.8473  -5.8473  -5.8069  -5.8069  -5.8069  -5.8069  -5.8069  -5.8069
    -5.8069  -5.8069  -5.8069  -5.8069  -5.8069  -5.8069  -5.8069  -5.8069
    -5.8069  -5.8069  -5.8069  -5.8069  -5.8069  -5.8069  -5.8069  -5.8069
    -5.8069  -5.8069  -5.7642  -5.7642  -5.7642  -5.7642  -5.7642  -5.7642
    -5.7642  -5.7642  -5.5405  -5.5405  -5.5405  -5.5405  -4.7115  -4.4004
    -4.4004  -4.4004  -4.4004  -4.3148  -4.3148  -4.3148  -4.3148  -4.3148
    -4.3148  -4.3108  -4.3108  -4.3108  -4.3108  -4.1600  -4.1600  -4.1600
    -4.1600  -4.1560  -4.1560  -4.1560  -4.1560  -4.1560  -4.1560  -4.1560
    -4.1560  -4.1560  -4.1560  -4.1560  -4.1560  -3.9164  -3.9164  -3.9164
    -3.9164  -3.9035  -3.3473  -3.3473  -3.3473  -3.3473  -3.3202  -3.3202
    -3.3202  -3.3202  -3.0115  -3.0115  -3.0115  -3.0115  -2.9100  -2.9100
    -2.9100  -2.9100  -2.9100  -2.9100  -2.9100  -2.9100  -2.7853  -2.7853
    -2.7853  -2.7853  -2.7853  -2.7853  -2.7853  -2.7853  -2.7853  -2.7853
    -2.7853  -2.7853  -2.7853  -2.7853  -2.7853  -2.7853  -2.7853  -2.7853
    -2.7853  -2.7853  -2.7853  -2.7853  -2.7853  -2.7853  -2.6592  -2.6592
    -2.6592  -2.6592  -2.6592  -2.6592  -2.6592  -2.6592  -2.5570  -2.5570
    -2.5570  -2.5570  -2.0778  -2.0778  -2.0778  -2.0778  -1.8976  -1.8976
    -1.8976  -1.8976  -1.8317  -1.8317  -1.8317  -1.8317  -1.8317  -1.8317
    -1.8317  -1.8317  -1.8317  -1.8317  -1.8317  -1.8317  -1.5835  -1.5835
    -1.5835  -1.5835  -0.4547  -0.4547  -0.4547  -0.4547  -0.2207  -0.1600
    -0.1600  -0.1600  -0.1600  -0.1402  -0.1402  -0.1402  -0.1402  -0.1402
    -0.1402  -0.1402  -0.1402  -0.0519  -0.0519  -0.0519  -0.0519  -0.0000
    -0.0000  -0.0000  -0.0000  -0.0000  -0.0000  -0.0000  -0.0000   0.0000
     0.0000   0.0000   0.0000   0.0224   0.0224   0.0224   0.0224   0.0514
     0.0514   0.0514   0.0514   0.1102   0.1102   0.1102   0.1102   0.1102
     0.1102   0.1102   0.1102   0.1102   0.1102   0.1102   0.1102   0.1816
     0.1816   0.1816   0.1816   0.1920   0.1920   0.1920   0.1920   0.2031
     0.2031   0.2031   0.2031   0.2158   0.2158   0.2158   0.2158   0.2611
     0.2611   0.2611   0.2611   0.2611   0.2611   0.2927   0.2927   0.2927
     0.2927   0.3244   0.3244   0.3244   0.3244   0.3244   0.3244   0.3244
     0.3244   0.3244   0.3244   0.3244   0.3244   0.3244   0.3244   0.3244
     0.3244   0.3244   0.3244   0.3244   0.3244   0.3244   0.3244   0.3244
     0.3244   0.3332   0.3332   0.3332   0.3332   0.3332   0.3332   0.3332
     0.3332   0.3342   0.3342   0.3342   0.3342   0.3342   0.3342   0.3342
     0.3342   0.6433   0.6433   0.6433   0.6433   0.7430   0.9929   0.9929
     0.9929   0.9929   1.0198   1.0198   1.0198   1.0198   1.0198   1.0198
     1.0306   1.0306   1.6204   1.6204   1.6204   1.6204   1.6204   1.6204
     1.6204   1.6204   1.6452   1.6452   1.6452   1.6452   1.7269   1.7269
     1.7269   1.7269   1.7269   1.7269   1.7269   1.7269   1.7269   1.7269
     1.7269   1.7269   1.7269   1.7269   1.7269   1.7269   1.7269   1.7269
     1.7269   1.7269   1.7269   1.7269   1.7269   1.7269   1.7874   1.7874
     1.7874   1.7874   1.7874   1.7874   1.7874   1.7874   1.8292   1.8292
     1.8292   1.8292   1.8830   1.8830   2.0263   2.0263   2.0263   2.0263
     2.0755   2.0755   2.0755   2.0755   2.0755   2.0755   2.0755   2.0755
     2.0755   2.0755   2.0755   2.0755   2.1076   2.1076   2.1076   2.1076
     2.2844   2.2844   2.5009   2.5009   2.5009   2.5009   2.6752   2.6752
     2.6752   2.6752   2.6752   2.6752   2.6752   2.6752   2.6752   2.6752
     2.6752   2.6752   2.6776   2.6776   2.6776   2.6776   2.7136   2.7136
     2.7136   2.7136   2.7698   2.7698   2.7698   2.7698   2.7885   2.7885
     2.7885   2.7885   2.7918   2.7918   2.7918   2.7918   2.7918   2.7918
     2.7918   2.7918   3.1006   3.1006   3.1006   3.1006   3.1671   3.1671
     3.1671   3.1671   3.2512   3.2512   3.2512   3.2512   3.2704   3.2704
     3.2704   3.2704   3.2704   3.2704   3.2704   3.2704   3.2704   3.2704
     3.2704   3.2704   3.2704   3.2704   3.2704   3.2704   3.4307   3.4307
     3.4307   3.4307   3.9623   3.9964   3.9964   4.0409   4.0409   4.0409

          k = 0.0000 0.0000 0.1000 (   413 PWs)   bands (ev):

    -8.5932  -8.5708  -7.9125  -7.9125  -7.9125  -7.9125  -7.8277  -7.8277
    -7.8277  -7.8277  -7.7922  -7.7221  -7.7221  -7.7221  -7.7221  -7.5961
    -7.5961  -7.5961  -7.5961  -7.5937  -7.4839  -7.4839  -7.4839  -7.4839
    -7.4635  -7.4635  -7.4635  -7.4635  -7.3740  -7.1335  -6.7670  -6.7670
    -6.7670  -6.7670  -6.5939  -6.5939  -6.5939  -6.5939  -6.4998  -6.4998
    -6.4998  -6.4998  -6.4882  -6.4882  -6.4882  -6.4882  -6.4048  -6.4048
    -6.4048  -6.4048  -6.2367  -6.2367  -6.2367  -6.2367  -6.2205  -6.2205
    -6.2205  -6.2205  -6.2011  -6.2011  -6.2011  -6.2011  -6.1972  -6.1972
    -6.1972  -6.1972  -5.9389  -5.9389  -5.9389  -5.9389  -5.8656  -5.8656
    -5.8656  -5.8656  -5.8656  -5.8656  -5.8656  -5.8656  -5.8276  -5.8276
    -5.8276  -5.8276  -5.8276  -5.8276  -5.8276  -5.8276  -5.7856  -5.7856
    -5.7856  -5.7856  -5.7856  -5.7856  -5.7856  -5.7856  -5.7432  -5.7432
    -5.7432  -5.7432  -5.7432  -5.7432  -5.7432  -5.7432  -5.6738  -5.6738
    -5.6738  -5.6738  -5.4080  -5.4080  -5.4080  -5.4080  -4.9041  -4.5242
    -4.5242  -4.5242  -4.5242  -4.5151  -4.3139  -4.3139  -4.3139  -4.3139
    -4.3064  -4.3064  -4.3064  -4.3064  -4.2776  -4.2776  -4.2776  -4.2776
    -4.1652  -4.1652  -4.1652  -4.1652  -4.1567  -4.1567  -4.1567  -4.1567
    -4.1109  -4.0357  -4.0357  -4.0357  -4.0357  -3.7988  -3.7988  -3.7988
    -3.7988  -3.6927  -3.3405  -3.3405  -3.3405  -3.3405  -3.2857  -3.2857
    -3.2857  -3.2857  -3.1241  -3.1241  -3.1241  -3.1241  -2.9670  -2.9670
    -2.9670  -2.9670  -2.9670  -2.9670  -2.9670  -2.9670  -2.8985  -2.8985
    -2.8985  -2.8985  -2.8485  -2.8485  -2.8485  -2.8485  -2.8485  -2.8485
    -2.8485  -2.8485  -2.7216  -2.7216  -2.7216  -2.7216  -2.7216  -2.7216
    -2.7216  -2.7216  -2.6705  -2.6705  -2.6705  -2.6705  -2.5993  -2.5993
    -2.5993  -2.5993  -2.5993  -2.5993  -2.5993  -2.5993  -2.4428  -2.4428
    -2.4428  -2.4428  -2.1971  -2.1971  -2.1971  -2.1971  -1.9718  -1.9718
    -1.9718  -1.9718  -1.9562  -1.9562  -1.9562  -1.9562  -1.8485  -1.8485
    -1.8485  -1.8485  -1.7083  -1.7083  -1.7083  -1.7083  -1.4574  -1.4574
    -1.4574  -1.4574  -0.6079  -0.6079  -0.6079  -0.6079  -0.4611  -0.2986
    -0.2986  -0.2986  -0.2986  -0.2246  -0.2246  -0.2246  -0.2246  -0.1211
    -0.1211  -0.1211  -0.1211  -0.0849  -0.0849  -0.0849  -0.0849  -0.0664
    -0.0664  -0.0664  -0.0664   0.0074   0.0074   0.0074   0.0074   0.0201
     0.0201   0.0201   0.0201   0.0201   0.0265   0.0265   0.0265   0.0265
     0.0472   0.0472   0.0472   0.0472   0.0955   0.0955   0.0955   0.0955
     0.1317   0.1317   0.1317   0.1317   0.1618   0.1618   0.1618   0.1618
     0.1820   0.1820   0.1820   0.1820   0.1983   0.1983   0.1983   0.1983
     0.2496   0.2496   0.2496   0.2496   0.2889   0.2889   0.2889   0.2889
     0.3182   0.3182   0.3182   0.3182   0.3268   0.3268   0.3268   0.3268
     0.3268   0.3268   0.3268   0.3268   0.3272   0.3272   0.3272   0.3272
     0.3272   0.3272   0.3272   0.3272   0.3427   0.3427   0.3427   0.3427
     0.3465   0.3465   0.3465   0.3465   0.3465   0.3465   0.3465   0.3465
     0.3478   0.3478   0.3478   0.3478   0.3478   0.3478   0.3478   0.3478
     0.3928   0.3928   0.3928   0.3928   0.4810   0.4810   0.4810   0.4810
     0.5021   0.8127   0.8127   0.8127   0.8127   0.9525   0.9525   0.9525
     0.9525   0.9833   1.0114   1.0114   1.0114   1.0114   1.0225   1.0225
     1.0440   1.0440   1.5542   1.5542   1.5542   1.5542   1.5542   1.5542
     1.5542   1.5542   1.6095   1.6095   1.6095   1.6095   1.6806   1.6806
     1.6806   1.6806   1.6806   1.6806   1.6806   1.6806   1.6823   1.6823
     1.6823   1.6823   1.7636   1.7636   1.7636   1.7636   1.7636   1.7636
     1.7636   1.7636   1.7759   1.7759   1.7759   1.7759   1.7933   1.7933
     1.8019   1.8019   1.8019   1.8019   1.8019   1.8019   1.8019   1.8019
     1.8864   1.8864   1.8864   1.8864   1.9678   1.9678   1.9678   1.9678
     1.9771   1.9771   2.0630   2.0630   2.0630   2.0630   2.0837   2.0837
     2.0837   2.0837   2.1453   2.1453   2.1453   2.1453   2.1780   2.1780
     2.3906   2.3906   2.3906   2.3906   2.3945   2.3945   2.5947   2.5947
     2.5947   2.5947   2.6220   2.6220   2.6220   2.6220   2.6759   2.6759
     2.6759   2.6759   2.6813   2.6813   2.6813   2.6813   2.7315   2.7315
     2.7315   2.7315   2.7718   2.7718   2.7718   2.7718   2.7845   2.7845
     2.7845   2.7845   2.7905   2.7905   2.7905   2.7905   2.7910   2.7910
     2.7910   2.7910   3.0121   3.0121   3.0121   3.0121   3.0728   3.0728
     3.0728   3.0728   3.1856   3.1856   3.1856   3.1856   3.1873   3.1873
     3.1873   3.1873   3.2318   3.2318   3.2318   3.2318   3.2830   3.2830
     3.2830   3.2830   3.3507   3.3507   3.3507   3.3507   3.5001   3.5001
     3.5001   3.5001   3.8685   3.9431   3.9431   4.0209   4.0296   4.0296

          k = 0.0000 0.0000 0.2000 (   412 PWs)   bands (ev):

    -8.5848  -8.5569  -8.0609  -7.9524  -7.8727  -7.8727  -7.8727  -7.8727
    -7.8449  -7.7790  -7.7389  -7.7386  -7.6956  -7.6695  -7.6617  -7.6617
    -7.6617  -7.6617  -7.6341  -7.5602  -7.5313  -7.4763  -7.4763  -7.4763
    -7.4763  -7.4309  -7.3413  -7.2563  -7.2315  -7.1212  -6.9552  -6.8565
    -6.7617  -6.6825  -6.6825  -6.6825  -6.6825  -6.6584  -6.5680  -6.5578
    -6.4955  -6.4955  -6.4955  -6.4955  -6.3819  -6.3690  -6.3474  -6.3047
    -6.3047  -6.3047  -6.3047  -6.2912  -6.2831  -6.2559  -6.2268  -6.2268
    -6.2268  -6.2268  -6.2182  -6.2051  -6.1981  -6.1809  -6.1783  -6.1545
    -6.1092  -6.1086  -6.1035  -6.0696  -6.0692  -6.0692  -6.0692  -6.0692
    -6.0188  -5.9939  -5.9602  -5.9351  -5.8841  -5.8473  -5.8473  -5.8473
    -5.8473  -5.8473  -5.8473  -5.8473  -5.8473  -5.8391  -5.7731  -5.7642
    -5.7642  -5.7642  -5.7642  -5.7642  -5.7642  -5.7642  -5.7642  -5.6622
    -5.6362  -5.6286  -5.5981  -5.5495  -5.5405  -5.5405  -5.5405  -5.5405
    -5.5255  -5.5064  -5.4350  -5.4151  -5.4039  -5.3947  -4.8969  -4.7115
    -4.6990  -4.6052  -4.5848  -4.5839  -4.5091  -4.5027  -4.4686  -4.4094
    -4.4004  -4.4004  -4.4004  -4.4004  -4.3108  -4.3108  -4.3108  -4.3108
    -4.1600  -4.1600  -4.1600  -4.1600  -4.0998  -3.9270  -3.9164  -3.9164
    -3.9164  -3.9164  -3.9035  -3.8979  -3.8660  -3.8243  -3.7480  -3.7462
    -3.7261  -3.6909  -3.3273  -3.3202  -3.3202  -3.3202  -3.3202  -3.3056
    -3.2424  -3.1926  -3.1519  -3.1501  -3.1417  -3.1257  -3.0978  -3.0896
    -3.0374  -3.0147  -3.0115  -3.0115  -3.0115  -3.0115  -2.9515  -2.9329
    -2.9100  -2.9100  -2.9100  -2.9100  -2.9100  -2.9100  -2.9100  -2.9100
    -2.8782  -2.8519  -2.8492  -2.7425  -2.7196  -2.7148  -2.6592  -2.6592
    -2.6592  -2.6592  -2.6592  -2.6592  -2.6592  -2.6592  -2.6484  -2.5978
    -2.5570  -2.5570  -2.5570  -2.5570  -2.5332  -2.4276  -2.3921  -2.3601
    -2.3500  -2.3212  -2.3127  -2.2333  -2.1696  -2.1445  -2.0944  -2.0778
    -2.0778  -2.0778  -2.0778  -1.9914  -1.8976  -1.8976  -1.8976  -1.8976
    -1.8592  -1.7470  -1.6627  -1.6056  -1.5835  -1.5835  -1.5835  -1.5835
    -1.3951  -1.2027  -1.0619  -0.7588  -0.4994  -0.4547  -0.4547  -0.4547
    -0.4547  -0.4517  -0.3075  -0.2535  -0.2488  -0.2421  -0.2339  -0.2207
    -0.1784  -0.1600  -0.1600  -0.1600  -0.1600  -0.1550  -0.1393  -0.1392
    -0.1240  -0.1118  -0.1049  -0.0842  -0.0819  -0.0519  -0.0519  -0.0519
    -0.0519  -0.0435   0.0224   0.0224   0.0224   0.0224   0.0301   0.0331
     0.0392   0.0392   0.0514   0.0514   0.0514   0.0514   0.0649   0.0712
     0.0868   0.1502   0.1653   0.1705   0.1795   0.1816   0.1816   0.1816
     0.1816   0.1920   0.1920   0.1920   0.1920   0.2031   0.2031   0.2031
     0.2031   0.2068   0.2158   0.2158   0.2158   0.2158   0.2433   0.2474
     0.2488   0.2927   0.2927   0.2927   0.2927   0.2970   0.3198   0.3238
     0.3332   0.3332   0.3332   0.3332   0.3332   0.3332   0.3332   0.3332
     0.3337   0.3342   0.3342   0.3342   0.3342   0.3342   0.3342   0.3342
     0.3342   0.3823   0.3853   0.3854   0.3886   0.3992   0.4151   0.4244
     0.5056   0.5455   0.5734   0.5743   0.5808   0.5969   0.6007   0.6075
     0.6229   0.6433   0.6433   0.6433   0.6433   0.6439   0.7298   0.7430
     0.7592   0.7894   0.7920   0.8129   0.8392   0.8882   0.8996   0.9000
     0.9693   0.9929   0.9929   0.9929   0.9929   1.0183   1.0306   1.0306
     1.0487   1.0493   1.4449   1.4549   1.4802   1.4855   1.4871   1.4913
     1.5673   1.5812   1.5869   1.6127   1.6177   1.6204   1.6204   1.6204
     1.6204   1.6204   1.6204   1.6204   1.6204   1.6452   1.6452   1.6452
     1.6452   1.6634   1.6887   1.6960   1.7372   1.7405   1.7714   1.7774
     1.7874   1.7874   1.7874   1.7874   1.7874   1.7874   1.7874   1.7874
     1.7949   1.8072   1.8205   1.8292   1.8292   1.8292   1.8292   1.8423
     1.8825   1.8830   1.8830   1.8926   1.9034   1.9244   1.9789   1.9875
     2.0024   2.0135   2.0263   2.0263   2.0263   2.0263   2.1075   2.1076
     2.1076   2.1076   2.1076   2.1890   2.2261   2.2844   2.2844   2.3281
     2.3593   2.3701   2.3705   2.3921   2.4022   2.4351   2.4529   2.4708
     2.4905   2.5009   2.5009   2.5009   2.5009   2.5236   2.5317   2.6021
     2.6630   2.6652   2.6776   2.6776   2.6776   2.6776   2.7136   2.7136
     2.7136   2.7136   2.7204   2.7235   2.7368   2.7495   2.7575   2.7698
     2.7698   2.7698   2.7698   2.7717   2.7885   2.7885   2.7885   2.7885
     2.8051   2.8104   2.8644   2.8995   2.9440   2.9538   2.9911   2.9979
     3.1006   3.1006   3.1006   3.1006   3.1371   3.1670   3.1671   3.1671
     3.1671   3.1671   3.2180   3.2512   3.2512   3.2512   3.2512   3.2829
     3.3156   3.3366   3.3749   3.4209   3.4307   3.4307   3.4307   3.4307
     3.4314   3.5295   3.6543   3.9175   3.9623   3.9964   3.9964   4.0035

          k = 0.0000 0.0000 0.3000 (   411 PWs)   bands (ev):

    -8.5708  -8.4703  -8.2489  -8.0291  -7.9158  -7.9125  -7.9125  -7.9125
    -7.9125  -7.8125  -7.8066  -7.7922  -7.7054  -7.6017  -7.5961  -7.5961
    -7.5961  -7.5961  -7.5895  -7.4977  -7.4635  -7.4635  -7.4635  -7.4635
    -7.2972  -7.2848  -7.1556  -7.1335  -7.1100  -7.0828  -6.9869  -6.9363
    -6.8249  -6.7670  -6.7670  -6.7670  -6.7670  -6.6803  -6.6450  -6.6004
    -6.5938  -6.5354  -6.4882  -6.4882  -6.4882  -6.4882  -6.4732  -6.4728
    -6.3655  -6.3249  -6.3165  -6.3135  -6.2840  -6.2367  -6.2367  -6.2367
    -6.2367  -6.2320  -6.2232  -6.2011  -6.2011  -6.2011  -6.2011  -6.1972
    -6.1972  -6.1972  -6.1972  -6.1582  -6.1343  -6.1296  -6.0951  -6.0910
    -6.0027  -5.9430  -5.9216  -5.9082  -5.8656  -5.8656  -5.8656  -5.8656
    -5.8656  -5.8656  -5.8656  -5.8656  -5.8227  -5.7432  -5.7432  -5.7432
    -5.7432  -5.7432  -5.7432  -5.7432  -5.7432  -5.6955  -5.6531  -5.6408
    -5.4611  -5.4402  -5.4350  -5.4080  -5.4080  -5.4080  -5.4080  -5.3379
    -5.3265  -5.2488  -5.2452  -5.2342  -5.1550  -5.1416  -5.0978  -5.0509
    -4.9453  -4.9365  -4.9044  -4.9041  -4.8214  -4.7183  -4.6747  -4.6362
    -4.5242  -4.5242  -4.5242  -4.5242  -4.3064  -4.3064  -4.3064  -4.3064
    -4.1652  -4.1652  -4.1652  -4.1652  -3.8775  -3.7988  -3.7988  -3.7988
    -3.7988  -3.7444  -3.6927  -3.6604  -3.5478  -3.4854  -3.4796  -3.4411
    -3.4262  -3.3504  -3.3473  -3.3108  -3.2857  -3.2857  -3.2857  -3.2857
    -3.2826  -3.2734  -3.2678  -3.2465  -3.2397  -3.2099  -3.2006  -3.1808
    -3.1703  -3.1241  -3.1241  -3.1241  -3.1241  -3.1206  -3.0666  -3.0383
    -2.9915  -2.9670  -2.9670  -2.9670  -2.9670  -2.9670  -2.9670  -2.9670
    -2.9670  -2.9667  -2.8541  -2.8173  -2.7759  -2.7595  -2.7172  -2.6985
    -2.6367  -2.6079  -2.5993  -2.5993  -2.5993  -2.5993  -2.5993  -2.5993
    -2.5993  -2.5993  -2.4827  -2.4428  -2.4428  -2.4428  -2.4428  -2.4130
    -2.4126  -2.3930  -2.1971  -2.1971  -2.1971  -2.1971  -2.0796  -2.0396
    -1.9971  -1.9718  -1.9718  -1.9718  -1.9718  -1.9524  -1.9157  -1.8395
    -1.7660  -1.7289  -1.6807  -1.5947  -1.4574  -1.4574  -1.4574  -1.4574
    -1.4454  -1.1893  -1.1889  -1.0712  -0.9048  -0.6959  -0.6079  -0.6079
    -0.6079  -0.6079  -0.6020  -0.5990  -0.4611  -0.4093  -0.3438  -0.3076
    -0.3036  -0.2878  -0.2859  -0.2708  -0.2579  -0.2246  -0.2246  -0.2246
    -0.2246  -0.2019  -0.1601  -0.1542  -0.1397  -0.1211  -0.1211  -0.1211
    -0.1211  -0.1190  -0.0997  -0.0664  -0.0664  -0.0664  -0.0664  -0.0427
    -0.0279   0.0037   0.0058   0.0472   0.0472   0.0472   0.0472   0.0742
     0.0781   0.1618   0.1618   0.1618   0.1618   0.1708   0.1777   0.1783
     0.2157   0.2523   0.2889   0.2889   0.2889   0.2889   0.3181   0.3182
     0.3182   0.3182   0.3182   0.3427   0.3427   0.3427   0.3427   0.3454
     0.3465   0.3465   0.3465   0.3465   0.3465   0.3465   0.3465   0.3465
     0.3478   0.3478   0.3478   0.3478   0.3478   0.3478   0.3478   0.3478
     0.3491   0.3576   0.3881   0.3928   0.3928   0.3928   0.3928   0.4473
     0.5024   0.5361   0.5989   0.6776   0.6906   0.6923   0.7184   0.7418
     0.7538   0.7585   0.7666   0.7740   0.7940   0.8054   0.8127   0.8127
     0.8127   0.8127   0.8488   0.8861   0.9525   0.9525   0.9525   0.9525
     0.9624   0.9759   0.9767   0.9833   0.9844   1.0440   1.0440   1.0449
     1.0860   1.0986   1.1046   1.1098   1.1188   1.1267   1.1335   1.1719
     1.1723   1.1904   1.2117   1.2440   1.2517   1.2854   1.3293   1.3624
     1.3706   1.3839   1.4128   1.4242   1.5326   1.5542   1.5542   1.5542
     1.5542   1.5542   1.5542   1.5542   1.5542   1.5890   1.6095   1.6095
     1.6095   1.6095   1.6561   1.6573   1.6614   1.6900   1.7107   1.7739
     1.7933   1.7933   1.7981   1.8019   1.8019   1.8019   1.8019   1.8019
     1.8019   1.8019   1.8019   1.8098   1.8231   1.8458   1.8864   1.8864
     1.8864   1.8864   1.8981   1.9486   1.9552   1.9678   1.9678   1.9678
     1.9678   1.9684   1.9993   2.0240   2.0776   2.0803   2.0814   2.1040
     2.1157   2.1346   2.1453   2.1453   2.1453   2.1453   2.1511   2.1555
     2.2094   2.2110   2.2225   2.2311   2.2414   2.2612   2.2747   2.2793
     2.3035   2.3906   2.3906   2.3906   2.3906   2.3945   2.3945   2.3951
     2.4792   2.5129   2.5192   2.5604   2.5610   2.5643   2.5670   2.5985
     2.6220   2.6220   2.6220   2.6220   2.6813   2.6813   2.6813   2.6813
     2.7358   2.7626   2.7845   2.7845   2.7845   2.7845   2.7888   2.7905
     2.7905   2.7905   2.7905   2.8126   2.8438   2.9709   2.9908   2.9966
     3.0111   3.0121   3.0121   3.0121   3.0121   3.0279   3.0616   3.0728
     3.0728   3.0728   3.0728   3.1856   3.1856   3.1856   3.1856   3.1882
     3.2180   3.2307   3.2632   3.2882   3.3876   3.4434   3.5001   3.5001
     3.5001   3.5001   3.6868   3.6920   3.8685   3.9402   3.9431   3.9431

          k = 0.0000 0.1000 0.0000 (   413 PWs)   bands (ev):

    -8.5932  -8.4032  -8.1826  -8.1804  -8.0728  -7.9637  -7.8559  -7.8277
    -7.8277  -7.8277  -7.8277  -7.7221  -7.7221  -7.7221  -7.7221  -7.5937
    -7.5269  -7.4839  -7.4839  -7.4839  -7.4839  -7.4195  -7.3740  -7.3279
    -7.3214  -7.2298  -7.2167  -7.2042  -7.1346  -7.0960  -7.0434  -7.0070
    -6.9115  -6.9015  -6.8216  -6.7363  -6.6636  -6.6576  -6.5939  -6.5939
    -6.5939  -6.5939  -6.5346  -6.4998  -6.4998  -6.4998  -6.4998  -6.4852
    -6.4319  -6.4048  -6.4048  -6.4048  -6.4048  -6.3827  -6.3191  -6.2599
    -6.2511  -6.2205  -6.2205  -6.2205  -6.2205  -6.1762  -6.1686  -6.1479
    -6.1448  -5.9868  -5.9389  -5.9389  -5.9389  -5.9389  -5.8433  -5.8389
    -5.8276  -5.8276  -5.8276  -5.8276  -5.8276  -5.8276  -5.8276  -5.8276
    -5.8106  -5.8037  -5.7942  -5.7856  -5.7856  -5.7856  -5.7856  -5.7856
    -5.7856  -5.7856  -5.7856  -5.7777  -5.7107  -5.7017  -5.6953  -5.6919
    -5.6738  -5.6738  -5.6738  -5.6738  -5.6479  -5.5863  -5.5783  -5.5711
    -5.5138  -5.4926  -5.4738  -5.2577  -5.2158  -5.1173  -5.0484  -5.0035
    -4.8774  -4.7874  -4.7335  -4.6382  -4.5635  -4.5151  -4.4637  -4.4263
    -4.3139  -4.3139  -4.3139  -4.3139  -4.2776  -4.2776  -4.2776  -4.2776
    -4.1567  -4.1567  -4.1567  -4.1567  -4.1109  -4.0561  -4.0357  -4.0357
    -4.0357  -4.0357  -4.0015  -3.8765  -3.8602  -3.7375  -3.6681  -3.5760
    -3.4605  -3.3455  -3.3405  -3.3405  -3.3405  -3.3405  -3.2851  -3.2001
    -3.1971  -3.1818  -3.1815  -3.1747  -3.1544  -3.1536  -3.1273  -3.1127
    -3.0526  -3.0520  -3.0091  -2.9491  -2.8985  -2.8985  -2.8985  -2.8985
    -2.8871  -2.8601  -2.8485  -2.8485  -2.8485  -2.8485  -2.8485  -2.8485
    -2.8485  -2.8485  -2.7917  -2.7836  -2.7253  -2.7234  -2.7216  -2.7216
    -2.7216  -2.7216  -2.7216  -2.7216  -2.7216  -2.7216  -2.6877  -2.6705
    -2.6705  -2.6705  -2.6705  -2.6624  -2.6150  -2.6110  -2.5994  -2.4993
    -2.4160  -2.3307  -2.2180  -2.2027  -2.1048  -2.0956  -1.9704  -1.9661
    -1.9562  -1.9562  -1.9562  -1.9562  -1.8485  -1.8485  -1.8485  -1.8485
    -1.7453  -1.7215  -1.7083  -1.7083  -1.7083  -1.7083  -1.6857  -1.4715
    -1.4649  -1.1835  -1.1584  -1.0449  -0.8991  -0.7309  -0.7124  -0.5690
    -0.5230  -0.5126  -0.4630  -0.4593  -0.4548  -0.4034  -0.3773  -0.3614
    -0.3135  -0.2986  -0.2986  -0.2986  -0.2986  -0.2744  -0.2677  -0.2330
    -0.2042  -0.1979  -0.0849  -0.0849  -0.0849  -0.0849   0.0074   0.0074
     0.0074   0.0074   0.0201   0.0201   0.0201   0.0201   0.0201   0.0265
     0.0265   0.0265   0.0265   0.0369   0.0646   0.0670   0.0955   0.0955
     0.0955   0.0955   0.1117   0.1317   0.1317   0.1317   0.1317   0.1731
     0.1820   0.1820   0.1820   0.1820   0.1983   0.1983   0.1983   0.1983
     0.1999   0.2396   0.2496   0.2496   0.2496   0.2496   0.2900   0.3231
     0.3268   0.3268   0.3268   0.3268   0.3268   0.3268   0.3268   0.3268
     0.3272   0.3272   0.3272   0.3272   0.3272   0.3272   0.3272   0.3272
     0.3358   0.3758   0.4255   0.4689   0.4754   0.4810   0.4810   0.4810
     0.4810   0.4964   0.4975   0.5021   0.5522   0.5592   0.5685   0.6215
     0.7043   0.7396   0.7455   0.7475   0.7933   0.7971   0.8095   0.8441
     0.8897   0.9453   0.9549   0.9771   0.9934   1.0086   1.0114   1.0114
     1.0114   1.0114   1.0225   1.0225   1.0553   1.0716   1.0769   1.1041
     1.1191   1.1461   1.1594   1.1652   1.1875   1.2033   1.2312   1.2814
     1.3046   1.3204   1.3399   1.3685   1.3727   1.3771   1.4121   1.4144
     1.4205   1.4213   1.4657   1.5123   1.5332   1.5716   1.5810   1.5918
     1.5958   1.6267   1.6332   1.6423   1.6461   1.6495   1.6806   1.6806
     1.6806   1.6806   1.6806   1.6806   1.6806   1.6806   1.6823   1.6823
     1.6823   1.6823   1.6840   1.7081   1.7139   1.7150   1.7283   1.7636
     1.7636   1.7636   1.7636   1.7636   1.7636   1.7636   1.7636   1.7727
     1.7759   1.7759   1.7759   1.7759   1.8475   1.8916   1.8939   1.9478
     1.9771   1.9771   2.0236   2.0419   2.0600   2.0630   2.0630   2.0630
     2.0630   2.0837   2.0837   2.0837   2.0837   2.0932   2.0984   2.1459
     2.1506   2.1699   2.1780   2.1780   2.2299   2.2654   2.2801   2.3260
     2.3363   2.3369   2.3483   2.3485   2.5113   2.5148   2.5345   2.5512
     2.5760   2.5794   2.5947   2.5947   2.5947   2.5947   2.5960   2.6113
     2.6408   2.6759   2.6759   2.6759   2.6759   2.6889   2.6996   2.7180
     2.7315   2.7315   2.7315   2.7315   2.7452   2.7522   2.7718   2.7718
     2.7718   2.7718   2.7910   2.7910   2.7910   2.7910   2.7938   2.8275
     2.8386   2.8516   2.8579   2.8680   2.9616   2.9828   3.0734   3.1873
     3.1873   3.1873   3.1873   3.2318   3.2318   3.2318   3.2318   3.2830
     3.2830   3.2830   3.2830   3.3507   3.3507   3.3507   3.3507   3.4465
     3.5911   3.6037   3.6163   3.6646   3.8062   4.0209   4.0296   4.0296

          k = 0.0000 0.2000 0.0000 (   413 PWs)   bands (ev):

    -8.5960  -8.5848  -7.8727  -7.8727  -7.8727  -7.8727  -7.7775  -7.7775
    -7.7775  -7.7775  -7.7775  -7.7775  -7.7775  -7.7775  -7.6956  -7.6617
    -7.6617  -7.6617  -7.6617  -7.4865  -7.4865  -7.4865  -7.4865  -7.4865
    -7.4865  -7.4763  -7.4763  -7.4763  -7.4763  -7.2563  -6.6825  -6.6825
    -6.6825  -6.6825  -6.5013  -6.5013  -6.5013  -6.5013  -6.5013  -6.5013
    -6.5013  -6.5013  -6.5013  -6.5013  -6.5013  -6.5013  -6.4955  -6.4955
    -6.4955  -6.4955  -6.3047  -6.3047  -6.3047  -6.3047  -6.2268  -6.2268
    -6.2268  -6.2268  -6.2184  -6.2184  -6.2184  -6.2184  -6.0692  -6.0692
    -6.0692  -6.0692  -5.8473  -5.8473  -5.8473  -5.8473  -5.8473  -5.8473
    -5.8473  -5.8473  -5.8069  -5.8069  -5.8069  -5.8069  -5.8069  -5.8069
    -5.8069  -5.8069  -5.8069  -5.8069  -5.8069  -5.8069  -5.8069  -5.8069
    -5.8069  -5.8069  -5.8069  -5.8069  -5.8069  -5.8069  -5.8069  -5.8069
    -5.8069  -5.8069  -5.7642  -5.7642  -5.7642  -5.7642  -5.7642  -5.7642
    -5.7642  -5.7642  -5.5405  -5.5405  -5.5405  -5.5405  -4.7115  -4.4004
    -4.4004  -4.4004  -4.4004  -4.3148  -4.3148  -4.3148  -4.3148  -4.3148
    -4.3148  -4.3108  -4.3108  -4.3108  -4.3108  -4.1600  -4.1600  -4.1600
    -4.1600  -4.1560  -4.1560  -4.1560  -4.1560  -4.1560  -4.1560  -4.1560
    -4.1560  -4.1560  -4.1560  -4.1560  -4.1560  -3.9164  -3.9164  -3.9164
    -3.9164  -3.9035  -3.3473  -3.3473  -3.3473  -3.3473  -3.3202  -3.3202
    -3.3202  -3.3202  -3.0115  -3.0115  -3.0115  -3.0115  -2.9100  -2.9100
    -2.9100  -2.9100  -2.9100  -2.9100  -2.9100  -2.9100  -2.7853  -2.7853
    -2.7853  -2.7853  -2.7853  -2.7853  -2.7853  -2.7853  -2.7853  -2.7853
    -2.7853  -2.7853  -2.7853  -2.7853  -2.7853  -2.7853  -2.7853  -2.7853
    -2.7853  -2.7853  -2.7853  -2.7853  -2.7853  -2.7853  -2.6592  -2.6592
    -2.6592  -2.6592  -2.6592  -2.6592  -2.6592  -2.6592  -2.5570  -2.5570
    -2.5570  -2.5570  -2.0778  -2.0778  -2.0778  -2.0778  -1.8976  -1.8976
    -1.8976  -1.8976  -1.8317  -1.8317  -1.8317  -1.8317  -1.8317  -1.8317
    -1.8317  -1.8317  -1.8317  -1.8317  -1.8317  -1.8317  -1.5835  -1.5835
    -1.5835  -1.5835  -0.4547  -0.4547  -0.4547  -0.4547  -0.2207  -0.1600
    -0.1600  -0.1600  -0.1600  -0.1402  -0.1402  -0.1402  -0.1402  -0.1402
    -0.1402  -0.1402  -0.1402  -0.0519  -0.0519  -0.0519  -0.0519  -0.0000
    -0.0000  -0.0000  -0.0000  -0.0000  -0.0000  -0.0000  -0.0000   0.0000
     0.0000   0.0000   0.0000   0.0224   0.0224   0.0224   0.0224   0.0514
     0.0514   0.0514   0.0514   0.1102   0.1102   0.1102   0.1102   0.1102
     0.1102   0.1102   0.1102   0.1102   0.1102   0.1102   0.1102   0.1816
     0.1816   0.1816   0.1816   0.1920   0.1920   0.1920   0.1920   0.2031
     0.2031   0.2031   0.2031   0.2158   0.2158   0.2158   0.2158   0.2611
     0.2611   0.2611   0.2611   0.2611   0.2611   0.2927   0.2927   0.2927
     0.2927   0.3244   0.3244   0.3244   0.3244   0.3244   0.3244   0.3244
     0.3244   0.3244   0.3244   0.3244   0.3244   0.3244   0.3244   0.3244
     0.3244   0.3244   0.3244   0.3244   0.3244   0.3244   0.3244   0.3244
     0.3244   0.3332   0.3332   0.3332   0.3332   0.3332   0.3332   0.3332
     0.3332   0.3342   0.3342   0.3342   0.3342   0.3342   0.3342   0.3342
     0.3342   0.6433   0.6433   0.6433   0.6433   0.7430   0.9929   0.9929
     0.9929   0.9929   1.0198   1.0198   1.0198   1.0198   1.0198   1.0198
     1.0306   1.0306   1.6204   1.6204   1.6204   1.6204   1.6204   1.6204
     1.6204   1.6204   1.6452   1.6452   1.6452   1.6452   1.7269   1.7269
     1.7269   1.7269   1.7269   1.7269   1.7269   1.7269   1.7269   1.7269
     1.7269   1.7269   1.7269   1.7269   1.7269   1.7269   1.7269   1.7269
     1.7269   1.7269   1.7269   1.7269   1.7269   1.7269   1.7874   1.7874
     1.7874   1.7874   1.7874   1.7874   1.7874   1.7874   1.8292   1.8292
     1.8292   1.8292   1.8830   1.8830   2.0263   2.0263   2.0263   2.0263
     2.0755   2.0755   2.0755   2.0755   2.0755   2.0755   2.0755   2.0755
     2.0755   2.0755   2.0755   2.0755   2.1076   2.1076   2.1076   2.1076
     2.2844   2.2844   2.5009   2.5009   2.5009   2.5009   2.6752   2.6752
     2.6752   2.6752   2.6752   2.6752   2.6752   2.6752   2.6752   2.6752
     2.6752   2.6752   2.6776   2.6776   2.6776   2.6776   2.7136   2.7136
     2.7136   2.7136   2.7698   2.7698   2.7698   2.7698   2.7885   2.7885
     2.7885   2.7885   2.7918   2.7918   2.7918   2.7918   2.7918   2.7918
     2.7918   2.7918   3.1006   3.1006   3.1006   3.1006   3.1671   3.1671
     3.1671   3.1671   3.2512   3.2512   3.2512   3.2512   3.2704   3.2704
     3.2704   3.2704   3.2704   3.2704   3.2704   3.2704   3.2704   3.2704
     3.2704   3.2704   3.2704   3.2704   3.2704   3.2704   3.4307   3.4307
     3.4307   3.4307   3.9623   3.9964   3.9964   4.0409   4.0409   4.0409

          k = 0.0000 0.3000 0.0000 (   412 PWs)   bands (ev):

    -8.5932  -8.5708  -7.9125  -7.9125  -7.9125  -7.9125  -7.8277  -7.8277
    -7.8277  -7.8277  -7.7922  -7.7221  -7.7221  -7.7221  -7.7221  -7.5961
    -7.5961  -7.5961  -7.5961  -7.5937  -7.4839  -7.4839  -7.4839  -7.4839
    -7.4635  -7.4635  -7.4635  -7.4635  -7.3740  -7.1335  -6.7670  -6.7670
    -6.7670  -6.7670  -6.5939  -6.5939  -6.5939  -6.5939  -6.4998  -6.4998
    -6.4998  -6.4998  -6.4882  -6.4882  -6.4882  -6.4882  -6.4048  -6.4048
    -6.4048  -6.4048  -6.2367  -6.2367  -6.2367  -6.2367  -6.2205  -6.2205
    -6.2205  -6.2205  -6.2011  -6.2011  -6.2011  -6.2011  -6.1972  -6.1972
    -6.1972  -6.1972  -5.9389  -5.9389  -5.9389  -5.9389  -5.8656  -5.8656
    -5.8656  -5.8656  -5.8656  -5.8656  -5.8656  -5.8656  -5.8276  -5.8276
    -5.8276  -5.8276  -5.8276  -5.8276  -5.8276  -5.8276  -5.7856  -5.7856
    -5.7856  -5.7856  -5.7856  -5.7856  -5.7856  -5.7856  -5.7432  -5.7432
    -5.7432  -5.7432  -5.7432  -5.7432  -5.7432  -5.7432  -5.6738  -5.6738
    -5.6738  -5.6738  -5.4080  -5.4080  -5.4080  -5.4080  -4.9041  -4.5242
    -4.5242  -4.5242  -4.5242  -4.5151  -4.3139  -4.3139  -4.3139  -4.3139
    -4.3064  -4.3064  -4.3064  -4.3064  -4.2776  -4.2776  -4.2776  -4.2776
    -4.1652  -4.1652  -4.1652  -4.1652  -4.1567  -4.1567  -4.1567  -4.1567
    -4.1109  -4.0357  -4.0357  -4.0357  -4.0357  -3.7988  -3.7988  -3.7988
    -3.7988  -3.6927  -3.3405  -3.3405  -3.3405  -3.3405  -3.2857  -3.2857
    -3.2857  -3.2857  -3.1241  -3.1241  -3.1241  -3.1241  -2.9670  -2.9670
    -2.9670  -2.9670  -2.9670  -2.9670  -2.9670  -2.9670  -2.8985  -2.8985
    -2.8985  -2.8985  -2.8485  -2.8485  -2.8485  -2.8485  -2.8485  -2.8485
    -2.8485  -2.8485  -2.7216  -2.7216  -2.7216  -2.7216  -2.7216  -2.7216
    -2.7216  -2.7216  -2.6705  -2.6705  -2.6705  -2.6705  -2.5993  -2.5993
    -2.5993  -2.5993  -2.5993  -2.5993  -2.5993  -2.5993  -2.4428  -2.4428
    -2.4428  -2.4428  -2.1971  -2.1971  -2.1971  -2.1971  -1.9718  -1.9718
    -1.9718  -1.9718  -1.9562  -1.9562  -1.9562  -1.9562  -1.8485  -1.8485
    -1.8485  -1.8485  -1.7083  -1.7083  -1.7083  -1.7083  -1.4574  -1.4574
    -1.4574  -1.4574  -0.6079  -0.6079  -0.6079  -0.6079  -0.4611  -0.2986
    -0.2986  -0.2986  -0.2986  -0.2246  -0.2246  -0.2246  -0.2246  -0.1211
    -0.1211  -0.1211  -0.1211  -0.0849  -0.0849  -0.0849  -0.0849  -0.0664
    -0.0664  -0.0664  -0.0664   0.0074   0.0074   0.0074   0.0074   0.0201
     0.0201   0.0201   0.0201   0.0201   0.0265   0.0265   0.0265   0.0265
     0.0472   0.0472   0.0472   0.0472   0.0955   0.0955   0.0955   0.0955
     0.1317   0.1317   0.1317   0.1317   0.1618   0.1618   0.1618   0.1618
     0.1820   0.1820   0.1820   0.1820   0.1983   0.1983   0.1983   0.1983
     0.2496   0.2496   0.2496   0.2496   0.2889   0.2889   0.2889   0.2889
     0.3182   0.3182   0.3182   0.3182   0.3268   0.3268   0.3268   0.3268
     0.3268   0.3268   0.3268   0.3268   0.3272   0.3272   0.3272   0.3272
     0.3272   0.3272   0.3272   0.3272   0.3427   0.3427   0.3427   0.3427
     0.3465   0.3465   0.3465   0.3465   0.3465   0.3465   0.3465   0.3465
     0.3478   0.3478   0.3478   0.3478   0.3478   0.3478   0.3478   0.3478
     0.3928   0.3928   0.3928   0.3928   0.4810   0.4810   0.4810   0.4810
     0.5021   0.8127   0.8127   0.8127   0.8127   0.9525   0.9525   0.9525
     0.9525   0.9833   1.0114   1.0114   1.0114   1.0114   1.0225   1.0225
     1.0440   1.0440   1.5542   1.5542   1.5542   1.5542   1.5542   1.5542
     1.5542   1.5542   1.6095   1.6095   1.6095   1.6095   1.6806   1.6806
     1.6806   1.6806   1.6806   1.6806   1.6806   1.6806   1.6823   1.6823
     1.6823   1.6823   1.7636   1.7636   1.7636   1.7636   1.7636   1.7636
     1.7636   1.7636   1.7759   1.7759   1.7759   1.7759   1.7933   1.7933
     1.8019   1.8019   1.8019   1.8019   1.8019   1.8019   1.8019   1.8019
     1.8864   1.8864   1.8864   1.8864   1.9678   1.9678   1.9678   1.9678
     1.9771   1.9771   2.0630   2.0630   2.0630   2.0630   2.0837   2.0837
     2.0837   2.0837   2.1453   2.1453   2.1453   2.1453   2.1780   2.1780
     2.3906   2.3906   2.3906   2.3906   2.3945   2.3945   2.5947   2.5947
     2.5947   2.5947   2.6220   2.6220   2.6220   2.6220   2.6759   2.6759
     2.6759   2.6759   2.6813   2.6813   2.6813   2.6813   2.7315   2.7315
     2.7315   2.7315   2.7718   2.7718   2.7718   2.7718   2.7845   2.7845
     2.7845   2.7845   2.7905   2.7905   2.7905   2.7905   2.7910   2.7910
     2.7910   2.7910   3.0121   3.0121   3.0121   3.0121   3.0728   3.0728
     3.0728   3.0728   3.1856   3.1856   3.1856   3.1856   3.1873   3.1873
     3.1873   3.1873   3.2318   3.2318   3.2318   3.2318   3.2830   3.2830
     3.2830   3.2830   3.3507   3.3507   3.3507   3.3507   3.5001   3.5001
     3.5001   3.5001   3.8685   3.9431   3.9431   4.0209   4.0296   4.0296

          k = 0.1000 0.2000 0.3000 (   409 PWs)   bands (ev):

    -8.5848  -8.5569  -8.0609  -7.9524  -7.8727  -7.8727  -7.8727  -7.8727
    -7.8449  -7.7790  -7.7389  -7.7386  -7.6956  -7.6695  -7.6617  -7.6617
    -7.6617  -7.6617  -7.6341  -7.5602  -7.5313  -7.4763  -7.4763  -7.4763
    -7.4763  -7.4309  -7.3413  -7.2563  -7.2315  -7.1212  -6.9552  -6.8565
    -6.7617  -6.6825  -6.6825  -6.6825  -6.6825  -6.6584  -6.5680  -6.5578
    -6.4955  -6.4955  -6.4955  -6.4955  -6.3819  -6.3690  -6.3474  -6.3047
    -6.3047  -6.3047  -6.3047  -6.2912  -6.2831  -6.2559  -6.2268  -6.2268
    -6.2268  -6.2268  -6.2182  -6.2051  -6.1981  -6.1809  -6.1783  -6.1545
    -6.1092  -6.1086  -6.1035  -6.0696  -6.0692  -6.0692  -6.0692  -6.0692
    -6.0188  -5.9939  -5.9602  -5.9351  -5.8841  -5.8473  -5.8473  -5.8473
    -5.8473  -5.8473  -5.8473  -5.8473  -5.8473  -5.8391  -5.7731  -5.7642
    -5.7642  -5.7642  -5.7642  -5.7642  -5.7642  -5.7642  -5.7642  -5.6622
    -5.6362  -5.6286  -5.5981  -5.5495  -5.5405  -5.5405  -5.5405  -5.5405
    -5.5255  -5.5064  -5.4350  -5.4151  -5.4039  -5.3947  -4.8969  -4.7115
    -4.6990  -4.6052  -4.5848  -4.5839  -4.5091  -4.5027  -4.4686  -4.4094
    -4.4004  -4.4004  -4.4004  -4.4004  -4.3108  -4.3108  -4.3108  -4.3108
    -4.1600  -4.1600  -4.1600  -4.1600  -4.0998  -3.9270  -3.9164  -3.9164
    -3.9164  -3.9164  -3.9035  -3.8979  -3.8660  -3.8243  -3.7480  -3.7462
    -3.7261  -3.6909  -3.3273  -3.3202  -3.3202  -3.3202  -3.3202  -3.3056
    -3.2424  -3.1926  -3.1519  -3.1501  -3.1417  -3.1257  -3.0978  -3.0896
    -3.0374  -3.0147  -3.0115  -3.0115  -3.0115  -3.0115  -2.9515  -2.9329
    -2.9100  -2.9100  -2.9100  -2.9100  -2.9100  -2.9100  -2.9100  -2.9100
    -2.8782  -2.8519  -2.8492  -2.7425  -2.7196  -2.7148  -2.6592  -2.6592
    -2.6592  -2.6592  -2.6592  -2.6592  -2.6592  -2.6592  -2.6484  -2.5978
    -2.5570  -2.5570  -2.5570  -2.5570  -2.5332  -2.4276  -2.3921  -2.3601
    -2.3500  -2.3212  -2.3127  -2.2333  -2.1696  -2.1445  -2.0944  -2.0778
    -2.0778  -2.0778  -2.0778  -1.9914  -1.8976  -1.8976  -1.8976  -1.8976
    -1.8592  -1.7470  -1.6627  -1.6056  -1.5835  -1.5835  -1.5835  -1.5835
    -1.3951  -1.2027  -1.0619  -0.7588  -0.4994  -0.4547  -0.4547  -0.4547
    -0.4547  -0.4517  -0.3075  -0.2535  -0.2488  -0.2421  -0.2339  -0.2207
    -0.1784  -0.1600  -0.1600  -0.1600  -0.1600  -0.1550  -0.1393  -0.1392
    -0.1240  -0.1118  -0.1049  -0.0842  -0.0819  -0.0519  -0.0519  -0.0519
    -0.0519  -0.0435   0.0224   0.0224   0.0224   0.0224   0.0301   0.0331
     0.0392   0.0392   0.0514   0.0514   0.0514   0.0514   0.0649   0.0712
     0.0868   0.1502   0.1653   0.1705   0.1795   0.1816   0.1816   0.1816
     0.1816   0.1920   0.1920   0.1920   0.1920   0.2031   0.2031   0.2031
     0.2031   0.2068   0.2158   0.2158   0.2158   0.2158   0.2433   0.2474
     0.2488   0.2927   0.2927   0.2927   0.2927   0.2970   0.3198   0.3238
     0.3332   0.3332   0.3332   0.3332   0.3332   0.3332   0.3332   0.3332
     0.3337   0.3342   0.3342   0.3342   0.3342   0.3342   0.3342   0.3342
     0.3342   0.3823   0.3853   0.3854   0.3886   0.3992   0.4151   0.4244
     0.5056   0.5455   0.5734   0.5743   0.5808   0.5969   0.6007   0.6075
     0.6229   0.6433   0.6433   0.6433   0.6433   0.6439   0.7298   0.7430
     0.7592   0.7894   0.7920   0.8129   0.8392   0.8882   0.8996   0.9000
     0.9693   0.9929   0.9929   0.9929   0.9929   1.0183   1.0306   1.0306
     1.0487   1.0493   1.4449   1.4549   1.4802   1.4855   1.4871   1.4913
     1.5673   1.5812   1.5869   1.6127   1.6177   1.6204   1.6204   1.6204
     1.6204   1.6204   1.6204   1.6204   1.6204   1.6452   1.6452   1.6452
     1.6452   1.6634   1.6887   1.6960   1.7372   1.7405   1.7714   1.7774
     1.7874   1.7874   1.7874   1.7874   1.7874   1.7874   1.7874   1.7874
     1.7949   1.8072   1.8205   1.8292   1.8292   1.8292   1.8292   1.8423
     1.8825   1.8830   1.8830   1.8926   1.9034   1.9244   1.9789   1.9875
     2.0024   2.0135   2.0263   2.0263   2.0263   2.0263   2.1075   2.1076
     2.1076   2.1076   2.1076   2.1890   2.2261   2.2844   2.2844   2.3281
     2.3593   2.3701   2.3705   2.3921   2.4022   2.4351   2.4529   2.4708
     2.4905   2.5009   2.5009   2.5009   2.5009   2.5236   2.5317   2.6021
     2.6630   2.6652   2.6776   2.6776   2.6776   2.6776   2.7136   2.7136
     2.7136   2.7136   2.7204   2.7235   2.7368   2.7495   2.7575   2.7698
     2.7698   2.7698   2.7698   2.7717   2.7885   2.7885   2.7885   2.7885
     2.8051   2.8104   2.8644   2.8995   2.9440   2.9538   2.9911   2.9979
     3.1006   3.1006   3.1006   3.1006   3.1371   3.1670   3.1671   3.1671
     3.1671   3.1671   3.2180   3.2512   3.2512   3.2512   3.2512   3.2829
     3.3156   3.3366   3.3749   3.4209   3.4307   3.4307   3.4307   3.4307
     3.4314   3.5295   3.6543   3.9175   3.9623   3.9964   3.9964   4.0035

          k = 0.2000 0.5000 0.4000 (   406 PWs)   bands (ev):

    -8.5708  -8.4703  -8.2489  -8.0291  -7.9158  -7.9125  -7.9125  -7.9125
    -7.9125  -7.8125  -7.8066  -7.7922  -7.7054  -7.6017  -7.5961  -7.5961
    -7.5961  -7.5961  -7.5895  -7.4977  -7.4635  -7.4635  -7.4635  -7.4635
    -7.2972  -7.2848  -7.1556  -7.1335  -7.1100  -7.0828  -6.9869  -6.9363
    -6.8249  -6.7670  -6.7670  -6.7670  -6.7670  -6.6803  -6.6450  -6.6004
    -6.5938  -6.5354  -6.4882  -6.4882  -6.4882  -6.4882  -6.4732  -6.4728
    -6.3655  -6.3249  -6.3165  -6.3135  -6.2840  -6.2367  -6.2367  -6.2367
    -6.2367  -6.2320  -6.2232  -6.2011  -6.2011  -6.2011  -6.2011  -6.1972
    -6.1972  -6.1972  -6.1972  -6.1582  -6.1343  -6.1296  -6.0951  -6.0910
    -6.0027  -5.9430  -5.9216  -5.9082  -5.8656  -5.8656  -5.8656  -5.8656
    -5.8656  -5.8656  -5.8656  -5.8656  -5.8227  -5.7432  -5.7432  -5.7432
    -5.7432  -5.7432  -5.7432  -5.7432  -5.7432  -5.6955  -5.6531  -5.6408
    -5.4611  -5.4402  -5.4350  -5.4080  -5.4080  -5.4080  -5.4080  -5.3379
    -5.3265  -5.2488  -5.2452  -5.2342  -5.1550  -5.1416  -5.0978  -5.0509
    -4.9453  -4.9365  -4.9044  -4.9041  -4.8214  -4.7183  -4.6747  -4.6362
    -4.5242  -4.5242  -4.5242  -4.5242  -4.3064  -4.3064  -4.3064  -4.3064
    -4.1652  -4.1652  -4.1652  -4.1652  -3.8775  -3.7988  -3.7988  -3.7988
    -3.7988  -3.7444  -3.6927  -3.6604  -3.5478  -3.4854  -3.4796  -3.4411
    -3.4262  -3.3504  -3.3473  -3.3108  -3.2857  -3.2857  -3.2857  -3.2857
    -3.2826  -3.2734  -3.2678  -3.2465  -3.2397  -3.2099  -3.2006  -3.1808
    -3.1703  -3.1241  -3.1241  -3.1241  -3.1241  -3.1206  -3.0666  -3.0383
    -2.9915  -2.9670  -2.9670  -2.9670  -2.9670  -2.9670  -2.9670  -2.9670
    -2.9670  -2.9667  -2.8541  -2.8173  -2.7759  -2.7595  -2.7172  -2.6985
    -2.6367  -2.6079  -2.5993  -2.5993  -2.5993  -2.5993  -2.5993  -2.5993
    -2.5993  -2.5993  -2.4827  -2.4428  -2.4428  -2.4428  -2.4428  -2.4130
    -2.4126  -2.3930  -2.1971  -2.1971  -2.1971  -2.1971  -2.0796  -2.0396
    -1.9971  -1.9718  -1.9718  -1.9718  -1.9718  -1.9524  -1.9157  -1.8395
    -1.7660  -1.7289  -1.6807  -1.5947  -1.4574  -1.4574  -1.4574  -1.4574
    -1.4454  -1.1893  -1.1889  -1.0712  -0.9048  -0.6959  -0.6079  -0.6079
    -0.6079  -0.6079  -0.6020  -0.5990  -0.4611  -0.4093  -0.3438  -0.3076
    -0.3036  -0.2878  -0.2859  -0.2708  -0.2579  -0.2246  -0.2246  -0.2246
    -0.2246  -0.2019  -0.1601  -0.1542  -0.1397  -0.1211  -0.1211  -0.1211
    -0.1211  -0.1190  -0.0997  -0.0664  -0.0664  -0.0664  -0.0664  -0.0427
    -0.0279   0.0037   0.0058   0.0472   0.0472   0.0472   0.0472   0.0742
     0.0781   0.1618   0.1618   0.1618   0.1618   0.1708   0.1777   0.1783
     0.2157   0.2523   0.2889   0.2889   0.2889   0.2889   0.3181   0.3182
     0.3182   0.3182   0.3182   0.3427   0.3427   0.3427   0.3427   0.3454
     0.3465   0.3465   0.3465   0.3465   0.3465   0.3465   0.3465   0.3465
     0.3478   0.3478   0.3478   0.3478   0.3478   0.3478   0.3478   0.3478
     0.3491   0.3576   0.3881   0.3928   0.3928   0.3928   0.3928   0.4473
     0.5024   0.5361   0.5989   0.6776   0.6906   0.6923   0.7184   0.7418
     0.7538   0.7585   0.7666   0.7740   0.7940   0.8054   0.8127   0.8127
     0.8127   0.8127   0.8488   0.8861   0.9525   0.9525   0.9525   0.9525
     0.9624   0.9759   0.9767   0.9833   0.9844   1.0440   1.0440   1.0449
     1.0860   1.0986   1.1046   1.1098   1.1188   1.1267   1.1335   1.1719
     1.1723   1.1904   1.2117   1.2440   1.2517   1.2854   1.3293   1.3624
     1.3706   1.3839   1.4128   1.4242   1.5326   1.5542   1.5542   1.5542
     1.5542   1.5542   1.5542   1.5542   1.5542   1.5890   1.6095   1.6095
     1.6095   1.6095   1.6561   1.6573   1.6614   1.6900   1.7107   1.7739
     1.7933   1.7933   1.7981   1.8019   1.8019   1.8019   1.8019   1.8019
     1.8019   1.8019   1.8019   1.8098   1.8231   1.8458   1.8864   1.8864
     1.8864   1.8864   1.8981   1.9486   1.9552   1.9678   1.9678   1.9678
     1.9678   1.9684   1.9993   2.0240   2.0776   2.0803   2.0814   2.1040
     2.1157   2.1346   2.1453   2.1453   2.1453   2.1453   2.1511   2.1555
     2.2094   2.2110   2.2225   2.2311   2.2414   2.2612   2.2747   2.2793
     2.3035   2.3906   2.3906   2.3906   2.3906   2.3945   2.3945   2.3951
     2.4792   2.5129   2.5192   2.5604   2.5610   2.5643   2.5670   2.5985
     2.6220   2.6220   2.6220   2.6220   2.6813   2.6813   2.6813   2.6813
     2.7358   2.7626   2.7845   2.7845   2.7845   2.7845   2.7888   2.7905
     2.7905   2.7905   2.7905   2.8126   2.8438   2.9709   2.9908   2.9966
     3.0111   3.0121   3.0121   3.0121   3.0121   3.0279   3.0616   3.0728
     3.0728   3.0728   3.0728   3.1856   3.1856   3.1856   3.1856   3.1882
     3.2180   3.2307   3.2632   3.2882   3.3876   3.4434   3.5001   3.5001
     3.5001   3.5001   3.6868   3.6920   3.8685   3.9402   3.9431   3.9431

          k = 0.1000 0.2000 0.8000 (   399 PWs)   bands (ev):

    -8.5932  -8.4032  -8.1826  -8.1804  -8.0728  -7.9637  -7.8559  -7.8277
    -7.8277  -7.8277  -7.8277  -7.7221  -7.7221  -7.7221  -7.7221  -7.5937
    -7.5269  -7.4839  -7.4839  -7.4839  -7.4839  -7.4195  -7.3740  -7.3279
    -7.3214  -7.2298  -7.2167  -7.2042  -7.1346  -7.0960  -7.0434  -7.0070
    -6.9115  -6.9015  -6.8216  -6.7363  -6.6636  -6.6576  -6.5939  -6.5939
    -6.5939  -6.5939  -6.5346  -6.4998  -6.4998  -6.4998  -6.4998  -6.4852
    -6.4319  -6.4048  -6.4048  -6.4048  -6.4048  -6.3827  -6.3191  -6.2599
    -6.2511  -6.2205  -6.2205  -6.2205  -6.2205  -6.1762  -6.1686  -6.1479
    -6.1448  -5.9868  -5.9389  -5.9389  -5.9389  -5.9389  -5.8433  -5.8389
    -5.8276  -5.8276  -5.8276  -5.8276  -5.8276  -5.8276  -5.8276  -5.8276
    -5.8106  -5.8037  -5.7942  -5.7856  -5.7856  -5.7856  -5.7856  -5.7856
    -5.7856  -5.7856  -5.7856  -5.7777  -5.7107  -5.7017  -5.6953  -5.6919
    -5.6738  -5.6738  -5.6738  -5.6738  -5.6479  -5.5863  -5.5783  -5.5711
    -5.5138  -5.4926  -5.4738  -5.2577  -5.2158  -5.1173  -5.0484  -5.0035
    -4.8774  -4.7874  -4.7335  -4.6382  -4.5635  -4.5151  -4.4637  -4.4263
    -4.3139  -4.3139  -4.3139  -4.3139  -4.2776  -4.2776  -4.2776  -4.2776
    -4.1567  -4.1567  -4.1567  -4.1567  -4.1109  -4.0561  -4.0357  -4.0357
    -4.0357  -4.0357  -4.0015  -3.8765  -3.8602  -3.7375  -3.6681  -3.5760
    -3.4605  -3.3455  -3.3405  -3.3405  -3.3405  -3.3405  -3.2851  -3.2001
    -3.1971  -3.1818  -3.1815  -3.1747  -3.1544  -3.1536  -3.1273  -3.1127
    -3.0526  -3.0520  -3.0091  -2.9491  -2.8985  -2.8985  -2.8985  -2.8985
    -2.8871  -2.8601  -2.8485  -2.8485  -2.8485  -2.8485  -2.8485  -2.8485
    -2.8485  -2.8485  -2.7917  -2.7836  -2.7253  -2.7234  -2.7216  -2.7216
    -2.7216  -2.7216  -2.7216  -2.7216  -2.7216  -2.7216  -2.6877  -2.6705
    -2.6705  -2.6705  -2.6705  -2.6624  -2.6150  -2.6110  -2.5994  -2.4993
    -2.4160  -2.3307  -2.2180  -2.2027  -2.1048  -2.0956  -1.9704  -1.9661
    -1.9562  -1.9562  -1.9562  -1.9562  -1.8485  -1.8485  -1.8485  -1.8485
    -1.7453  -1.7215  -1.7083  -1.7083  -1.7083  -1.7083  -1.6857  -1.4715
    -1.4649  -1.1835  -1.1584  -1.0449  -0.8991  -0.7309  -0.7124  -0.5690
    -0.5230  -0.5126  -0.4630  -0.4593  -0.4548  -0.4034  -0.3773  -0.3614
    -0.3135  -0.2986  -0.2986  -0.2986  -0.2986  -0.2744  -0.2677  -0.2330
    -0.2042  -0.1979  -0.0849  -0.0849  -0.0849  -0.0849   0.0074   0.0074
     0.0074   0.0074   0.0201   0.0201   0.0201   0.0201   0.0201   0.0265
     0.0265   0.0265   0.0265   0.0369   0.0646   0.0670   0.0955   0.0955
     0.0955   0.0955   0.1117   0.1317   0.1317   0.1317   0.1317   0.1731
     0.1820   0.1820   0.1820   0.1820   0.1983   0.1983   0.1983   0.1983
     0.1999   0.2396   0.2496   0.2496   0.2496   0.2496   0.2900   0.3231
     0.3268   0.3268   0.3268   0.3268   0.3268   0.3268   0.3268   0.3268
     0.3272   0.3272   0.3272   0.3272   0.3272   0.3272   0.3272   0.3272
     0.3358   0.3758   0.4255   0.4689   0.4754   0.4810   0.4810   0.4810
     0.4810   0.4964   0.4975   0.5021   0.5522   0.5592   0.5685   0.6215
     0.7043   0.7396   0.7455   0.7475   0.7933   0.7971   0.8095   0.8441
     0.8897   0.9453   0.9549   0.9771   0.9934   1.0086   1.0114   1.0114
     1.0114   1.0114   1.0225   1.0225   1.0553   1.0716   1.0769   1.1041
     1.1191   1.1461   1.1594   1.1652   1.1875   1.2033   1.2312   1.2814
     1.3046   1.3204   1.3399   1.3685   1.3727   1.3771   1.4121   1.4144
     1.4205   1.4213   1.4657   1.5123   1.5332   1.5716   1.5810   1.5918
     1.5958   1.6267   1.6332   1.6423   1.6461   1.6495   1.6806   1.6806
     1.6806   1.6806   1.6806   1.6806   1.6806   1.6806   1.6823   1.6823
     1.6823   1.6823   1.6840   1.7081   1.7139   1.7150   1.7283   1.7636
     1.7636   1.7636   1.7636   1.7636   1.7636   1.7636   1.7636   1.7727
     1.7759   1.7759   1.7759   1.7759   1.8475   1.8916   1.8939   1.9478
     1.9771   1.9771   2.0236   2.0419   2.0600   2.0630   2.0630   2.0630
     2.0630   2.0837   2.0837   2.0837   2.0837   2.0932   2.0984   2.1459
     2.1506   2.1699   2.1780   2.1780   2.2299   2.2654   2.2801   2.3260
     2.3363   2.3369   2.3483   2.3485   2.5113   2.5148   2.5345   2.5512
     2.5760   2.5794   2.5947   2.5947   2.5947   2.5947   2.5960   2.6113
     2.6408   2.6759   2.6759   2.6759   2.6759   2.6889   2.6996   2.7180
     2.7315   2.7315   2.7315   2.7315   2.7452   2.7522   2.7718   2.7718
     2.7718   2.7718   2.7910   2.7910   2.7910   2.7910   2.7938   2.8275
     2.8386   2.8516   2.8579   2.8680   2.9616   2.9828   3.0734   3.1873
     3.1873   3.1873   3.1873   3.2318   3.2318   3.2318   3.2318   3.2830
     3.2830   3.2830   3.2830   3.3507   3.3507   3.3507   3.3507   3.4465
     3.5911   3.6037   3.6163   3.6646   3.8062   4.0209   4.0296   4.0296
Timing summary:
     davidson     :     32.15s CPU     33.19s WALL (       5 calls)
     g_psi        :      0.03s CPU      0.03s WALL (      80 calls)
     fftw         :      4.79s CPU      5.46s WALL (   53252 calls)
     ffts         :      0.01s CPU      0.31s WALL



--- nk=, npool (cegterg) ---
 parallel MPI defs : np=          32 nb=           1   nd=           0  nk=
           4
 nks >
          54          54          54       20412
 ngm =        6610
 npwx =         833
