Loading intel-oneapi-mkl/2024.0.0--intel-oneapi-mpi--2021.12.1
  Loading requirement: intel-oneapi-mpi/2021.12.1 intel-oneapi-tbb/2021.12.0
Build successful!

========================================
EXERCISE 4
========================================

--- nk=, npool (cegterg) ---
 parallel MPI defs : np=          32 nb=           1   nd=           0  nk=
           1
 nks >
          54          54          54        5832
 ngm =        1653
 npwx =         208

          k = 0.0000 0.0000 0.0000 (   205 PWs)   bands (ev):


          k = 0.0000 0.0000 0.1000 (   205 PWs)   bands (ev):


          k = 0.0000 0.0000 0.2000 (   205 PWs)   bands (ev):


          k = 0.0000 0.0000 0.3000 (   202 PWs)   bands (ev):


          k = 0.0000 0.1000 0.0000 (   205 PWs)   bands (ev):


          k = 0.0000 0.2000 0.0000 (   208 PWs)   bands (ev):


          k = 0.0000 0.3000 0.0000 (   207 PWs)   bands (ev):


          k = 0.1000 0.2000 0.3000 (   203 PWs)   bands (ev):


          k = 0.2000 0.5000 0.4000 (   205 PWs)   bands (ev):


          k = 0.1000 0.2000 0.8000 (   206 PWs)   bands (ev):

Timing summary:
     davidson     :     46.71s CPU     47.36s WALL (      10 calls)
     g_psi        :      0.02s CPU      0.02s WALL (     191 calls)
     fftw         :      6.34s CPU      6.52s WALL (   96484 calls)
     ffts         :      0.01s CPU      0.36s WALL



--- nk=, npool (cegterg) ---
 parallel MPI defs : np=          32 nb=           1   nd=           0  nk=
           2
 nks >
          54          54          54       11664
 ngm =        3304
 npwx =         415

          k = 0.0000 0.0000 0.0000 (   415 PWs)   bands (ev):


          k = 0.0000 0.0000 0.1000 (   413 PWs)   bands (ev):


          k = 0.0000 0.0000 0.2000 (   412 PWs)   bands (ev):


          k = 0.0000 0.0000 0.3000 (   411 PWs)   bands (ev):


          k = 0.0000 0.1000 0.0000 (   413 PWs)   bands (ev):


          k = 0.0000 0.2000 0.0000 (   413 PWs)   bands (ev):


          k = 0.0000 0.3000 0.0000 (   412 PWs)   bands (ev):


          k = 0.1000 0.2000 0.3000 (   409 PWs)   bands (ev):


          k = 0.2000 0.5000 0.4000 (   406 PWs)   bands (ev):


          k = 0.1000 0.2000 0.8000 (   399 PWs)   bands (ev):

Timing summary:
     davidson     :     31.68s CPU     32.25s WALL (       5 calls)
     g_psi        :      0.04s CPU      0.04s WALL (      80 calls)
     fftw         :      4.30s CPU      4.56s WALL (   53252 calls)
     ffts         :      0.00s CPU      0.28s WALL



--- nk=, npool (cegterg) ---
 parallel MPI defs : np=          32 nb=           1   nd=           0  nk=
           4
 nks >
          54          54          54       20412
 ngm =        6610
 npwx =         833
