Loading intel-oneapi-mkl/2024.0.0--intel-oneapi-mpi--2021.12.1
  Loading requirement: intel-oneapi-mpi/2021.12.1 intel-oneapi-tbb/2021.12.0
========================================
GPU SCALING BENCHMARK
========================================
Node: lrdn1120.leonardo.local
GPUs: 4

========================================
TEST 1: Single k-point, vary GPU count
  (ncell=4, ecutwfc=8, nbnd=768)
  Tests PW-parallel GPU offloading
========================================

--- np=1 GPU(s), nd=1 (cegterg) ---
 parallel MPI defs : np=            1 nb=            1   nd=            1   np=
             1
OpenACC rank 0 using device 0 out of 1
 nks >
          144          144          144      2985984
 ngm =      1084689
 npwx =       135811
Timing summary:
     davidson     :     61.86s CPU     63.46s WALL (      10 calls)
     g_psi        :      0.14s CPU      0.14s WALL (     184 calls)
     fftw         :      1.92s CPU     32.43s WALL (   94848 calls)
                                       31.70s GPU  (   94848 calls)
     ffts         :      0.06s CPU      0.11s WALL



--- np=2 GPU(s), nd=1 (cegterg) ---
 parallel MPI defs : np=            2 nb=            1   nd=            1   np=
             1
OpenACC rank 0 using device 0 out of 2
 nks >
          144          144          144      1492992
 ngm =       542344
 npwx =        68019
Timing summary:
     davidson     :     66.28s CPU     91.80s WALL (      10 calls)
     g_psi        :      0.07s CPU      0.07s WALL (     184 calls)
     fftw         :     38.94s CPU     69.43s WALL (   94824 calls)
                                       68.66s GPU  (   94824 calls)
     ffts         :      0.04s CPU      0.05s WALL



--- np=4 GPU(s), nd=1 (cegterg) ---
 parallel MPI defs : np=            4 nb=            1   nd=            1   np=
             1
OpenACC rank 0 using device 0 out of 4
 nks >
          144          144          144       746496
 ngm =       271171
 npwx =        34013
Timing summary:
     davidson     :     53.83s CPU     56.02s WALL (      10 calls)
     g_psi        :      0.04s CPU      0.04s WALL (     180 calls)
     fftw         :     32.22s CPU     39.13s WALL (   94756 calls)
                                       38.36s GPU  (   94756 calls)
     ffts         :      0.02s CPU      0.03s WALL



========================================
TEST 2: 4 k-points, k-pool parallelism
  (ncell=4, ecutwfc=8, nbnd=768)
  Tests k-point distribution over GPUs
========================================

--- np=4, nk=1 (k-pool parallelism) ---
 parallel MPI defs : np=            4 nb=            1   nd=            1   np=
             1
OpenACC rank 0 using device 0 out of 4
 nks >
          144          144          144       746496
 ngm =       271171
 npwx =        34013
Timing summary:
     davidson     :     54.10s CPU     56.29s WALL (      10 calls)
     g_psi        :      0.04s CPU      0.04s WALL (     180 calls)
     fftw         :     33.35s CPU     39.44s WALL (   94756 calls)
                                       38.67s GPU  (   94756 calls)
     ffts         :      0.02s CPU      0.03s WALL



--- np=4, nk=2 (k-pool parallelism) ---
 parallel MPI defs : np=            4 nb=            1   nd=            1   np=
             2
OpenACC rank 0 using device 0 out of 4
 nks >
          144          144          144      1492992
 ngm =       542344
 npwx =        68019
Timing summary:
     davidson     :     46.14s CPU     47.36s WALL (       5 calls)
     g_psi        :      0.04s CPU      0.04s WALL (      96 calls)
     fftw         :     30.09s CPU     35.92s WALL (   47774 calls)
                                       35.53s GPU  (   47774 calls)
     ffts         :      0.04s CPU      0.05s WALL



--- np=4, nk=4 (k-pool parallelism) ---
 parallel MPI defs : np=            4 nb=            1   nd=            1   np=
             4
OpenACC rank 0 using device 0 out of 4
 nks >
          144          144          144      2985984
 ngm =      1084689
 npwx =       135811
Timing summary:
     davidson     :     19.08s CPU     19.63s WALL (       3 calls)
     g_psi        :      0.04s CPU      0.04s WALL (      60 calls)
     fftw         :      0.60s CPU      9.98s WALL (   28910 calls)
                                        9.75s GPU  (   28910 calls)
     ffts         :      0.07s CPU      0.08s WALL


