Loading intel-oneapi-mkl/2024.0.0--intel-oneapi-mpi--2021.12.1
  Loading requirement: intel-oneapi-tbb/2021.12.0
Loading cmake/3.27.9
  Loading requirement: nghttp2/1.57.0-634bffh zlib-ng/2.1.6-jkgunjc curl/8.7.1
    gmake/4.4.1-phqmvks ncurses/6.5-svfl57u
========================================
pool scaling
========================================
--- np=32, nd= (pcegterg) ---
 parallel MPI defs : np=          32 nb=           1   nd=           1  nk=
           1
 nks >
          27          27          27         729
 ngm =         207
 npwx =          31

          k = 0.0000 0.0000 0.0000 (    30 PWs)   bands (ev):

   -12.6369 -10.2593 -10.2593 -10.2593 -10.2593  -8.3557  -8.3557  -8.3557
    -8.3557  -8.3557  -8.3557  -7.3882  -7.3882  -7.3882  -7.3882  -3.0211
    -3.0211  -3.0211  -3.0211  -3.0211  -3.0211  -1.2491  -1.2491  -1.2491
    -1.2491  -1.2491  -1.2491  -1.2491  -1.2491  -0.0000  -0.0000  -0.0000
     0.9305   0.9305   0.9305   0.9305   0.9305   0.9305   1.8752   1.8752
     1.8752   1.8752   3.4229   3.4229   3.4229   3.8840   3.9800   3.9800
     3.9800   3.9800   3.9800   3.9800   3.9800   3.9800   7.5397   7.9683
     7.9683   7.9691   7.9691   7.9691   7.9691  11.5026  11.5026  11.5026

          k = 0.0000 0.0000 0.1000 (    30 PWs)   bands (ev):

   -12.6257 -10.2677 -10.2677 -10.2677 -10.2677  -8.7524  -8.3516  -8.3516
    -8.3516  -8.3516  -7.9444  -7.3611  -7.3611  -7.3611  -7.3611  -3.0479
    -3.0479  -3.0479  -3.0479  -3.0103  -3.0103  -1.3273  -1.3273  -1.3273
    -1.3273  -1.2524  -1.2524  -1.2524  -1.2524  -0.0786  -0.0445  -0.0445
     0.8571   1.0025   1.0025   1.0025   1.0025   1.0354   1.9463   1.9463
     1.9463   1.9463   3.3785   3.4845   3.4845   3.9647   3.9699   3.9699
     3.9699   3.9699   4.0053   4.0053   4.0053   4.0053   7.6103   7.8860
     7.9809   8.0332   8.0332   8.0332   8.0332  11.2120  11.2122  11.2130

          k = 0.0000 0.0000 0.2000 (    29 PWs)   bands (ev):

   -12.5921 -10.2912 -10.2912 -10.2912 -10.2912  -9.1335  -8.3409  -8.3409
    -8.3409  -8.3409  -7.5196  -7.2804  -7.2804  -7.2804  -7.2804  -3.1365
    -3.1365  -3.1365  -3.1365  -2.9781  -2.9781  -1.5379  -1.5379  -1.5379
    -1.5379  -1.2592  -1.2592  -1.2592  -1.2592  -0.2966  -0.1688  -0.1688
     0.8145   1.1727   1.1979   1.1979   1.1979   1.1979   2.1403   2.1403
     2.1403   2.1403   3.2540   3.6601   3.6601   3.9513   3.9513   3.9513
     3.9513   4.0860   4.0860   4.0860   4.0860   4.1862   7.6582   7.8130
     8.0187   8.2220   8.2220   8.2220   8.2220  10.6602  10.6602  10.6602

          k = 0.0000 0.0000 0.3000 (    29 PWs)   bands (ev):

   -12.5362 -10.3268 -10.3268 -10.3268 -10.3268  -9.4980  -8.3247  -8.3247
    -8.3247  -8.3247  -7.1528  -7.1528  -7.1528  -7.1528  -7.0825  -3.2762
    -3.2762  -3.2762  -3.2762  -2.9244  -2.9244  -1.8404  -1.8404  -1.8404
    -1.8404  -1.2738  -1.2738  -1.2738  -1.2738  -0.6158  -0.3518  -0.3518
     0.8018   1.3430   1.4863   1.4863   1.4863   1.4863   2.3948   2.3948
     2.3948   2.3948   3.0701   3.9282   3.9282   3.9478   3.9478   3.9478
     3.9478   4.2113   4.2113   4.2113   4.2113   4.4978   7.3358   8.0816
     8.1273   8.5130   8.5130   8.5130   8.5130  10.0656  10.0656  10.0656

          k = 0.0000 0.0000 0.4000 (    29 PWs)   bands (ev):

   -12.4579 -10.3693 -10.3693 -10.3693 -10.3693  -9.8442  -8.3036  -8.3036
    -8.3036  -8.3036  -6.9843  -6.9843  -6.9843  -6.9843  -6.6323  -3.4329
    -3.4329  -3.4329  -3.4329  -2.8373  -2.8373  -2.2079  -2.2079  -2.2079
    -2.2079  -1.2881  -1.2881  -1.2881  -1.2881  -0.9967  -0.5697  -0.5697
     0.8296   1.5567   1.8585   1.8585   1.8585   1.8585   2.6440   2.6440
     2.6440   2.6440   2.8495   3.9931   3.9931   3.9931   3.9931   4.2769
     4.2769   4.3843   4.3843   4.3843   4.3843   4.8484   7.0049   8.1700
     8.5304   8.8581   8.8581   8.8581   8.8581   9.4701   9.4701   9.4701

          k = 0.0000 0.0000 0.5000 (    29 PWs)   bands (ev):

   -12.3574 -10.4137 -10.4137 -10.4137 -10.4137 -10.1733  -8.2795  -8.2795
    -8.2795  -8.2795  -6.7830  -6.7830  -6.7830  -6.7830  -6.1743  -3.5920
    -3.5920  -3.5920  -3.5920  -2.7418  -2.7418  -2.5851  -2.5851  -2.5851
    -2.5851  -1.4229  -1.3087  -1.3087  -1.3087  -1.3087  -0.8083  -0.8083
     0.8745   1.7940   2.2960   2.2960   2.2960   2.2960   2.6109   2.8203
     2.8203   2.8203   2.8203   4.1437   4.1437   4.1437   4.1437   4.5987
     4.5987   4.5987   4.5987   4.6664   4.6664   5.0726   6.7869   8.2832
     8.8984   8.8984   8.8984   8.8984   8.9745   8.9745   8.9745   8.9745

          k = 0.1000 0.1000 0.5000 (    29 PWs)   bands (ev):

   -12.3355 -10.7241 -10.3908 -10.3908 -10.1570 -10.1293  -8.6513  -8.6513
    -7.8998  -7.8998  -7.0723  -6.7762  -6.7762  -6.3884  -6.1941  -3.8235
    -3.8235  -3.3185  -3.3185  -2.9368  -2.8734  -2.7240  -2.6200  -2.6200
    -2.1998  -1.6906  -1.5137  -1.4354  -1.4354  -1.1209  -0.8029  -0.6947
     1.0007   1.9063   1.9734   1.9734   2.7015   2.7015   2.7295   2.7397
     2.7498   2.9851   2.9851   3.8094   3.8094   4.1381   4.3336   4.3653
     4.3851   4.6611   4.9048   4.9706   4.9706   5.3805   6.8733   8.1719
     8.1719   8.2083   8.4872   8.4872   8.4988   8.6861   9.1083   9.3597

          k = 0.2000 0.2000 0.5000 (    29 PWs)   bands (ev):

   -12.2698 -11.0336 -10.3216 -10.3216 -10.1091  -9.9096  -9.0013  -9.0013
    -7.5339  -7.5339  -7.2258  -6.7627  -6.7627  -6.2583  -5.9188  -3.9826
    -3.9826  -3.2450  -3.1543  -3.0309  -3.0309  -2.7519  -2.7519  -2.6787
    -2.2361  -1.8002  -1.7313  -1.7113  -1.7113  -0.9696  -0.7903  -0.5725
     1.2398   1.7432   1.7432   2.3184   2.5286   2.5856   2.9905   2.9905
     2.9984   3.1780   3.1780   3.8422   3.8422   3.9290   4.2506   4.2604
     4.6251   4.7520   5.2980   5.4652   5.4652   5.7930   7.0777   7.3800
     7.3800   8.0287   8.0310   8.0310   8.1641   8.4220   8.7014   8.7799

          k = 0.3000 0.3000 0.5000 (    30 PWs)   bands (ev):

   -12.1610 -11.3251 -10.2079 -10.2079 -10.0339  -9.7937  -9.3206  -9.3206
    -7.2185  -7.2128  -7.2128  -6.7521  -6.7521  -6.3836  -5.3856  -4.0349
    -4.0349  -3.4871  -3.4503  -3.0180  -3.0180  -2.8768  -2.7532  -2.7532
    -2.5914  -1.9693  -1.9693  -1.9432  -1.4057  -0.8583  -0.7756  -0.5341
     1.4423   1.6323   1.6323   2.2902   2.4444   2.5591   2.5591   2.9757
     3.0314   3.7155   3.7155   3.9094   4.2268   4.3731   4.5587   4.5606
     4.5606   5.2234   5.7573   5.8926   5.8926   6.2972   6.6590   6.6590
     7.3229   7.5591   7.6049   7.6049   7.8305   7.9057   8.0913   8.1191

          k = 0.4000 0.4000 0.5000 (    30 PWs)   bands (ev):

   -12.0100 -11.5887 -10.0496 -10.0496  -9.9409  -9.7846  -9.6040  -9.6040
    -7.0640  -6.9711  -6.9711  -6.7628  -6.7628  -6.5794  -4.8030  -3.9484
    -3.9484  -3.6515  -3.6501  -3.5327  -3.3742  -3.3742  -2.5081  -2.5081
    -2.4635  -2.1478  -2.1478  -2.1386  -1.0413  -0.7887  -0.7649  -0.5941
     1.6353   1.6630   1.6630   2.0549   2.1448   2.1448   2.3926   2.6878
     3.9342   4.1656   4.2688   4.3022   4.3022   4.4251   4.4661   5.2487
     5.2487   5.5392   6.0410   6.0410   6.2810   6.4816   6.4816   6.6446
     6.9472   7.2025   7.2025   7.3920   7.4713   7.5942   7.6979   7.7355

          k = 0.5000 0.5000 0.5000 (    31 PWs)   bands (ev):

   -11.8184 -11.8184  -9.8478  -9.8478  -9.8478  -9.8478  -9.8478  -9.8478
    -6.8262  -6.8262  -6.8262  -6.8262  -6.8262  -6.8262  -4.1811  -4.1811
    -3.7165  -3.7165  -3.7165  -3.7165  -3.7165  -3.7165  -2.3140  -2.3140
    -2.3140  -2.3140  -2.3140  -2.3140  -0.7705  -0.7705  -0.7705  -0.7705
     1.8338   1.8338   1.8338   1.8338   1.8338   1.8338   2.4608   2.4608
     4.3560   4.3560   4.3560   4.3560   4.9075   4.9075   4.9075   4.9075
     4.9075   4.9075   6.7792   6.7792   6.7792   6.7792   6.7792   6.7792
     6.8544   6.8544   6.8544   6.8544   6.8544   6.8544   7.6590   7.6590
Timing summary:
     davidson     :      1.55s CPU      2.39s WALL (      11 calls)
     g_psi        :      0.00s CPU      0.00s WALL (     184 calls)
     fftw         :      0.46s CPU      0.47s WALL (   12652 calls)
     ffts         :      0.08s CPU      0.14s WALL

--- np=32, nd= (pcegterg) ---
 parallel MPI defs : np=          32 nb=           1   nd=           1  nk=
           2
 nks >
          27          27          27        1458
 ngm =         414
 npwx =          54

          k = 0.0000 0.0000 0.0000 (    52 PWs)   bands (ev):

   -12.6369 -10.2593 -10.2593 -10.2593 -10.2593  -8.3557  -8.3557  -8.3557
    -8.3557  -8.3557  -8.3557  -7.3882  -7.3882  -7.3882  -7.3882  -3.0211
    -3.0211  -3.0211  -3.0211  -3.0211  -3.0211  -1.2491  -1.2491  -1.2491
    -1.2491  -1.2491  -1.2491  -1.2491  -1.2491  -0.0000  -0.0000   0.0000
     0.9305   0.9305   0.9305   0.9305   0.9305   0.9305   1.8752   1.8752
     1.8752   1.8752   3.4229   3.4229   3.4229   3.8840   3.9800   3.9800
     3.9800   3.9800   3.9800   3.9800   3.9800   3.9800   7.5397   7.9683
     7.9683   7.9691   7.9691   7.9691   7.9691  11.5026  11.5026  11.5026

          k = 0.0000 0.0000 0.1000 (    52 PWs)   bands (ev):

   -12.6257 -10.2677 -10.2677 -10.2677 -10.2677  -8.7524  -8.3516  -8.3516
    -8.3516  -8.3516  -7.9444  -7.3611  -7.3611  -7.3611  -7.3611  -3.0479
    -3.0479  -3.0479  -3.0479  -3.0103  -3.0103  -1.3273  -1.3273  -1.3273
    -1.3273  -1.2524  -1.2524  -1.2524  -1.2524  -0.0786  -0.0445  -0.0445
     0.8571   1.0025   1.0025   1.0025   1.0025   1.0354   1.9463   1.9463
     1.9463   1.9463   3.3785   3.4845   3.4845   3.9647   3.9699   3.9699
     3.9699   3.9699   4.0053   4.0053   4.0053   4.0053   7.6103   7.8860
     7.9809   8.0332   8.0332   8.0332   8.0332  11.2120  11.2120  11.2122

          k = 0.0000 0.0000 0.2000 (    52 PWs)   bands (ev):

   -12.5921 -10.2912 -10.2912 -10.2912 -10.2912  -9.1335  -8.3409  -8.3409
    -8.3409  -8.3409  -7.5196  -7.2804  -7.2804  -7.2804  -7.2804  -3.1365
    -3.1365  -3.1365  -3.1365  -2.9781  -2.9781  -1.5379  -1.5379  -1.5379
    -1.5379  -1.2592  -1.2592  -1.2592  -1.2592  -0.2966  -0.1688  -0.1688
     0.8145   1.1727   1.1979   1.1979   1.1979   1.1979   2.1403   2.1403
     2.1403   2.1403   3.2540   3.6601   3.6601   3.9513   3.9513   3.9513
     3.9513   4.0860   4.0860   4.0860   4.0860   4.1862   7.6582   7.8130
     8.0187   8.2220   8.2220   8.2220   8.2220  10.6602  10.6602  10.6602

          k = 0.0000 0.0000 0.3000 (    52 PWs)   bands (ev):

   -12.5362 -10.3268 -10.3268 -10.3268 -10.3268  -9.4980  -8.3247  -8.3247
    -8.3247  -8.3247  -7.1528  -7.1528  -7.1528  -7.1528  -7.0825  -3.2762
    -3.2762  -3.2762  -3.2762  -2.9244  -2.9244  -1.8404  -1.8404  -1.8404
    -1.8404  -1.2738  -1.2738  -1.2738  -1.2738  -0.6158  -0.3518  -0.3518
     0.8018   1.3430   1.4863   1.4863   1.4863   1.4863   2.3948   2.3948
     2.3948   2.3948   3.0701   3.9282   3.9282   3.9478   3.9478   3.9478
     3.9478   4.2113   4.2113   4.2113   4.2113   4.4978   7.3358   8.0816
     8.1273   8.5130   8.5130   8.5130   8.5130  10.0656  10.0656  10.0656

          k = 0.0000 0.0000 0.4000 (    54 PWs)   bands (ev):

   -12.4579 -10.3693 -10.3693 -10.3693 -10.3693  -9.8442  -8.3036  -8.3036
    -8.3036  -8.3036  -6.9843  -6.9843  -6.9843  -6.9843  -6.6323  -3.4329
    -3.4329  -3.4329  -3.4329  -2.8373  -2.8373  -2.2079  -2.2079  -2.2079
    -2.2079  -1.2881  -1.2881  -1.2881  -1.2881  -0.9967  -0.5697  -0.5697
     0.8296   1.5567   1.8585   1.8585   1.8585   1.8585   2.6440   2.6440
     2.6440   2.6440   2.8495   3.9931   3.9931   3.9931   3.9931   4.2769
     4.2769   4.3843   4.3843   4.3843   4.3843   4.8484   7.0049   8.1700
     8.5304   8.8581   8.8581   8.8581   8.8581   9.4701   9.4701   9.4701

          k = 0.0000 0.0000 0.5000 (    54 PWs)   bands (ev):

   -12.3574 -10.4137 -10.4137 -10.4137 -10.4137 -10.1733  -8.2795  -8.2795
    -8.2795  -8.2795  -6.7830  -6.7830  -6.7830  -6.7830  -6.1743  -3.5920
    -3.5920  -3.5920  -3.5920  -2.7418  -2.7418  -2.5851  -2.5851  -2.5851
    -2.5851  -1.4229  -1.3087  -1.3087  -1.3087  -1.3087  -0.8083  -0.8083
     0.8745   1.7940   2.2960   2.2960   2.2960   2.2960   2.6109   2.8203
     2.8203   2.8203   2.8203   4.1437   4.1437   4.1437   4.1437   4.5987
     4.5987   4.5987   4.5987   4.6664   4.6664   5.0726   6.7869   8.2832
     8.8984   8.8984   8.8985   8.8985   8.9745   8.9745   8.9745   8.9746

          k = 0.1000 0.1000 0.5000 (    54 PWs)   bands (ev):

   -12.3355 -10.7241 -10.3908 -10.3908 -10.1570 -10.1293  -8.6513  -8.6513
    -7.8998  -7.8998  -7.0723  -6.7762  -6.7762  -6.3884  -6.1941  -3.8235
    -3.8235  -3.3185  -3.3185  -2.9368  -2.8734  -2.7240  -2.6200  -2.6200
    -2.1998  -1.6906  -1.5137  -1.4354  -1.4354  -1.1209  -0.8029  -0.6947
     1.0007   1.9063   1.9734   1.9734   2.7015   2.7015   2.7295   2.7397
     2.7498   2.9851   2.9851   3.8094   3.8094   4.1381   4.3336   4.3653
     4.3851   4.6611   4.9048   4.9706   4.9706   5.3805   6.8733   8.1719
     8.1719   8.2083   8.4872   8.4872   8.4988   8.6861   9.1083   9.3649

          k = 0.2000 0.2000 0.5000 (    53 PWs)   bands (ev):

   -12.2698 -11.0336 -10.3216 -10.3216 -10.1091  -9.9096  -9.0013  -9.0013
    -7.5339  -7.5339  -7.2258  -6.7627  -6.7627  -6.2583  -5.9188  -3.9826
    -3.9826  -3.2450  -3.1543  -3.0309  -3.0309  -2.7519  -2.7519  -2.6787
    -2.2361  -1.8002  -1.7313  -1.7113  -1.7113  -0.9696  -0.7903  -0.5725
     1.2398   1.7432   1.7432   2.3184   2.5286   2.5856   2.9905   2.9905
     2.9984   3.1780   3.1780   3.8422   3.8422   3.9290   4.2506   4.2604
     4.6251   4.7520   5.2980   5.4652   5.4652   5.7930   7.0777   7.3800
     7.3800   8.0287   8.0310   8.0310   8.1641   8.4220   8.7014   8.7803

          k = 0.3000 0.3000 0.5000 (    54 PWs)   bands (ev):

   -12.1610 -11.3251 -10.2079 -10.2079 -10.0339  -9.7937  -9.3206  -9.3206
    -7.2185  -7.2128  -7.2128  -6.7521  -6.7521  -6.3836  -5.3856  -4.0349
    -4.0349  -3.4871  -3.4503  -3.0180  -3.0180  -2.8768  -2.7532  -2.7532
    -2.5914  -1.9693  -1.9693  -1.9432  -1.4057  -0.8583  -0.7756  -0.5341
     1.4423   1.6323   1.6323   2.2902   2.4444   2.5591   2.5591   2.9757
     3.0314   3.7155   3.7155   3.9094   4.2268   4.3731   4.5587   4.5606
     4.5606   5.2234   5.7573   5.8926   5.8926   6.2972   6.6590   6.6590
     7.3229   7.5591   7.6049   7.6049   7.8305   7.9057   8.0913   8.1191

          k = 0.4000 0.4000 0.5000 (    53 PWs)   bands (ev):

   -12.0100 -11.5887 -10.0496 -10.0496  -9.9409  -9.7846  -9.6040  -9.6040
    -7.0640  -6.9711  -6.9711  -6.7628  -6.7628  -6.5794  -4.8030  -3.9484
    -3.9484  -3.6515  -3.6501  -3.5327  -3.3742  -3.3742  -2.5081  -2.5081
    -2.4635  -2.1478  -2.1478  -2.1386  -1.0413  -0.7887  -0.7649  -0.5941
     1.6353   1.6630   1.6630   2.0549   2.1448   2.1448   2.3926   2.6878
     3.9342   4.1656   4.2688   4.3022   4.3022   4.4251   4.4661   5.2487
     5.2487   5.5392   6.0410   6.0410   6.2810   6.4816   6.4816   6.6446
     6.9472   7.2025   7.2025   7.3920   7.4713   7.5942   7.6979   7.7355

          k = 0.5000 0.5000 0.5000 (    54 PWs)   bands (ev):

   -11.8184 -11.8184  -9.8478  -9.8478  -9.8478  -9.8478  -9.8478  -9.8478
    -6.8262  -6.8262  -6.8262  -6.8262  -6.8262  -6.8262  -4.1811  -4.1811
    -3.7165  -3.7165  -3.7165  -3.7165  -3.7165  -3.7165  -2.3140  -2.3140
    -2.3140  -2.3140  -2.3140  -2.3140  -0.7705  -0.7705  -0.7705  -0.7705
     1.8338   1.8338   1.8338   1.8338   1.8338   1.8338   2.4608   2.4608
     4.3560   4.3560   4.3560   4.3560   4.9075   4.9075   4.9075   4.9075
     4.9075   4.9075   6.7792   6.7792   6.7792   6.7792   6.7792   6.7792
     6.8544   6.8544   6.8544   6.8544   6.8544   6.8544   7.6590   7.6590
Timing summary:
     davidson     :      0.87s CPU      0.88s WALL (       6 calls)
     g_psi        :      0.00s CPU      0.00s WALL (     108 calls)
     fftw         :      0.36s CPU      0.36s WALL (    6688 calls)
     ffts         :      0.04s CPU      0.21s WALL

--- np=32, nd= (pcegterg) ---
 parallel MPI defs : np=          32 nb=           1   nd=           1  nk=
           4
 nks >
          27          27          27        2916
 ngm =         827
 npwx =         109

          k = 0.0000 0.0000 0.0000 (   109 PWs)   bands (ev):

   -12.6369 -10.2593 -10.2593 -10.2593 -10.2593  -8.3557  -8.3557  -8.3557
    -8.3557  -8.3557  -8.3557  -7.3882  -7.3882  -7.3882  -7.3882  -3.0211
    -3.0211  -3.0211  -3.0211  -3.0211  -3.0211  -1.2491  -1.2491  -1.2491
    -1.2491  -1.2491  -1.2491  -1.2491  -1.2491  -0.0000  -0.0000   0.0000
     0.9305   0.9305   0.9305   0.9305   0.9305   0.9305   1.8752   1.8752
     1.8752   1.8752   3.4229   3.4229   3.4229   3.8840   3.9800   3.9800
     3.9800   3.9800   3.9800   3.9800   3.9800   3.9800   7.5397   7.9683
     7.9683   7.9691   7.9691   7.9691   7.9691  11.5026  11.5026  11.5026

          k = 0.0000 0.0000 0.1000 (   109 PWs)   bands (ev):

   -12.6257 -10.2677 -10.2677 -10.2677 -10.2677  -8.7524  -8.3516  -8.3516
    -8.3516  -8.3516  -7.9444  -7.3611  -7.3611  -7.3611  -7.3611  -3.0479
    -3.0479  -3.0479  -3.0479  -3.0103  -3.0103  -1.3273  -1.3273  -1.3273
    -1.3273  -1.2524  -1.2524  -1.2524  -1.2524  -0.0786  -0.0445  -0.0445
     0.8571   1.0025   1.0025   1.0025   1.0025   1.0354   1.9463   1.9463
     1.9463   1.9463   3.3785   3.4845   3.4845   3.9647   3.9699   3.9699
     3.9699   3.9699   4.0053   4.0053   4.0053   4.0053   7.6103   7.8860
     7.9809   8.0332   8.0332   8.0332   8.0332  11.2120  11.2120  11.2122

          k = 0.0000 0.0000 0.2000 (   107 PWs)   bands (ev):

   -12.5921 -10.2912 -10.2912 -10.2912 -10.2912  -9.1335  -8.3409  -8.3409
    -8.3409  -8.3409  -7.5196  -7.2804  -7.2804  -7.2804  -7.2804  -3.1365
    -3.1365  -3.1365  -3.1365  -2.9781  -2.9781  -1.5379  -1.5379  -1.5379
    -1.5379  -1.2592  -1.2592  -1.2592  -1.2592  -0.2966  -0.1688  -0.1688
     0.8145   1.1727   1.1979   1.1979   1.1979   1.1979   2.1403   2.1403
     2.1403   2.1403   3.2540   3.6601   3.6601   3.9513   3.9513   3.9513
     3.9513   4.0860   4.0860   4.0860   4.0860   4.1862   7.6582   7.8130
     8.0187   8.2220   8.2220   8.2220   8.2220  10.6602  10.6602  10.6602

          k = 0.0000 0.0000 0.3000 (   108 PWs)   bands (ev):

   -12.5362 -10.3268 -10.3268 -10.3268 -10.3268  -9.4980  -8.3247  -8.3247
    -8.3247  -8.3247  -7.1528  -7.1528  -7.1528  -7.1528  -7.0825  -3.2762
    -3.2762  -3.2762  -3.2762  -2.9244  -2.9244  -1.8404  -1.8404  -1.8404
    -1.8404  -1.2738  -1.2738  -1.2738  -1.2738  -0.6158  -0.3518  -0.3518
     0.8018   1.3430   1.4863   1.4863   1.4863   1.4863   2.3948   2.3948
     2.3948   2.3948   3.0701   3.9282   3.9282   3.9478   3.9478   3.9478
     3.9478   4.2113   4.2113   4.2113   4.2113   4.4978   7.3358   8.0816
     8.1273   8.5130   8.5130   8.5130   8.5130  10.0656  10.0656  10.0656

          k = 0.0000 0.0000 0.4000 (   109 PWs)   bands (ev):

   -12.4579 -10.3693 -10.3693 -10.3693 -10.3693  -9.8442  -8.3036  -8.3036
    -8.3036  -8.3036  -6.9843  -6.9843  -6.9843  -6.9843  -6.6323  -3.4329
    -3.4329  -3.4329  -3.4329  -2.8373  -2.8373  -2.2079  -2.2079  -2.2079
    -2.2079  -1.2881  -1.2881  -1.2881  -1.2881  -0.9967  -0.5697  -0.5697
     0.8296   1.5567   1.8585   1.8585   1.8585   1.8585   2.6440   2.6440
     2.6440   2.6440   2.8495   3.9931   3.9931   3.9931   3.9931   4.2769
     4.2769   4.3843   4.3843   4.3843   4.3843   4.8484   7.0049   8.1700
     8.5304   8.8581   8.8581   8.8581   8.8581   9.4701   9.4701   9.4701

          k = 0.0000 0.0000 0.5000 (   109 PWs)   bands (ev):

   -12.3574 -10.4137 -10.4137 -10.4137 -10.4137 -10.1733  -8.2795  -8.2795
    -8.2795  -8.2795  -6.7830  -6.7830  -6.7830  -6.7830  -6.1743  -3.5920
    -3.5920  -3.5920  -3.5920  -2.7418  -2.7418  -2.5851  -2.5851  -2.5851
    -2.5851  -1.4229  -1.3087  -1.3087  -1.3087  -1.3087  -0.8083  -0.8083
     0.8745   1.7940   2.2960   2.2960   2.2960   2.2960   2.6109   2.8203
     2.8203   2.8203   2.8203   4.1437   4.1437   4.1437   4.1437   4.5987
     4.5987   4.5987   4.5987   4.6664   4.6664   5.0726   6.7869   8.2832
     8.8984   8.8984   8.8984   8.8985   8.9745   8.9745   8.9745   8.9745

          k = 0.1000 0.1000 0.5000 (   107 PWs)   bands (ev):

   -12.3355 -10.7241 -10.3908 -10.3908 -10.1570 -10.1293  -8.6513  -8.6513
    -7.8998  -7.8998  -7.0723  -6.7762  -6.7762  -6.3884  -6.1941  -3.8235
    -3.8235  -3.3185  -3.3185  -2.9368  -2.8734  -2.7240  -2.6200  -2.6200
    -2.1998  -1.6906  -1.5137  -1.4354  -1.4354  -1.1209  -0.8029  -0.6947
     1.0007   1.9063   1.9734   1.9734   2.7015   2.7015   2.7295   2.7397
     2.7498   2.9851   2.9851   3.8094   3.8094   4.1381   4.3336   4.3653
     4.3851   4.6611   4.9048   4.9706   4.9706   5.3805   6.8733   8.1719
     8.1719   8.2083   8.4872   8.4872   8.4988   8.6861   9.1083   9.3603

          k = 0.2000 0.2000 0.5000 (   107 PWs)   bands (ev):

   -12.2698 -11.0336 -10.3216 -10.3216 -10.1091  -9.9096  -9.0013  -9.0013
    -7.5339  -7.5339  -7.2258  -6.7627  -6.7627  -6.2583  -5.9188  -3.9826
    -3.9826  -3.2450  -3.1543  -3.0309  -3.0309  -2.7519  -2.7519  -2.6787
    -2.2361  -1.8002  -1.7313  -1.7113  -1.7113  -0.9696  -0.7903  -0.5725
     1.2398   1.7432   1.7432   2.3184   2.5286   2.5856   2.9905   2.9905
     2.9984   3.1780   3.1780   3.8422   3.8422   3.9290   4.2506   4.2604
     4.6251   4.7520   5.2980   5.4652   5.4652   5.7930   7.0777   7.3800
     7.3800   8.0287   8.0310   8.0310   8.1641   8.4220   8.7014   8.7799

          k = 0.3000 0.3000 0.5000 (   107 PWs)   bands (ev):

   -12.1610 -11.3251 -10.2079 -10.2079 -10.0339  -9.7937  -9.3206  -9.3206
    -7.2185  -7.2128  -7.2128  -6.7521  -6.7521  -6.3836  -5.3856  -4.0349
    -4.0349  -3.4871  -3.4503  -3.0180  -3.0180  -2.8768  -2.7532  -2.7532
    -2.5914  -1.9693  -1.9693  -1.9432  -1.4057  -0.8583  -0.7756  -0.5341
     1.4423   1.6323   1.6323   2.2902   2.4444   2.5591   2.5591   2.9757
     3.0314   3.7155   3.7155   3.9094   4.2268   4.3731   4.5587   4.5606
     4.5606   5.2234   5.7573   5.8926   5.8926   6.2972   6.6590   6.6590
     7.3229   7.5591   7.6049   7.6049   7.8305   7.9058   8.0913   8.1191

          k = 0.4000 0.4000 0.5000 (   106 PWs)   bands (ev):

   -12.0100 -11.5887 -10.0496 -10.0496  -9.9409  -9.7846  -9.6040  -9.6040
    -7.0640  -6.9711  -6.9711  -6.7628  -6.7628  -6.5794  -4.8030  -3.9484
    -3.9484  -3.6515  -3.6501  -3.5327  -3.3742  -3.3742  -2.5081  -2.5081
    -2.4635  -2.1478  -2.1478  -2.1386  -1.0413  -0.7887  -0.7649  -0.5941
     1.6353   1.6630   1.6630   2.0549   2.1448   2.1448   2.3926   2.6878
     3.9342   4.1656   4.2688   4.3022   4.3022   4.4251   4.4661   5.2487
     5.2487   5.5392   6.0410   6.0410   6.2810   6.4816   6.4816   6.6446
     6.9472   7.2025   7.2025   7.3920   7.4713   7.5942   7.6979   7.7355

          k = 0.5000 0.5000 0.5000 (   107 PWs)   bands (ev):

   -11.8184 -11.8184  -9.8478  -9.8478  -9.8478  -9.8478  -9.8478  -9.8478
    -6.8262  -6.8262  -6.8262  -6.8262  -6.8262  -6.8262  -4.1811  -4.1811
    -3.7165  -3.7165  -3.7165  -3.7165  -3.7165  -3.7165  -2.3140  -2.3140
    -2.3140  -2.3140  -2.3140  -2.3140  -0.7705  -0.7705  -0.7705  -0.7705
     1.8338   1.8338   1.8338   1.8338   1.8338   1.8338   2.4608   2.4608
     4.3560   4.3560   4.3560   4.3560   4.9075   4.9075   4.9075   4.9075
     4.9075   4.9075   6.7792   6.7792   6.7792   6.7792   6.7792   6.7792
     6.8544   6.8544   6.8544   6.8544   6.8544   6.8544   7.6590   7.6590
Timing summary:
     davidson     :      0.59s CPU      0.63s WALL (       3 calls)
     g_psi        :      0.00s CPU      0.00s WALL (      57 calls)
     fftw         :      0.29s CPU      0.32s WALL (    3184 calls)
     ffts         :      0.04s CPU      0.26s WALL

--- np=32, nd= (pcegterg) ---
 parallel MPI defs : np=          32 nb=           1   nd=           1  nk=
           8
 nks >
          27          27          27        5103
 ngm =        1655
 npwx =         219

          k = 0.0000 0.0000 0.0000 (   219 PWs)   bands (ev):

   -12.6369 -10.2593 -10.2593 -10.2593 -10.2593  -8.3557  -8.3557  -8.3557
    -8.3557  -8.3557  -8.3557  -7.3882  -7.3882  -7.3882  -7.3882  -3.0211
    -3.0211  -3.0211  -3.0211  -3.0211  -3.0211  -1.2491  -1.2491  -1.2491
    -1.2491  -1.2491  -1.2491  -1.2491  -1.2491  -0.0000  -0.0000   0.0000
     0.9305   0.9305   0.9305   0.9305   0.9305   0.9305   1.8752   1.8752
     1.8752   1.8752   3.4229   3.4229   3.4229   3.8840   3.9800   3.9800
     3.9800   3.9800   3.9800   3.9800   3.9800   3.9800   7.5397   7.9683
     7.9683   7.9691   7.9691   7.9691   7.9691  11.5026  11.5026  11.5026

          k = 0.0000 0.0000 0.1000 (   218 PWs)   bands (ev):

   -12.6257 -10.2677 -10.2677 -10.2677 -10.2677  -8.7524  -8.3516  -8.3516
    -8.3516  -8.3516  -7.9444  -7.3611  -7.3611  -7.3611  -7.3611  -3.0479
    -3.0479  -3.0479  -3.0479  -3.0103  -3.0103  -1.3273  -1.3273  -1.3273
    -1.3273  -1.2524  -1.2524  -1.2524  -1.2524  -0.0786  -0.0445  -0.0445
     0.8571   1.0025   1.0025   1.0025   1.0025   1.0354   1.9463   1.9463
     1.9463   1.9463   3.3785   3.4845   3.4845   3.9647   3.9699   3.9699
     3.9699   3.9699   4.0053   4.0053   4.0053   4.0053   7.6103   7.8860
     7.9809   8.0332   8.0332   8.0332   8.0332  11.2120  11.2120  11.2120

          k = 0.0000 0.0000 0.2000 (   212 PWs)   bands (ev):

   -12.5921 -10.2912 -10.2912 -10.2912 -10.2912  -9.1335  -8.3409  -8.3409
    -8.3409  -8.3409  -7.5196  -7.2804  -7.2804  -7.2804  -7.2804  -3.1365
    -3.1365  -3.1365  -3.1365  -2.9781  -2.9781  -1.5379  -1.5379  -1.5379
    -1.5379  -1.2592  -1.2592  -1.2592  -1.2592  -0.2966  -0.1688  -0.1688
     0.8145   1.1727   1.1979   1.1979   1.1979   1.1979   2.1403   2.1403
     2.1403   2.1403   3.2540   3.6601   3.6601   3.9513   3.9513   3.9513
     3.9513   4.0860   4.0860   4.0860   4.0860   4.1862   7.6582   7.8130
     8.0187   8.2220   8.2220   8.2220   8.2220  10.6602  10.6602  10.6602

          k = 0.0000 0.0000 0.3000 (   214 PWs)   bands (ev):

   -12.5362 -10.3268 -10.3268 -10.3268 -10.3268  -9.4980  -8.3247  -8.3247
    -8.3247  -8.3247  -7.1528  -7.1528  -7.1528  -7.1528  -7.0825  -3.2762
    -3.2762  -3.2762  -3.2762  -2.9244  -2.9244  -1.8404  -1.8404  -1.8404
    -1.8404  -1.2738  -1.2738  -1.2738  -1.2738  -0.6158  -0.3518  -0.3518
     0.8018   1.3430   1.4863   1.4863   1.4863   1.4863   2.3948   2.3948
     2.3948   2.3948   3.0701   3.9282   3.9282   3.9478   3.9478   3.9478
     3.9478   4.2113   4.2113   4.2113   4.2113   4.4978   7.3358   8.0816
     8.1273   8.5130   8.5130   8.5130   8.5130  10.0656  10.0656  10.0656

          k = 0.0000 0.0000 0.4000 (   212 PWs)   bands (ev):

   -12.4579 -10.3693 -10.3693 -10.3693 -10.3693  -9.8442  -8.3036  -8.3036
    -8.3036  -8.3036  -6.9843  -6.9843  -6.9843  -6.9843  -6.6323  -3.4329
    -3.4329  -3.4329  -3.4329  -2.8373  -2.8373  -2.2079  -2.2079  -2.2079
    -2.2079  -1.2881  -1.2881  -1.2881  -1.2881  -0.9967  -0.5697  -0.5697
     0.8296   1.5567   1.8585   1.8585   1.8585   1.8585   2.6440   2.6440
     2.6440   2.6440   2.8495   3.9931   3.9931   3.9931   3.9931   4.2769
     4.2769   4.3843   4.3843   4.3843   4.3843   4.8484   7.0049   8.1700
     8.5304   8.8581   8.8581   8.8581   8.8581   9.4701   9.4701   9.4701

          k = 0.0000 0.0000 0.5000 (   212 PWs)   bands (ev):

   -12.3574 -10.4137 -10.4137 -10.4137 -10.4137 -10.1733  -8.2795  -8.2795
    -8.2795  -8.2795  -6.7830  -6.7830  -6.7830  -6.7830  -6.1743  -3.5920
    -3.5920  -3.5920  -3.5920  -2.7418  -2.7418  -2.5851  -2.5851  -2.5851
    -2.5851  -1.4229  -1.3087  -1.3087  -1.3087  -1.3087  -0.8083  -0.8083
     0.8745   1.7940   2.2960   2.2960   2.2960   2.2960   2.6109   2.8203
     2.8203   2.8203   2.8203   4.1437   4.1437   4.1437   4.1437   4.5987
     4.5987   4.5987   4.5987   4.6664   4.6664   5.0726   6.7869   8.2832
     8.8984   8.8984   8.8985   8.8985   8.9745   8.9745   8.9745   8.9745

          k = 0.1000 0.1000 0.5000 (   210 PWs)   bands (ev):

   -12.3355 -10.7241 -10.3908 -10.3908 -10.1570 -10.1293  -8.6513  -8.6513
    -7.8998  -7.8998  -7.0723  -6.7762  -6.7762  -6.3884  -6.1941  -3.8235
    -3.8235  -3.3185  -3.3185  -2.9368  -2.8734  -2.7240  -2.6200  -2.6200
    -2.1998  -1.6906  -1.5137  -1.4354  -1.4354  -1.1209  -0.8029  -0.6947
     1.0007   1.9063   1.9734   1.9734   2.7015   2.7015   2.7295   2.7397
     2.7498   2.9851   2.9851   3.8094   3.8094   4.1381   4.3336   4.3653
     4.3851   4.6611   4.9048   4.9706   4.9706   5.3805   6.8733   8.1719
     8.1719   8.2083   8.4872   8.4872   8.4988   8.6861   9.1083   9.3600

          k = 0.2000 0.2000 0.5000 (   211 PWs)   bands (ev):

   -12.2698 -11.0336 -10.3216 -10.3216 -10.1091  -9.9096  -9.0013  -9.0013
    -7.5339  -7.5339  -7.2258  -6.7627  -6.7627  -6.2583  -5.9188  -3.9826
    -3.9826  -3.2450  -3.1543  -3.0309  -3.0309  -2.7519  -2.7519  -2.6787
    -2.2361  -1.8002  -1.7313  -1.7113  -1.7113  -0.9696  -0.7903  -0.5725
     1.2398   1.7432   1.7432   2.3184   2.5286   2.5856   2.9905   2.9905
     2.9984   3.1780   3.1780   3.8422   3.8422   3.9290   4.2506   4.2604
     4.6251   4.7520   5.2980   5.4652   5.4652   5.7930   7.0777   7.3800
     7.3800   8.0287   8.0310   8.0310   8.1641   8.4220   8.7014   8.7799

          k = 0.3000 0.3000 0.5000 (   210 PWs)   bands (ev):

   -12.1610 -11.3251 -10.2079 -10.2079 -10.0339  -9.7937  -9.3206  -9.3206
    -7.2185  -7.2128  -7.2128  -6.7521  -6.7521  -6.3836  -5.3856  -4.0349
    -4.0349  -3.4871  -3.4503  -3.0180  -3.0180  -2.8768  -2.7532  -2.7532
    -2.5914  -1.9693  -1.9693  -1.9432  -1.4057  -0.8583  -0.7756  -0.5341
     1.4423   1.6323   1.6323   2.2902   2.4444   2.5591   2.5591   2.9757
     3.0314   3.7155   3.7155   3.9094   4.2268   4.3731   4.5587   4.5606
     4.5606   5.2234   5.7573   5.8926   5.8926   6.2972   6.6590   6.6590
     7.3229   7.5591   7.6049   7.6049   7.8305   7.9057   8.0913   8.1191

          k = 0.4000 0.4000 0.5000 (   206 PWs)   bands (ev):

   -12.0100 -11.5887 -10.0496 -10.0496  -9.9409  -9.7846  -9.6040  -9.6040
    -7.0640  -6.9711  -6.9711  -6.7628  -6.7628  -6.5794  -4.8030  -3.9484
    -3.9484  -3.6515  -3.6501  -3.5327  -3.3742  -3.3742  -2.5081  -2.5081
    -2.4635  -2.1478  -2.1478  -2.1386  -1.0413  -0.7887  -0.7649  -0.5941
     1.6353   1.6630   1.6630   2.0549   2.1448   2.1448   2.3926   2.6878
     3.9342   4.1656   4.2688   4.3022   4.3022   4.4251   4.4661   5.2487
     5.2487   5.5392   6.0410   6.0410   6.2810   6.4816   6.4816   6.6446
     6.9472   7.2025   7.2025   7.3920   7.4713   7.5942   7.6979   7.7355

          k = 0.5000 0.5000 0.5000 (   208 PWs)   bands (ev):

   -11.8184 -11.8184  -9.8478  -9.8478  -9.8478  -9.8478  -9.8478  -9.8478
    -6.8262  -6.8262  -6.8262  -6.8262  -6.8262  -6.8262  -4.1811  -4.1811
    -3.7165  -3.7165  -3.7165  -3.7165  -3.7165  -3.7165  -2.3140  -2.3140
    -2.3140  -2.3140  -2.3140  -2.3140  -0.7705  -0.7705  -0.7705  -0.7705
     1.8338   1.8338   1.8338   1.8338   1.8338   1.8338   2.4608   2.4608
     4.3560   4.3560   4.3560   4.3560   4.9075   4.9075   4.9075   4.9075
     4.9075   4.9075   6.7792   6.7792   6.7792   6.7792   6.7792   6.7792
     6.8544   6.8544   6.8544   6.8544   6.8544   6.8544   7.6590   7.6590
Timing summary:
     davidson     :      0.78s CPU      0.79s WALL (       2 calls)
     g_psi        :      0.00s CPU      0.00s WALL (      39 calls)
     fftw         :      0.56s CPU      0.57s WALL (    2114 calls)
     ffts         :      0.11s CPU      0.13s WALL
