 nks >
          25          25          25       15625
 ngm =        5065
 npwx =         645

          k = 0.0000 0.0000 0.0000 (   645 PWs)   bands (ev):

     0.0000   4.5123   4.5123   4.5123   4.5123   4.5123   4.5123   4.5123
     4.5123   6.0164   6.0164   6.0164   6.0164   6.0164   6.0164  12.0329
    12.0329  12.0329  12.0329  12.0329  12.0329  12.0329  12.0329  12.0329
    12.0329  12.0329  12.0329  16.5452  16.5452  16.5452  16.5452  16.5452
    16.5452  16.5452  16.5452  16.5452  16.5452  16.5452  16.5452  16.5452
    16.5452  16.5452  16.5452  16.5452  16.5452  16.5452  16.5452  16.5452
    16.5452  16.5452  16.5452  18.0493  18.0493  18.0493  18.0493  18.0493
    18.0493  18.0493  18.0493  24.0657  24.0657  24.0657  24.0657  24.0657
 dav_iter, notcnv, ethr            5           0  9.99999999999999955E-007
     davidson     :      0.38s CPU      0.39s WALL (       1 calls)
     cegterg      :      0.38s CPU      0.39s WALL (       1 calls)
     cegterg:init :      0.01s CPU      0.01s WALL (       1 calls)
     cegterg:diag :      0.12s CPU      0.12s WALL (       6 calls)
     cegterg:upda :      0.05s CPU      0.05s WALL (       5 calls)
     cegterg:over :      0.08s CPU      0.08s WALL (       5 calls)
     cegterg:last :      0.04s CPU      0.04s WALL (       2 calls)
     h_psi        :      0.08s CPU      0.09s WALL (       6 calls)
     g_psi        :      0.00s CPU      0.00s WALL (       5 calls)
