 parallel defs            1           0
 nks >
          15          15          15        3375
 ngm =         869
 npwx =         113
 ** TEST:  CB hamiltonian modified so as to need an overlap matrix **
 ndiag           1

          k = 0.0000 0.0000 0.0000 (   113 PWs)   bands (ev):

   -12.6369  -0.0000  -0.0000   0.0000   3.4229   3.4229   3.4229   3.8840
 dav_iter, notcnv, ethr            8           0   9.9999999999999995E-007
 ndiag           1

          k = 0.5000 0.5000 0.5000 (   108 PWs)   bands (ev):

   -10.2593  -7.3882  -1.2491  -1.2491   1.8752   3.9800   3.9800   7.9691
 dav_iter, notcnv, ethr            7           0   9.9999999999999995E-007
 ndiag           1

          k = 1.0000 0.0000 0.0000 (   108 PWs)   bands (ev):

    -8.3557  -8.3557  -3.0211  -3.0211   0.9305   0.9305  12.1582  12.1582
 dav_iter, notcnv, ethr           15           0   9.9999999999999995E-007
     davidson     :      0.01s CPU      0.02s WALL (       3 calls)
     cegterg      :      0.01s CPU      0.02s WALL (       3 calls)
     cegterg:init :      0.00s CPU      0.00s WALL (       3 calls)
     cegterg:diag :      0.00s CPU      0.01s WALL (      33 calls)
     cegterg:upda :      0.00s CPU      0.00s WALL (      30 calls)
     cegterg:over :      0.00s CPU      0.00s WALL (      30 calls)
     cegterg:last :      0.00s CPU      0.00s WALL (       7 calls)
     h_psi        :      0.00s CPU      0.01s WALL (      33 calls)
     s_psi        :      0.00s CPU      0.00s WALL (      33 calls)
     g_psi        :      0.00s CPU      0.00s WALL (      30 calls)
