 nks >
          27          27          27       19683
 ngm =        6615
 npwx =         869

          k = 0.0000 0.0000 0.0000 (   869 PWs)   bands (ev):

   -12.6369 -10.2593 -10.2593 -10.2593 -10.2593  -8.3557  -8.3557  -8.3557
    -8.3557  -8.3557  -8.3557  -7.3882  -7.3882  -7.3882  -7.3882  -3.0211
    -3.0211  -3.0211  -3.0211  -3.0211  -3.0211  -1.2491  -1.2491  -1.2491
    -1.2491  -1.2491  -1.2491  -1.2491  -1.2491  -0.0000  -0.0000   0.0000
     0.9305   0.9305   0.9305   0.9305   0.9305   0.9305   1.8752   1.8752
     1.8752   1.8752   3.4229   3.4229   3.4229   3.8840   3.9800   3.9800
     3.9800   3.9800   3.9800   3.9800   3.9800   3.9800   7.5397   7.9683
     7.9683   7.9691   7.9691   7.9691   7.9691  11.5026  11.5026  11.5026
 dav_iter, notcnv, ethr           19           0  9.99999999999999955E-007
     davidson     :      0.91s CPU      0.91s WALL (       1 calls)
     cegterg      :      0.91s CPU      0.91s WALL (       1 calls)
     cegterg:init :      0.01s CPU      0.01s WALL (       1 calls)
     cegterg:diag :      0.28s CPU      0.28s WALL (      20 calls)
     cegterg:upda :      0.08s CPU      0.08s WALL (      19 calls)
     cegterg:over :      0.17s CPU      0.17s WALL (      19 calls)
     cegterg:last :      0.10s CPU      0.10s WALL (       4 calls)
     h_psi        :      0.26s CPU      0.26s WALL (      20 calls)
     g_psi        :      0.00s CPU      0.00s WALL (      19 calls)
