 parallel defs            1           0
 nks >
          60          60          60      216000
 ngm =       59535
 npwx =        7391
 ** TEST:  CB hamiltonian modified so as to need an overlap matrix **
 ndiag           1

          k = 0.0000 0.0000 0.0000 (  7391 PWs)   bands (ev):

   -13.7337 -13.4892 -13.4892 -13.4892 -13.4892 -13.4892 -13.4892 -13.4892
   -13.4892 -13.4082 -13.4082 -13.4082 -13.4082 -13.4082 -13.4082 -13.2204
   -13.2204 -13.2204 -13.2204 -13.2204 -13.2204 -13.2204 -13.2204 -13.2204
   -13.2204 -13.2204 -13.2204 -13.2117 -13.2117 -13.2117 -13.2117 -13.1279
   -13.1279 -13.1279 -13.1279 -13.1279 -13.1279 -13.1279 -13.1279 -13.1279
   -13.1279 -13.1279 -13.1279 -13.1279 -13.1279 -13.1279 -13.1279 -13.1279
   -13.1279 -13.1279 -13.1279 -13.1279 -13.1279 -13.1279 -13.1279 -13.0395
   -13.0395 -13.0395 -13.0325 -13.0325 -13.0325 -13.0325 -13.0325 -13.0325
    -3.6840  -3.6840  -3.6840  -3.6840  -3.4667  -3.4667  -3.4667  -3.2412
    -3.2412  -3.2412  -3.2412  -3.2412  -3.2412  -3.2412  -3.2412  -3.2412
    -3.2412  -3.2412  -3.2412  -3.2412  -3.2412  -3.2412  -3.2412  -3.2412
    -3.2412  -3.2412  -3.2412  -3.2412  -3.2412  -3.2412  -3.2412  -3.0127
    -3.0127  -3.0127  -3.0127  -3.0127  -3.0127  -2.9770  -2.9770  -2.9770
    -2.9770  -2.9770  -2.9770  -2.9770  -2.9770  -2.9770  -2.9770  -2.9770
    -2.9770  -2.3131  -2.3131  -2.3131  -2.3131  -2.3131  -2.3131  -2.3131
    -2.3131  -2.2477  -2.2477  -2.2477  -2.2477  -2.2477  -2.2477  -2.1940
    -2.1940  -2.1940  -2.1940  -2.1940  -2.1940  -1.7804  -1.7804  -1.7804
    -1.7804  -1.7804  -1.7804  -1.7804  -1.7804  -1.7804  -1.7804  -1.7804
    -1.7804  -1.6956  -1.6956  -1.6956  -1.6956  -1.6956  -1.6956  -1.6956
    -1.6956  -1.6956  -1.6956  -1.6956  -1.6956  -1.6956  -1.6956  -1.6956
    -1.6956  -1.6956  -1.6956  -1.6956  -1.6956  -1.6956  -1.6956  -1.6956
    -1.6956  -1.6484  -1.6484  -1.6484  -1.6484  -1.6484  -1.6484  -1.3878
    -1.3878  -1.3878  -1.3878  -1.3878  -1.3878  -0.9898  -0.9898  -0.9898
    -0.9898  -0.9898  -0.9898  -0.9898  -0.9898  -0.9898  -0.9898  -0.9898
    -0.9898  -0.9898  -0.9898  -0.9898  -0.9898  -0.9898  -0.9898  -0.9898
    -0.9898  -0.9898  -0.9898  -0.9898  -0.9898  -0.7870  -0.7870  -0.7870
    -0.7870  -0.7870  -0.7870  -0.7870  -0.7870  -0.7870  -0.7870  -0.7870
    -0.7870  -0.5307  -0.5307  -0.5307  -0.5307  -0.5307  -0.5307  -0.5307
    -0.5307  -0.5307  -0.5307  -0.5307  -0.5307  -0.5050  -0.5050  -0.5050
    -0.5050  -0.5050  -0.5050  -0.5050  -0.5050  -0.2711  -0.2711  -0.2711
    -0.2711  -0.2711  -0.2711  -0.2711  -0.2711  -0.2711  -0.2711  -0.2711
    -0.2711  -0.2711  -0.2711  -0.2711  -0.2711  -0.0000  -0.0000   0.0000
     2.7093   4.2598   4.2598   4.2598   4.2598   4.3453   4.3453   4.3453
     4.3453   4.3453   4.3453   4.3453   4.3453   4.3588   4.3588   4.3588
     5.1759   5.1759   5.1759   5.2007   5.2007   5.2007   5.2007   5.2007
     5.2007   5.3052   5.3052   5.3052   5.3052   5.3052   5.3052   5.3052
     5.3052   5.3052   5.3052   5.3052   5.3052   5.3052   5.3052   5.3052
     5.3052   5.3052   5.3052   5.3052   5.3052   5.3052   5.3052   5.3052
     5.3052   5.8589   5.8589   5.8589   5.8589   5.8589   5.8589   5.8589
     5.8589   5.8589   5.8589   5.8589   5.8589   6.2224   6.2224   6.2224
     6.2224   6.2224   6.2224   6.7363   6.7363   6.7363   6.7363   6.7363
     6.7363   7.4516   7.4516   7.4516   7.4516   7.4516   7.4516   7.4516
     7.4516   7.4516   7.4516   7.4516   7.4516   7.4516   7.4516   7.4516
     7.4516   7.4516   7.4516   7.4516   7.4516   7.4516   7.4516   7.4516
     7.4516   7.6214   7.6214   7.6214   7.6385   7.6385   7.6385   7.6385
     7.6385   7.6385   7.6385   7.6385   7.6745   7.6745   7.6745   7.6745
     7.6745   7.6745   7.6745   7.6745   7.6745   7.6745   7.6745   7.6745
     7.8361   7.8361   7.8361   7.8361   7.8361   7.8361   8.0306   8.0306
     8.0306   8.0306   8.0306   8.0306   8.0579   8.0579   8.0579   8.0579
     8.0579   8.0579   8.0579   8.0579   8.0579   8.0579   8.0579   8.0579
     8.0579   8.0579   8.0579   8.0579   8.2841   8.2841   8.2841   8.2841
     8.2841   8.2841   8.2841   8.2841   8.3939   8.3939   8.3939   8.3939
     8.3939   8.3939   8.3939   8.3939   8.3939   8.3939   8.3939   8.3939
     8.3939   8.3939   8.3939   8.3939   8.3939   8.3939   8.3939   8.3939
     8.3939   8.3939   8.3939   8.3939   8.4015   8.4015   8.4015   8.4015
     8.4015   8.4015   8.4015   8.4015   8.4015   8.4015   8.4015   8.4015
     8.4315   8.4315   8.4315   8.4315   8.4315   8.4315   8.5619   8.5619
     8.5619   8.5619   8.5619   8.5619   8.9851   8.9851   8.9851   8.9851
     8.9851   8.9851   8.9851   8.9851   8.9851   8.9851   8.9851   8.9851
     9.6202   9.6202   9.6202   9.6202   9.6202   9.6202   9.6202   9.6202
     9.6202   9.6202   9.6202   9.6202   9.6202   9.6202   9.6202   9.6202
     9.6202   9.6202   9.6202   9.6202   9.6202   9.6202   9.6202   9.6203
     9.7643   9.7643   9.7643   9.7643   9.7643   9.7643   9.7643   9.7643
     9.7643   9.7643   9.7643   9.7643   9.9616   9.9616   9.9616   9.9616
 dav_iter, notcnv, ethr           15           0   9.9999999999999995E-007
     davidson     :    515.45s CPU    515.77s WALL (       1 calls)
     cegterg      :    515.45s CPU    515.77s WALL (       1 calls)
     cegterg:init :      7.82s CPU      7.84s WALL (       1 calls)
     cegterg:diag :     97.78s CPU     97.80s WALL (      16 calls)
     cegterg:upda :     94.82s CPU     94.85s WALL (      15 calls)
     cegterg:over :    149.13s CPU    149.17s WALL (      15 calls)
     cegterg:last :    139.44s CPU    139.45s WALL (       5 calls)
     h_psi        :     25.31s CPU     25.44s WALL (      16 calls)
     s_psi        :      0.70s CPU      0.74s WALL (      16 calls)
     g_psi        :      0.21s CPU      0.21s WALL (      15 calls)
