 parallel MPI defs : np=           1 nb=           1   nd=           0
 nks >
          15          15          15        3375
 ngm =         645
 npwx =          92
  subspace rotation first
 ndiag           1
  then paro diagonalization 

          k = 0.0000 0.0000 0.0000 (    65 PWs)   bands (ev):

     0.0000  18.0493  18.0493  18.0493  18.0493  18.0493  18.0493  18.0493
 avg_iter, nhpsi, notconv, ethr           22         187           0   9.9999999999999995E-007
  subspace rotation first
 ndiag           1
  then paro diagonalization 

          k = 0.5000 0.5000 0.5000 (    76 PWs)   bands (ev):

     4.5123   4.5123  16.5452  16.5452  16.5452  16.5452  16.5452  16.5452
 avg_iter, nhpsi, notconv, ethr           40         154           0   9.9999999999999995E-007
  subspace rotation first
 ndiag           1
  then paro diagonalization 

          k = 1.0000 0.0000 0.0000 (    92 PWs)   bands (ev):

     6.0164   6.0164  12.0329  12.0329  12.0329  12.0329  30.0822  30.0822
 avg_iter, nhpsi, notconv, ethr           57         144           0   9.9999999999999995E-007
     paro         :      0.03s CPU      0.03s WALL (       3 calls)
     rotwfck      :      0.02s CPU      0.01s WALL (      16 calls)
     rotwfck:hpsi :      0.01s CPU      0.01s WALL (      16 calls)
     rotwfck:hc   :      0.00s CPU      0.00s WALL (      16 calls)
     rotwfck:diag :      0.00s CPU      0.00s WALL (      16 calls)
     rotwfck:evc  :      0.00s CPU      0.00s WALL (      16 calls)
     pcg          :      0.01s CPU      0.02s WALL (      94 calls)
     pcg:hs_1psi  :      0.01s CPU      0.01s WALL (     255 calls)
     pcg:ortho    :      0.00s CPU      0.00s WALL (     255 calls)
     s_psi        :      0.00s CPU      0.00s WALL (      13 calls)

  general FFT  routines
     fftw         :      0.02s CPU      0.02s WALL (     970 calls)
     ffts         :      0.00s CPU      0.00s WALL

