 parallel MPI defs : np=           1 nb=           1   nd=           0
 nks >
          25          25          25       15625
 ngm =        5065
 npwx =         645
  subspace rotation first
 ndiag           1
  then paro diagonalization 

          k = 0.0000 0.0000 0.0000 (   645 PWs)   bands (ev):

     0.0000   4.5123   4.5123   4.5123   4.5123   4.5123   4.5123   4.5123
     4.5123   6.0164   6.0164   6.0164   6.0164   6.0164   6.0164  12.0329
    12.0329  12.0329  12.0329  12.0329  12.0329  12.0329  12.0329  12.0329
    12.0329  12.0329  12.0329  16.5452  16.5452  16.5452  16.5452  16.5452
    16.5452  16.5452  16.5452  16.5452  16.5452  16.5452  16.5452  16.5452
    16.5452  16.5452  16.5452  16.5452  16.5452  16.5452  16.5452  16.5452
    16.5452  16.5452  16.5452  18.0493  18.0493  18.0493  18.0493  18.0493
    18.0493  18.0493  18.0493  24.0657  24.0657  24.0657  24.0657  24.0657
 avg_iter, nhpsi, notconv, ethr           23        1569           0   9.9999999999999995E-007
     paro         :      0.98s CPU      1.01s WALL (       1 calls)
     rotwfck      :      0.60s CPU      0.61s WALL (       6 calls)
     rotwfck:hpsi :      0.19s CPU      0.20s WALL (       6 calls)
     rotwfck:hc   :      0.20s CPU      0.20s WALL (       6 calls)
     rotwfck:diag :      0.10s CPU      0.11s WALL (       6 calls)
     rotwfck:evc  :      0.11s CPU      0.11s WALL (       6 calls)
     pcg          :      0.38s CPU      0.40s WALL (     277 calls)
     pcg:hs_1psi  :      0.20s CPU      0.25s WALL (     860 calls)
     pcg:ortho    :      0.17s CPU      0.13s WALL (     860 calls)
     s_psi        :      0.00s CPU      0.00s WALL (       5 calls)

  general FFT  routines
     fftw         :      0.30s CPU      0.37s WALL (    3126 calls)
     ffts         :      0.00s CPU      0.00s WALL

