 parallel MPI defs : np=           1 nb=           1   nd=           0
 nks >
          27          27          27       19683
 ngm =        7391
 npwx =         941
  subspace rotation first
 ndiag           1
  then paro diagonalization 

          k = 0.0000 0.0000 0.0000 (   941 PWs)   bands (ev):

   -12.3426 -10.9110 -10.9110 -10.9110 -10.9110 -10.3192 -10.3192 -10.3192
    -6.1510  -6.1510  -6.1510  -6.0410  -6.0410  -6.0410  -6.0410  -2.2895
    -2.2895  -2.2895  -2.2895  -2.2895  -2.2895  -0.9216  -0.9216  -0.9216
    -0.9216  -0.9216  -0.9216  -0.9216  -0.9216  -0.0000  -0.0000   0.0000
     1.1834   1.5673   1.5673   1.5673   1.5673   1.5989   1.5989   1.5989
     2.0916   2.0916   2.0916   4.4167   4.4167   4.4167   4.9092   4.9092
     4.9092   4.9092   4.9092   4.9092   4.9092   4.9092   8.0684   8.5455
     8.5455   8.5455   8.5455   8.6861   8.6861  11.4378  11.4378  11.4378
 avg_iter, nhpsi, notconv, ethr           42        2781           0   9.9999999999999995E-007
     paro         :      2.68s CPU      2.72s WALL (       1 calls)
     rotwfck      :      1.44s CPU      1.44s WALL (       9 calls)
     rotwfck:hpsi :      0.56s CPU      0.56s WALL (       9 calls)
     rotwfck:hc   :      0.47s CPU      0.47s WALL (       9 calls)
     rotwfck:diag :      0.17s CPU      0.18s WALL (       9 calls)
     rotwfck:evc  :      0.24s CPU      0.24s WALL (       9 calls)
     pcg          :      1.24s CPU      1.28s WALL (     404 calls)
     pcg:hs_1psi  :      0.80s CPU      0.86s WALL (    1633 calls)
     pcg:ortho    :      0.38s CPU      0.38s WALL (    1633 calls)
     s_psi        :      0.00s CPU      0.00s WALL (       8 calls)

  general FFT  routines
     fftw         :      1.19s CPU      1.25s WALL (    5438 calls)
     ffts         :      0.00s CPU      0.00s WALL

