 parallel MPI defs : np=           1 nb=           1   nd=           0
 nks >
          15          15          15        3375
 ngm =         645
 npwx =          92
  subspace rotation first
 ndiag           1
  then ppcg diagonalization 

          k = 0.0000 0.0000 0.0000 (    65 PWs)   bands (ev):

     0.0000  18.0493  18.0493  18.0493  18.0493  18.0493  18.0493  18.0493
 ppcg_iter, nhpsi, notconv, ethr            8          72           0   9.9999999999999995E-007
  subspace rotation first
 ndiag           1
  then ppcg diagonalization 

          k = 0.5000 0.5000 0.5000 (    76 PWs)   bands (ev):

     4.5123   4.5123  16.5452  16.5452  16.5452  16.5452  16.5452  16.5452
 ppcg_iter, nhpsi, notconv, ethr            7          64           0   9.9999999999999995E-007
  subspace rotation first
 ndiag           1
  then ppcg diagonalization 

          k = 1.0000 0.0000 0.0000 (    92 PWs)   bands (ev):

     6.0164   6.0164  12.0329  12.0329  12.0329  12.0329  30.0822  30.0822
 ppcg_iter, nhpsi, notconv, ethr            7          64           0   9.9999999999999995E-007
     ppcg         :      0.01s CPU      0.02s WALL (       3 calls)
     rotwfck      :      0.00s CPU      0.00s WALL (       3 calls)
     rotwfck:hpsi :      0.00s CPU      0.00s WALL (       3 calls)
     rotwfck:hc   :      0.00s CPU      0.00s WALL (       3 calls)
     rotwfck:diag :      0.00s CPU      0.00s WALL (       3 calls)
     rotwfck:evc  :      0.00s CPU      0.00s WALL (       3 calls)
     ppcg_k       :      0.01s CPU      0.02s WALL (       3 calls)
     h_psi        :      0.01s CPU      0.01s WALL (      25 calls)
     ppcg:zgemm   :      0.00s CPU      0.00s WALL (     382 calls)
     ppcg:hpsi    :      0.01s CPU      0.01s WALL (      22 calls)
     ppcg:cholQR  :      0.00s CPU      0.00s WALL (      18 calls)
     ppcg:RR      :      0.00s CPU      0.00s WALL (       3 calls)
     ppcg:ZTRSM   :      0.00s CPU      0.00s WALL (      18 calls)
     ppcg:lock    :      0.00s CPU      0.00s WALL (       6 calls)

  general FFT  routines
     fftw         :      0.01s CPU      0.01s WALL (     400 calls)
     ffts         :      0.00s CPU      0.02s WALL

