 parallel MPI defs : np=           1 nb=           1   nd=           0
  Gamma-only calculation, assuming nks=1, xk=(0,0,0) 
          60          60          60      216000
 ngm =       29768
 npwx =        3696
  subspace rotation first
 ndiag           1
  then paro diagonalization 

          k = 0.0000 0.0000 0.0000 (  3696 PWs)   bands (ev):

   -13.7337 -13.4892 -13.4892 -13.4892 -13.4892 -13.4892 -13.4892 -13.4892
   -13.4892 -13.4082 -13.4082 -13.4082 -13.4082 -13.4082 -13.4082 -13.2204
   -13.2204 -13.2204 -13.2204 -13.2204 -13.2204 -13.2204 -13.2204 -13.2204
   -13.2204 -13.2204 -13.2204 -13.2117 -13.2117 -13.2117 -13.2117 -13.1279
   -13.1279 -13.1279 -13.1279 -13.1279 -13.1279 -13.1279 -13.1279 -13.1279
   -13.1279 -13.1279 -13.1279 -13.1279 -13.1279 -13.1279 -13.1279 -13.1279
   -13.1279 -13.1279 -13.1279 -13.1279 -13.1279 -13.1279 -13.1279 -13.0395
   -13.0395 -13.0395 -13.0325 -13.0325 -13.0325 -13.0325 -13.0325 -13.0325
    -3.6840  -3.6840  -3.6840  -3.6840  -3.4667  -3.4667  -3.4667  -3.2412
    -3.2412  -3.2412  -3.2412  -3.2412  -3.2412  -3.2412  -3.2412  -3.2412
    -3.2412  -3.2412  -3.2412  -3.2412  -3.2412  -3.2412  -3.2412  -3.2412
    -3.2412  -3.2412  -3.2412  -3.2412  -3.2412  -3.2412  -3.2412  -3.0127
    -3.0127  -3.0127  -3.0127  -3.0127  -3.0127  -2.9770  -2.9770  -2.9770
    -2.9770  -2.9770  -2.9770  -2.9770  -2.9770  -2.9770  -2.9770  -2.9770
    -2.9770  -2.3131  -2.3131  -2.3131  -2.3131  -2.3131  -2.3131  -2.3131
    -2.3131  -2.2477  -2.2477  -2.2477  -2.2477  -2.2477  -2.2477  -2.1940
    -2.1940  -2.1940  -2.1940  -2.1940  -2.1940  -1.7804  -1.7804  -1.7804
    -1.7804  -1.7804  -1.7804  -1.7804  -1.7804  -1.7804  -1.7804  -1.7804
    -1.7804  -1.6956  -1.6956  -1.6956  -1.6956  -1.6956  -1.6956  -1.6956
    -1.6956  -1.6956  -1.6956  -1.6956  -1.6956  -1.6956  -1.6956  -1.6956
    -1.6956  -1.6956  -1.6956  -1.6956  -1.6956  -1.6956  -1.6956  -1.6956
    -1.6956  -1.6484  -1.6484  -1.6484  -1.6484  -1.6484  -1.6484  -1.3878
    -1.3878  -1.3878  -1.3878  -1.3878  -1.3878  -0.9898  -0.9898  -0.9898
    -0.9898  -0.9898  -0.9898  -0.9898  -0.9898  -0.9898  -0.9898  -0.9898
    -0.9898  -0.9898  -0.9898  -0.9898  -0.9898  -0.9898  -0.9898  -0.9898
    -0.9898  -0.9898  -0.9898  -0.9898  -0.9898  -0.7870  -0.7870  -0.7870
    -0.7870  -0.7870  -0.7870  -0.7870  -0.7870  -0.7870  -0.7870  -0.7870
    -0.7870  -0.5307  -0.5307  -0.5307  -0.5307  -0.5307  -0.5307  -0.5307
    -0.5307  -0.5307  -0.5307  -0.5307  -0.5307  -0.5050  -0.5050  -0.5050
    -0.5050  -0.5050  -0.5050  -0.5050  -0.5050  -0.2711  -0.2711  -0.2711
    -0.2711  -0.2711  -0.2711  -0.2711  -0.2711  -0.2711  -0.2711  -0.2711
    -0.2711  -0.2711  -0.2711  -0.2711  -0.2711  -0.0000  -0.0000   0.0000
     2.7093   4.2598   4.2598   4.2598   4.2598   4.3453   4.3453   4.3453
     4.3453   4.3453   4.3453   4.3453   4.3453   4.3588   4.3588   4.3588
     5.1759   5.1759   5.1759   5.2007   5.2007   5.2007   5.2007   5.2007
     5.2007   5.3052   5.3052   5.3052   5.3052   5.3052   5.3052   5.3052
     5.3052   5.3052   5.3052   5.3052   5.3052   5.3052   5.3052   5.3052
     5.3052   5.3052   5.3052   5.3052   5.3052   5.3052   5.3052   5.3052
     5.3052   5.8589   5.8589   5.8589   5.8589   5.8589   5.8589   5.8589
     5.8589   5.8589   5.8589   5.8589   5.8589   6.2224   6.2224   6.2224
     6.2224   6.2224   6.2224   6.7363   6.7363   6.7363   6.7363   6.7363
     6.7363   7.4516   7.4516   7.4516   7.4516   7.4516   7.4516   7.4516
     7.4516   7.4516   7.4516   7.4516   7.4516   7.4516   7.4516   7.4516
     7.4516   7.4516   7.4516   7.4516   7.4516   7.4516   7.4516   7.4516
     7.4516   7.6214   7.6214   7.6214   7.6385   7.6385   7.6385   7.6385
     7.6385   7.6385   7.6385   7.6385   7.6745   7.6745   7.6745   7.6745
     7.6745   7.6745   7.6745   7.6745   7.6745   7.6745   7.6745   7.6745
     7.8361   7.8361   7.8361   7.8361   7.8361   7.8361   8.0306   8.0306
     8.0306   8.0306   8.0306   8.0306   8.0579   8.0579   8.0579   8.0579
     8.0579   8.0579   8.0579   8.0579   8.0579   8.0579   8.0579   8.0579
     8.0579   8.0579   8.0579   8.0579   8.2841   8.2841   8.2841   8.2841
     8.2841   8.2841   8.2841   8.2841   8.3939   8.3939   8.3939   8.3939
     8.3939   8.3939   8.3939   8.3939   8.3939   8.3939   8.3939   8.3939
     8.3939   8.3939   8.3939   8.3939   8.3939   8.3939   8.3939   8.3939
     8.3939   8.3939   8.3939   8.3939   8.4015   8.4015   8.4015   8.4015
     8.4015   8.4015   8.4015   8.4015   8.4015   8.4015   8.4015   8.4015
     8.4315   8.4315   8.4315   8.4315   8.4315   8.4315   8.5619   8.5619
     8.5619   8.5619   8.5619   8.5619   8.9851   8.9851   8.9851   8.9851
     8.9851   8.9851   8.9851   8.9851   8.9851   8.9851   8.9851   8.9851
     9.6202   9.6202   9.6202   9.6202   9.6202   9.6202   9.6202   9.6202
     9.6202   9.6202   9.6202   9.6202   9.6202   9.6202   9.6202   9.6202
     9.6202   9.6202   9.6202   9.6202   9.6202   9.6202   9.6202   9.6202
     9.7643   9.7643   9.7643   9.7643   9.7643   9.7643   9.7643   9.7643
     9.7643   9.7643   9.7643   9.7643   9.9616   9.9616   9.9616   9.9616
 avg_iter, nhpsi, notconv, ethr           37       19964           0   9.9999999999999995E-007
     paro         :    382.16s CPU    383.02s WALL (       1 calls)
     rotwfcg      :    233.14s CPU    233.56s WALL (       8 calls)
     rotwfcg:hpsi :     40.55s CPU     40.94s WALL (       8 calls)
     rotwfcg:hc   :    126.42s CPU    126.44s WALL (       8 calls)
     rotwfcg:diag :     26.09s CPU     26.09s WALL (       8 calls)
     rotwfcg:evc  :     40.07s CPU     40.07s WALL (       8 calls)
     pcg          :    148.94s CPU    149.37s WALL (    3053 calls)
     pcg:hs_1psi  :     61.23s CPU     65.07s WALL (   12020 calls)
     pcg:ortho    :     86.79s CPU     83.14s WALL (   12020 calls)
     s_psi        :      0.03s CPU      0.03s WALL (       7 calls)

  general FFT  routines
     fftw         :     87.43s CPU     89.53s WALL (   39396 calls)
     ffts         :      0.00s CPU      0.01s WALL

