Loading intel-oneapi-mkl/2024.0.0--intel-oneapi-mpi--2021.12.1
  Loading requirement: intel-oneapi-mpi/2021.12.1 intel-oneapi-tbb/2021.12.0

========================================
EXERCISE 5: GPU offloading scaling
========================================

--- np=1, GPU offloading (cegterg) ---
 parallel MPI defs : np=            1 nb=            1   nd=            1  nk= 
            1
 nks >
          180          180          180      5832000
 ngm =      1670745
 npwx =       208831

          k = 0.0000 0.0000 0.0000 (208831 PWs)   bands (ev):

   -12.6131 -11.7945 -11.7945 -11.7945 -11.7945 -11.7945 -11.7945 -11.7945
   -11.7945 -11.5037 -11.5037 -11.5037 -11.5037 -11.5037 -11.5037 -10.5183
   -10.5183 -10.5183 -10.5183 -10.5183 -10.5183 -10.5183 -10.5183 -10.5183
   -10.5183 -10.5183 -10.5183 -10.2354 -10.2354 -10.2354 -10.2354  -9.8247
    -9.8247  -9.8247  -9.8247  -9.8247  -9.8247  -9.8247  -9.8247  -9.8247
    -9.8247  -9.8247  -9.8247  -9.8247  -9.8247  -9.8247  -9.8247  -9.8247
    -9.8247  -9.8247  -9.8247  -9.8247  -9.8247  -9.8247  -9.8247  -8.3325
    -8.3325  -8.3325  -8.3325  -8.3325  -8.3325  -8.1735  -8.1735  -8.1735
    -8.1735  -8.1735  -8.1735  -8.1735  -8.1735  -8.1735  -8.1735  -8.1735
    -8.1735  -7.3658  -7.3658  -7.3658  -7.3658  -6.8047  -6.8047  -6.8047
    -6.8047  -6.8047  -6.8047  -6.8047  -6.8047  -6.8047  -6.8047  -6.8047
    -6.8047  -6.8047  -6.8047  -6.8047  -6.8047  -6.8047  -6.8047  -6.8047
    -6.8047  -6.8047  -6.8047  -6.8047  -6.8047  -5.8569  -5.8569  -5.8569
    -5.8569  -5.8569  -5.8569  -5.8569  -5.8569  -5.8569  -5.8569  -5.8569
    -5.8569  -4.1662  -4.1662  -4.1662  -4.1662  -4.1662  -4.1662  -4.1662
    -4.1662  -4.0223  -4.0223  -4.0223  -4.0223  -4.0223  -4.0223  -4.0223
    -4.0223  -4.0223  -4.0223  -4.0223  -4.0223  -3.9172  -3.9172  -3.9172
    -3.9172  -3.9172  -3.9172  -3.9172  -3.9172  -3.9172  -3.9172  -3.9172
    -3.9172  -3.7776  -3.7776  -3.7776  -3.7776  -3.7776  -3.7776  -3.7002
    -3.7002  -3.7002  -3.7002  -3.7002  -3.7002  -3.7002  -3.7002  -3.7002
    -3.7002  -3.7002  -3.7002  -3.7002  -3.7002  -3.7002  -3.7002  -3.7002
    -3.7002  -3.7002  -3.7002  -3.7002  -3.7002  -3.7002  -3.7002  -3.0055
    -3.0055  -3.0055  -3.0055  -3.0055  -3.0055  -2.3121  -2.3121  -2.3121
    -2.3121  -2.3121  -2.3121  -2.3121  -2.3121  -2.3121  -2.3121  -2.3121
    -2.3121  -2.3121  -2.3121  -2.3121  -2.3121  -2.3121  -2.3121  -2.3121
    -2.3121  -2.3121  -2.3121  -2.3121  -2.3121  -1.9635  -1.9635  -1.9635
    -1.9635  -1.9635  -1.9635  -1.9635  -1.9635  -1.9635  -1.9635  -1.9635
    -1.9635  -1.3803  -1.3803  -1.3803  -1.3803  -1.3803  -1.3803  -1.3803
    -1.3803  -1.3803  -1.3803  -1.3803  -1.3803  -1.2527  -1.2527  -1.2527
    -1.2527  -1.2527  -1.2527  -1.2527  -1.2527  -0.7746  -0.7746  -0.7746
    -0.7746  -0.7746  -0.7746  -0.7746  -0.7746  -0.7746  -0.7746  -0.7746
    -0.7746  -0.7746  -0.7746  -0.7746  -0.7746  -0.0000  -0.0000   0.0000
     0.9487   0.9487   0.9487   0.9487   0.9487   0.9487   1.4981   1.4981
     1.4981   1.4981   1.4981   1.4981   1.8404   1.8404   1.8404   1.8404
     1.8404   1.8404   1.8404   1.8404   1.8404   1.8404   1.8404   1.8404
     1.8404   1.8404   1.8404   1.8404   1.8404   1.8404   1.8404   1.8404
     1.8404   1.8404   1.8404   1.8404   1.8760   1.8760   1.8760   1.8760
     2.4636   2.4636   2.4636   2.4636   2.4636   2.4636   2.4636   2.4636
     2.9107   2.9107   2.9107   2.9107   2.9107   2.9107   2.9107   2.9107
     2.9107   2.9107   2.9107   2.9107   3.4244   3.4244   3.4244   3.4868
     3.4868   3.4868   3.4868   3.4868   3.4868   3.8894   3.9824   3.9824
     3.9824   3.9824   3.9824   3.9824   3.9824   3.9824   4.3507   4.3507
     4.3507   4.3507   4.3507   4.3507   4.3507   4.3507   4.3507   4.3507
     4.3507   4.3507   4.3507   4.3507   4.3507   4.3507   4.6620   4.6620
     4.6620   4.6620   4.6620   4.6620   4.6620   4.6620   4.6620   4.6620
     4.6620   4.6620   4.8971   4.8971   4.8971   4.8971   4.8971   4.8971
     4.8971   4.8971   4.8971   4.8971   4.8971   4.8971   4.8971   4.8971
     4.8971   4.8971   4.8971   4.8971   4.8971   4.8971   4.8971   4.8971
     4.8971   4.8971   5.6251   5.6251   5.6251   5.6251   5.6251   5.6251
     5.6251   5.6251   5.6251   5.6251   5.6251   5.6251   5.8427   5.8427
     5.8427   5.8427   5.8427   5.8427   5.8427   5.8427   5.8427   5.8427
     5.8427   5.8427   5.9147   5.9147   5.9147   5.9147   5.9147   5.9147
     5.9147   5.9147   5.9147   5.9147   5.9147   5.9147   6.7448   6.7448
     6.7448   6.7448   6.7448   6.7448   6.7448   6.7448   6.7448   6.7448
     6.7448   6.7448   6.7448   6.7448   6.7448   6.7448   6.7448   6.7448
     6.7448   6.7448   6.7448   6.7448   6.7448   6.7448   6.7449   6.7449
     6.7449   6.7449   6.7449   6.7449   6.7449   6.7449   6.7449   6.7449
     6.7449   6.7449   6.8315   6.8315   6.8315   6.8315   6.8315   6.8315
     6.8315   6.8315   6.8315   6.8315   6.8315   6.8315   6.8315   6.8315
     6.8315   6.8315   6.8315   6.8315   6.8315   6.8315   6.8315   6.8315
     6.8315   6.8315   7.0315   7.0315   7.0315   7.0315   7.0315   7.0315
     7.0315   7.0315   7.0315   7.0315   7.0315   7.0315   7.0996   7.0996
     7.0996   7.0996   7.0996   7.0996   7.0996   7.0996   7.0996   7.0996
     7.0996   7.0996   7.5461   7.6428   7.6428   7.6428   7.6428   7.6428
Timing summary:
     davidson     :     10.69s CPU     11.13s WALL (       1 calls)
     g_psi        :      0.05s CPU      0.05s WALL (      20 calls)
     fftw         :      0.20s CPU      6.20s WALL (    9766 calls)
                                        6.12s GPU  (    9766 calls)
     ffts         :      0.09s CPU      0.16s WALL



--- np=2, GPU offloading (cegterg) ---
 parallel MPI defs : np=            2 nb=            1   nd=            1  nk= 
            1
 nks >
          180          180          180      2916000
 ngm =       835373
 npwx =       104416

          k = 0.0000 0.0000 0.0000 (104416 PWs)   bands (ev):

   -12.6131 -11.7945 -11.7945 -11.7945 -11.7945 -11.7945 -11.7945 -11.7945
   -11.7945 -11.5037 -11.5037 -11.5037 -11.5037 -11.5037 -11.5037 -10.5183
   -10.5183 -10.5183 -10.5183 -10.5183 -10.5183 -10.5183 -10.5183 -10.5183
   -10.5183 -10.5183 -10.5183 -10.2354 -10.2354 -10.2354 -10.2354  -9.8247
    -9.8247  -9.8247  -9.8247  -9.8247  -9.8247  -9.8247  -9.8247  -9.8247
    -9.8247  -9.8247  -9.8247  -9.8247  -9.8247  -9.8247  -9.8247  -9.8247
    -9.8247  -9.8247  -9.8247  -9.8247  -9.8247  -9.8247  -9.8247  -8.3325
    -8.3325  -8.3325  -8.3325  -8.3325  -8.3325  -8.1735  -8.1735  -8.1735
    -8.1735  -8.1735  -8.1735  -8.1735  -8.1735  -8.1735  -8.1735  -8.1735
    -8.1735  -7.3658  -7.3658  -7.3658  -7.3658  -6.8047  -6.8047  -6.8047
    -6.8047  -6.8047  -6.8047  -6.8047  -6.8047  -6.8047  -6.8047  -6.8047
    -6.8047  -6.8047  -6.8047  -6.8047  -6.8047  -6.8047  -6.8047  -6.8047
    -6.8047  -6.8047  -6.8047  -6.8047  -6.8047  -5.8569  -5.8569  -5.8569
    -5.8569  -5.8569  -5.8569  -5.8569  -5.8569  -5.8569  -5.8569  -5.8569
    -5.8569  -4.1662  -4.1662  -4.1662  -4.1662  -4.1662  -4.1662  -4.1662
    -4.1662  -4.0223  -4.0223  -4.0223  -4.0223  -4.0223  -4.0223  -4.0223
    -4.0223  -4.0223  -4.0223  -4.0223  -4.0223  -3.9172  -3.9172  -3.9172
    -3.9172  -3.9172  -3.9172  -3.9172  -3.9172  -3.9172  -3.9172  -3.9172
    -3.9172  -3.7776  -3.7776  -3.7776  -3.7776  -3.7776  -3.7776  -3.7002
    -3.7002  -3.7002  -3.7002  -3.7002  -3.7002  -3.7002  -3.7002  -3.7002
    -3.7002  -3.7002  -3.7002  -3.7002  -3.7002  -3.7002  -3.7002  -3.7002
    -3.7002  -3.7002  -3.7002  -3.7002  -3.7002  -3.7002  -3.7002  -3.0055
    -3.0055  -3.0055  -3.0055  -3.0055  -3.0055  -2.3121  -2.3121  -2.3121
    -2.3121  -2.3121  -2.3121  -2.3121  -2.3121  -2.3121  -2.3121  -2.3121
    -2.3121  -2.3121  -2.3121  -2.3121  -2.3121  -2.3121  -2.3121  -2.3121
    -2.3121  -2.3121  -2.3121  -2.3121  -2.3121  -1.9635  -1.9635  -1.9635
    -1.9635  -1.9635  -1.9635  -1.9635  -1.9635  -1.9635  -1.9635  -1.9635
    -1.9635  -1.3803  -1.3803  -1.3803  -1.3803  -1.3803  -1.3803  -1.3803
    -1.3803  -1.3803  -1.3803  -1.3803  -1.3803  -1.2527  -1.2527  -1.2527
    -1.2527  -1.2527  -1.2527  -1.2527  -1.2527  -0.7746  -0.7746  -0.7746
    -0.7746  -0.7746  -0.7746  -0.7746  -0.7746  -0.7746  -0.7746  -0.7746
    -0.7746  -0.7746  -0.7746  -0.7746  -0.7746  -0.0000  -0.0000   0.0000
     0.9487   0.9487   0.9487   0.9487   0.9487   0.9487   1.4981   1.4981
     1.4981   1.4981   1.4981   1.4981   1.8404   1.8404   1.8404   1.8404
     1.8404   1.8404   1.8404   1.8404   1.8404   1.8404   1.8404   1.8404
     1.8404   1.8404   1.8404   1.8404   1.8404   1.8404   1.8404   1.8404
     1.8404   1.8404   1.8404   1.8404   1.8760   1.8760   1.8760   1.8760
     2.4636   2.4636   2.4636   2.4636   2.4636   2.4636   2.4636   2.4636
     2.9107   2.9107   2.9107   2.9107   2.9107   2.9107   2.9107   2.9107
     2.9107   2.9107   2.9107   2.9107   3.4244   3.4244   3.4244   3.4868
     3.4868   3.4868   3.4868   3.4868   3.4868   3.8894   3.9824   3.9824
     3.9824   3.9824   3.9824   3.9824   3.9824   3.9824   4.3507   4.3507
     4.3507   4.3507   4.3507   4.3507   4.3507   4.3507   4.3507   4.3507
     4.3507   4.3507   4.3507   4.3507   4.3507   4.3507   4.6620   4.6620
     4.6620   4.6620   4.6620   4.6620   4.6620   4.6620   4.6620   4.6620
     4.6620   4.6620   4.8971   4.8971   4.8971   4.8971   4.8971   4.8971
     4.8971   4.8971   4.8971   4.8971   4.8971   4.8971   4.8971   4.8971
     4.8971   4.8971   4.8971   4.8971   4.8971   4.8971   4.8971   4.8971
     4.8971   4.8971   5.6251   5.6251   5.6251   5.6251   5.6251   5.6251
     5.6251   5.6251   5.6251   5.6251   5.6251   5.6251   5.8427   5.8427
     5.8427   5.8427   5.8427   5.8427   5.8427   5.8427   5.8427   5.8427
     5.8427   5.8427   5.9147   5.9147   5.9147   5.9147   5.9147   5.9147
     5.9147   5.9147   5.9147   5.9147   5.9147   5.9147   6.7448   6.7448
     6.7448   6.7448   6.7448   6.7448   6.7448   6.7448   6.7448   6.7448
     6.7448   6.7448   6.7448   6.7448   6.7448   6.7448   6.7448   6.7448
     6.7448   6.7448   6.7448   6.7448   6.7448   6.7448   6.7449   6.7449
     6.7449   6.7449   6.7449   6.7449   6.7449   6.7449   6.7449   6.7449
     6.7449   6.7449   6.8315   6.8315   6.8315   6.8315   6.8315   6.8315
     6.8315   6.8315   6.8315   6.8315   6.8315   6.8315   6.8315   6.8315
     6.8315   6.8315   6.8315   6.8315   6.8315   6.8315   6.8315   6.8315
     6.8315   6.8315   7.0315   7.0315   7.0315   7.0315   7.0315   7.0315
     7.0315   7.0315   7.0315   7.0315   7.0315   7.0315   7.0996   7.0996
     7.0996   7.0996   7.0996   7.0996   7.0996   7.0996   7.0996   7.0996
     7.0996   7.0996   7.5461   7.6428   7.6428   7.6428   7.6428   7.6428
Timing summary:
     davidson     :     27.27s CPU     31.53s WALL (       1 calls)
     g_psi        :      0.05s CPU      0.05s WALL (      20 calls)
     fftw         :     13.07s CPU     20.99s WALL (    9786 calls)
                                       17.76s GPU  (    9786 calls)
     ffts         :      0.06s CPU      0.08s WALL



--- np=3, GPU offloading (cegterg) ---
 parallel MPI defs : np=            3 nb=            1   nd=            1  nk= 
            1
 nks >
          180          180          180      1944000
 ngm =       556916
 npwx =        69611

          k = 0.0000 0.0000 0.0000 ( 69611 PWs)   bands (ev):

   -12.6131 -11.7945 -11.7945 -11.7945 -11.7945 -11.7945 -11.7945 -11.7945
   -11.7945 -11.5037 -11.5037 -11.5037 -11.5037 -11.5037 -11.5037 -10.5183
   -10.5183 -10.5183 -10.5183 -10.5183 -10.5183 -10.5183 -10.5183 -10.5183
   -10.5183 -10.5183 -10.5183 -10.2354 -10.2354 -10.2354 -10.2354  -9.8247
    -9.8247  -9.8247  -9.8247  -9.8247  -9.8247  -9.8247  -9.8247  -9.8247
    -9.8247  -9.8247  -9.8247  -9.8247  -9.8247  -9.8247  -9.8247  -9.8247
    -9.8247  -9.8247  -9.8247  -9.8247  -9.8247  -9.8247  -9.8247  -8.3325
    -8.3325  -8.3325  -8.3325  -8.3325  -8.3325  -8.1735  -8.1735  -8.1735
    -8.1735  -8.1735  -8.1735  -8.1735  -8.1735  -8.1735  -8.1735  -8.1735
    -8.1735  -7.3658  -7.3658  -7.3658  -7.3658  -6.8047  -6.8047  -6.8047
    -6.8047  -6.8047  -6.8047  -6.8047  -6.8047  -6.8047  -6.8047  -6.8047
    -6.8047  -6.8047  -6.8047  -6.8047  -6.8047  -6.8047  -6.8047  -6.8047
    -6.8047  -6.8047  -6.8047  -6.8047  -6.8047  -5.8569  -5.8569  -5.8569
    -5.8569  -5.8569  -5.8569  -5.8569  -5.8569  -5.8569  -5.8569  -5.8569
    -5.8569  -4.1662  -4.1662  -4.1662  -4.1662  -4.1662  -4.1662  -4.1662
    -4.1662  -4.0223  -4.0223  -4.0223  -4.0223  -4.0223  -4.0223  -4.0223
    -4.0223  -4.0223  -4.0223  -4.0223  -4.0223  -3.9172  -3.9172  -3.9172
    -3.9172  -3.9172  -3.9172  -3.9172  -3.9172  -3.9172  -3.9172  -3.9172
    -3.9172  -3.7776  -3.7776  -3.7776  -3.7776  -3.7776  -3.7776  -3.7002
    -3.7002  -3.7002  -3.7002  -3.7002  -3.7002  -3.7002  -3.7002  -3.7002
    -3.7002  -3.7002  -3.7002  -3.7002  -3.7002  -3.7002  -3.7002  -3.7002
    -3.7002  -3.7002  -3.7002  -3.7002  -3.7002  -3.7002  -3.7002  -3.0055
    -3.0055  -3.0055  -3.0055  -3.0055  -3.0055  -2.3121  -2.3121  -2.3121
    -2.3121  -2.3121  -2.3121  -2.3121  -2.3121  -2.3121  -2.3121  -2.3121
    -2.3121  -2.3121  -2.3121  -2.3121  -2.3121  -2.3121  -2.3121  -2.3121
    -2.3121  -2.3121  -2.3121  -2.3121  -2.3121  -1.9635  -1.9635  -1.9635
    -1.9635  -1.9635  -1.9635  -1.9635  -1.9635  -1.9635  -1.9635  -1.9635
    -1.9635  -1.3803  -1.3803  -1.3803  -1.3803  -1.3803  -1.3803  -1.3803
    -1.3803  -1.3803  -1.3803  -1.3803  -1.3803  -1.2527  -1.2527  -1.2527
    -1.2527  -1.2527  -1.2527  -1.2527  -1.2527  -0.7746  -0.7746  -0.7746
    -0.7746  -0.7746  -0.7746  -0.7746  -0.7746  -0.7746  -0.7746  -0.7746
    -0.7746  -0.7746  -0.7746  -0.7746  -0.7746  -0.0000  -0.0000   0.0000
     0.9487   0.9487   0.9487   0.9487   0.9487   0.9487   1.4981   1.4981
     1.4981   1.4981   1.4981   1.4981   1.8404   1.8404   1.8404   1.8404
     1.8404   1.8404   1.8404   1.8404   1.8404   1.8404   1.8404   1.8404
     1.8404   1.8404   1.8404   1.8404   1.8404   1.8404   1.8404   1.8404
     1.8404   1.8404   1.8404   1.8404   1.8760   1.8760   1.8760   1.8760
     2.4636   2.4636   2.4636   2.4636   2.4636   2.4636   2.4636   2.4636
     2.9107   2.9107   2.9107   2.9107   2.9107   2.9107   2.9107   2.9107
     2.9107   2.9107   2.9107   2.9107   3.4244   3.4244   3.4244   3.4868
     3.4868   3.4868   3.4868   3.4868   3.4868   3.8894   3.9824   3.9824
     3.9824   3.9824   3.9824   3.9824   3.9824   3.9824   4.3507   4.3507
     4.3507   4.3507   4.3507   4.3507   4.3507   4.3507   4.3507   4.3507
     4.3507   4.3507   4.3507   4.3507   4.3507   4.3507   4.6620   4.6620
     4.6620   4.6620   4.6620   4.6620   4.6620   4.6620   4.6620   4.6620
     4.6620   4.6620   4.8971   4.8971   4.8971   4.8971   4.8971   4.8971
     4.8971   4.8971   4.8971   4.8971   4.8971   4.8971   4.8971   4.8971
     4.8971   4.8971   4.8971   4.8971   4.8971   4.8971   4.8971   4.8971
     4.8971   4.8971   5.6251   5.6251   5.6251   5.6251   5.6251   5.6251
     5.6251   5.6251   5.6251   5.6251   5.6251   5.6251   5.8427   5.8427
     5.8427   5.8427   5.8427   5.8427   5.8427   5.8427   5.8427   5.8427
     5.8427   5.8427   5.9147   5.9147   5.9147   5.9147   5.9147   5.9147
     5.9147   5.9147   5.9147   5.9147   5.9147   5.9147   6.7448   6.7448
     6.7448   6.7448   6.7448   6.7448   6.7448   6.7448   6.7448   6.7448
     6.7448   6.7448   6.7448   6.7448   6.7448   6.7448   6.7448   6.7448
     6.7448   6.7448   6.7448   6.7448   6.7448   6.7448   6.7449   6.7449
     6.7449   6.7449   6.7449   6.7449   6.7449   6.7449   6.7449   6.7449
     6.7449   6.7449   6.8315   6.8315   6.8315   6.8315   6.8315   6.8315
     6.8315   6.8315   6.8315   6.8315   6.8315   6.8315   6.8315   6.8315
     6.8315   6.8315   6.8315   6.8315   6.8315   6.8315   6.8315   6.8315
     6.8315   6.8315   7.0315   7.0315   7.0315   7.0315   7.0315   7.0315
     7.0315   7.0315   7.0315   7.0315   7.0315   7.0315   7.0996   7.0996
     7.0996   7.0996   7.0996   7.0996   7.0996   7.0996   7.0996   7.0996
     7.0996   7.0996   7.5460   7.6428   7.6428   7.6428   7.6428   7.6428
Timing summary:
     davidson     :     36.81s CPU     39.30s WALL (       1 calls)
     g_psi        :      0.07s CPU      0.07s WALL (      19 calls)
     fftw         :     14.76s CPU     21.68s WALL (   10090 calls)
                                       15.70s GPU  (   10090 calls)
     ffts         :      0.05s CPU      0.06s WALL



--- np=4, GPU offloading (cegterg) ---
 parallel MPI defs : np=            4 nb=            1   nd=            1  nk= 
            1
 nks >
          180          180          180      1458000
 ngm =       417687
 npwx =        52209

          k = 0.0000 0.0000 0.0000 ( 52209 PWs)   bands (ev):

   -12.6131 -11.7945 -11.7945 -11.7945 -11.7945 -11.7945 -11.7945 -11.7945
   -11.7945 -11.5037 -11.5037 -11.5037 -11.5037 -11.5037 -11.5037 -10.5183
   -10.5183 -10.5183 -10.5183 -10.5183 -10.5183 -10.5183 -10.5183 -10.5183
   -10.5183 -10.5183 -10.5183 -10.2354 -10.2354 -10.2354 -10.2354  -9.8247
    -9.8247  -9.8247  -9.8247  -9.8247  -9.8247  -9.8247  -9.8247  -9.8247
    -9.8247  -9.8247  -9.8247  -9.8247  -9.8247  -9.8247  -9.8247  -9.8247
    -9.8247  -9.8247  -9.8247  -9.8247  -9.8247  -9.8247  -9.8247  -8.3325
    -8.3325  -8.3325  -8.3325  -8.3325  -8.3325  -8.1735  -8.1735  -8.1735
    -8.1735  -8.1735  -8.1735  -8.1735  -8.1735  -8.1735  -8.1735  -8.1735
    -8.1735  -7.3658  -7.3658  -7.3658  -7.3658  -6.8047  -6.8047  -6.8047
    -6.8047  -6.8047  -6.8047  -6.8047  -6.8047  -6.8047  -6.8047  -6.8047
    -6.8047  -6.8047  -6.8047  -6.8047  -6.8047  -6.8047  -6.8047  -6.8047
    -6.8047  -6.8047  -6.8047  -6.8047  -6.8047  -5.8569  -5.8569  -5.8569
    -5.8569  -5.8569  -5.8569  -5.8569  -5.8569  -5.8569  -5.8569  -5.8569
    -5.8569  -4.1662  -4.1662  -4.1662  -4.1662  -4.1662  -4.1662  -4.1662
    -4.1662  -4.0223  -4.0223  -4.0223  -4.0223  -4.0223  -4.0223  -4.0223
    -4.0223  -4.0223  -4.0223  -4.0223  -4.0223  -3.9172  -3.9172  -3.9172
    -3.9172  -3.9172  -3.9172  -3.9172  -3.9172  -3.9172  -3.9172  -3.9172
    -3.9172  -3.7776  -3.7776  -3.7776  -3.7776  -3.7776  -3.7776  -3.7002
    -3.7002  -3.7002  -3.7002  -3.7002  -3.7002  -3.7002  -3.7002  -3.7002
    -3.7002  -3.7002  -3.7002  -3.7002  -3.7002  -3.7002  -3.7002  -3.7002
    -3.7002  -3.7002  -3.7002  -3.7002  -3.7002  -3.7002  -3.7002  -3.0055
    -3.0055  -3.0055  -3.0055  -3.0055  -3.0055  -2.3121  -2.3121  -2.3121
    -2.3121  -2.3121  -2.3121  -2.3121  -2.3121  -2.3121  -2.3121  -2.3121
    -2.3121  -2.3121  -2.3121  -2.3121  -2.3121  -2.3121  -2.3121  -2.3121
    -2.3121  -2.3121  -2.3121  -2.3121  -2.3121  -1.9635  -1.9635  -1.9635
    -1.9635  -1.9635  -1.9635  -1.9635  -1.9635  -1.9635  -1.9635  -1.9635
    -1.9635  -1.3803  -1.3803  -1.3803  -1.3803  -1.3803  -1.3803  -1.3803
    -1.3803  -1.3803  -1.3803  -1.3803  -1.3803  -1.2527  -1.2527  -1.2527
    -1.2527  -1.2527  -1.2527  -1.2527  -1.2527  -0.7746  -0.7746  -0.7746
    -0.7746  -0.7746  -0.7746  -0.7746  -0.7746  -0.7746  -0.7746  -0.7746
    -0.7746  -0.7746  -0.7746  -0.7746  -0.7746  -0.0000  -0.0000   0.0000
     0.9487   0.9487   0.9487   0.9487   0.9487   0.9487   1.4981   1.4981
     1.4981   1.4981   1.4981   1.4981   1.8404   1.8404   1.8404   1.8404
     1.8404   1.8404   1.8404   1.8404   1.8404   1.8404   1.8404   1.8404
     1.8404   1.8404   1.8404   1.8404   1.8404   1.8404   1.8404   1.8404
     1.8404   1.8404   1.8404   1.8404   1.8760   1.8760   1.8760   1.8760
     2.4636   2.4636   2.4636   2.4636   2.4636   2.4636   2.4636   2.4636
     2.9107   2.9107   2.9107   2.9107   2.9107   2.9107   2.9107   2.9107
     2.9107   2.9107   2.9107   2.9107   3.4244   3.4244   3.4244   3.4868
     3.4868   3.4868   3.4868   3.4868   3.4868   3.8894   3.9824   3.9824
     3.9824   3.9824   3.9824   3.9824   3.9824   3.9824   4.3507   4.3507
     4.3507   4.3507   4.3507   4.3507   4.3507   4.3507   4.3507   4.3507
     4.3507   4.3507   4.3507   4.3507   4.3507   4.3507   4.6620   4.6620
     4.6620   4.6620   4.6620   4.6620   4.6620   4.6620   4.6620   4.6620
     4.6620   4.6620   4.8971   4.8971   4.8971   4.8971   4.8971   4.8971
     4.8971   4.8971   4.8971   4.8971   4.8971   4.8971   4.8971   4.8971
     4.8971   4.8971   4.8971   4.8971   4.8971   4.8971   4.8971   4.8971
     4.8971   4.8971   5.6251   5.6251   5.6251   5.6251   5.6251   5.6251
     5.6251   5.6251   5.6251   5.6251   5.6251   5.6251   5.8427   5.8427
     5.8427   5.8427   5.8427   5.8427   5.8427   5.8427   5.8427   5.8427
     5.8427   5.8427   5.9147   5.9147   5.9147   5.9147   5.9147   5.9147
     5.9147   5.9147   5.9147   5.9147   5.9147   5.9147   6.7448   6.7448
     6.7448   6.7448   6.7448   6.7448   6.7448   6.7448   6.7448   6.7448
     6.7448   6.7448   6.7448   6.7448   6.7448   6.7448   6.7448   6.7448
     6.7448   6.7448   6.7448   6.7448   6.7448   6.7448   6.7449   6.7449
     6.7449   6.7449   6.7449   6.7449   6.7449   6.7449   6.7449   6.7449
     6.7449   6.7449   6.8315   6.8315   6.8315   6.8315   6.8315   6.8315
     6.8315   6.8315   6.8315   6.8315   6.8315   6.8315   6.8315   6.8315
     6.8315   6.8315   6.8315   6.8315   6.8315   6.8315   6.8315   6.8315
     6.8315   6.8315   7.0315   7.0315   7.0315   7.0315   7.0315   7.0315
     7.0315   7.0315   7.0315   7.0315   7.0315   7.0315   7.0996   7.0996
     7.0996   7.0996   7.0996   7.0996   7.0996   7.0996   7.0996   7.0996
     7.0996   7.0996   7.5461   7.6428   7.6428   7.6428   7.6428   7.6429
Timing summary:
     davidson     :     42.95s CPU     43.30s WALL (       1 calls)
     g_psi        :      0.06s CPU      0.06s WALL (      15 calls)
     fftw         :     16.55s CPU     22.20s WALL (    9676 calls)
                                       15.18s GPU  (    9676 calls)
     ffts         :      0.04s CPU      0.06s WALL


Job completed
