 parallel MPI defs : np=           1 nb=           1   nd=           0
 nks >
          15          15          15        3375
 ngm =         645
 npwx =          92

          k = 0.0000 0.0000 0.0000 (    65 PWs)   bands (ev):

     0.0000  18.0493  18.0493  18.0493  18.0493  18.0493  18.0493  18.0493
 avg_iter, nhpsi, notconv, ethr            8          69           0   9.9999999999999995E-007

          k = 0.5000 0.5000 0.5000 (    76 PWs)   bands (ev):

     4.5123   4.5123  16.5452  16.5452  16.5452  16.5452  16.5452  16.5452
 avg_iter, nhpsi, notconv, ethr           14          49           0   9.9999999999999995E-007

          k = 1.0000 0.0000 0.0000 (    92 PWs)   bands (ev):

     6.0164   6.0164  12.0329  12.0329  12.0329  12.0329  30.0822  30.0822
 avg_iter, nhpsi, notconv, ethr           19          47           0   9.9999999999999995E-007
     paro         :      0.02s CPU      0.02s WALL (       3 calls)
     pcg          :      0.02s CPU      0.01s WALL (      23 calls)
     pcg:hs_1psi  :      0.01s CPU      0.01s WALL (      49 calls)
     pcg:ortho    :      0.00s CPU      0.00s WALL (      72 calls)
     s_psi        :      0.00s CPU      0.00s WALL (       3 calls)

  general FFT  routines
     fftw         :      0.01s CPU      0.01s WALL (     330 calls)
     ffts         :      0.00s CPU      0.00s WALL

