 parallel MPI defs : np=           1 nb=           1   nd=           0
 nks >
          25          25          25       15625
 ngm =        5065
 npwx =         645

          k = 0.0000 0.0000 0.0000 (   645 PWs)   bands (ev):

     0.0000   4.5123   4.5123   4.5123   4.5123   4.5123   4.5123   4.5123
     4.5123   6.0164   6.0164   6.0164   6.0164   6.0164   6.0164  12.0329
    12.0329  12.0329  12.0329  12.0329  12.0329  12.0329  12.0329  12.0329
    12.0329  12.0329  12.0329  16.5452  16.5452  16.5452  16.5452  16.5452
    16.5452  16.5452  16.5452  16.5452  16.5452  16.5452  16.5452  16.5452
    16.5452  16.5452  16.5452  16.5452  16.5452  16.5452  16.5452  16.5452
    16.5452  16.5452  16.5452  18.0493  18.0493  18.0493  18.0493  18.0493
    18.0493  18.0493  18.0493  24.0657  24.0657  24.0657  24.0657  24.0657
 avg_iter, nhpsi, notconv, ethr            7         499           0   9.9999999999999995E-007
     paro         :      0.70s CPU      0.71s WALL (       1 calls)
     pcg          :      0.23s CPU      0.24s WALL (       8 calls)
     pcg:hs_1psi  :      0.12s CPU      0.13s WALL (      23 calls)
     pcg:ortho    :      0.09s CPU      0.10s WALL (      31 calls)
     s_psi        :      0.00s CPU      0.00s WALL (       1 calls)

  general FFT  routines
     fftw         :      0.12s CPU      0.12s WALL (     994 calls)
     ffts         :      0.00s CPU      0.00s WALL

