 parallel MPI defs : np=           1 nb=           1   nd=           0
 nks >
          15          15          15        3375
 ngm =         941
 npwx =         120

          k = 0.0000 0.0000 0.0000 (   113 PWs)   bands (ev):

   -12.3426  -0.0000  -0.0000   0.0000   1.1834   4.4167   4.4167   4.4167
 avg_iter, nhpsi, notconv, ethr           11          91           0   9.9999999999999995E-007

          k = 0.5000 0.5000 0.5000 (   120 PWs)   bands (ev):

   -10.9110  -6.0410  -0.9216  -0.9216   1.5673   4.9092   4.9092   8.5455
 avg_iter, nhpsi, notconv, ethr           22          95           0   9.9999999999999995E-007

          k = 1.0000 0.0000 0.0000 (   116 PWs)   bands (ev):

   -10.3192  -6.1510  -2.2895  -2.2895   1.5989   2.0916  12.1261  12.1261
 avg_iter, nhpsi, notconv, ethr           42         162           0   9.9999999999999995E-007
     paro         :      0.03s CPU      0.03s WALL (       3 calls)
     pcg          :      0.02s CPU      0.02s WALL (      32 calls)
     pcg:hs_1psi  :      0.02s CPU      0.02s WALL (     117 calls)
     pcg:ortho    :      0.00s CPU      0.00s WALL (     149 calls)
     s_psi        :      0.00s CPU      0.00s WALL (       3 calls)

  general FFT  routines
     fftw         :      0.02s CPU      0.02s WALL (     660 calls)
     ffts         :      0.00s CPU      0.00s WALL

