 parallel MPI defs : np=           1 nb=           1   nd=           0
 nks >
          27          27          27       19683
 ngm =        7391
 npwx =         941

          k = 0.0000 0.0000 0.0000 (   941 PWs)   bands (ev):

   -12.3426 -10.9110 -10.9110 -10.9110 -10.9110 -10.3192 -10.3192 -10.3192
    -6.1510  -6.1510  -6.1510  -6.0410  -6.0410  -6.0410  -6.0410  -2.2895
    -2.2895  -2.2895  -2.2895  -2.2895  -2.2895  -0.9216  -0.9216  -0.9216
    -0.9216  -0.9216  -0.9216  -0.9216  -0.9216  -0.0000  -0.0000   0.0000
     1.1834   1.5673   1.5673   1.5673   1.5673   1.5989   1.5989   1.5989
     2.0916   2.0916   2.0916   4.4167   4.4167   4.4167   4.9092   4.9092
     4.9092   4.9092   4.9092   4.9092   4.9092   4.9092   8.0684   8.5455
     8.5455   8.5455   8.5455   8.6861   8.6861  11.4378  11.4378  11.4378
 avg_iter, nhpsi, notconv, ethr           18        1166           0   9.9999999999999995E-007
     paro         :      1.78s CPU      1.79s WALL (       1 calls)
     pcg          :      0.80s CPU      0.82s WALL (      13 calls)
     pcg:hs_1psi  :      0.48s CPU      0.48s WALL (      55 calls)
     pcg:ortho    :      0.28s CPU      0.28s WALL (      68 calls)
     s_psi        :      0.00s CPU      0.00s WALL (       1 calls)

  general FFT  routines
     fftw         :      0.48s CPU      0.45s WALL (    2166 calls)
     ffts         :      0.00s CPU      0.00s WALL

