 parallel MPI defs : np=           1 nb=           1   nd=           0
 nks >
          15          15          15        3375
 ngm =         869
 npwx =         113

          k = 0.0000 0.0000 0.0000 (   113 PWs)   bands (ev):

   -12.6369  -0.0000  -0.0000   0.0000   3.4229   3.4229   3.4229   3.8840
 avg_iter, nhpsi, notconv, ethr           12          99           0   9.9999999999999995E-007

          k = 0.5000 0.5000 0.5000 (   108 PWs)   bands (ev):

   -10.2593  -7.3882  -1.2491  -1.2491   1.8752   3.9800   3.9800   7.9691
 avg_iter, nhpsi, notconv, ethr           22          81           0   9.9999999999999995E-007

          k = 1.0000 0.0000 0.0000 (   108 PWs)   bands (ev):

    -8.3557  -8.3557  -3.0211  -3.0211   0.9305   0.9305  12.1582  12.1582
 avg_iter, nhpsi, notconv, ethr           36         114           0   9.9999999999999995E-007
     paro         :      0.03s CPU      0.03s WALL (       3 calls)
     pcg          :      0.02s CPU      0.02s WALL (      28 calls)
     pcg:hs_1psi  :      0.02s CPU      0.01s WALL (      99 calls)
     pcg:ortho    :      0.00s CPU      0.00s WALL (     127 calls)
     s_psi        :      0.00s CPU      0.00s WALL (       3 calls)

  general FFT  routines
     fftw         :      0.02s CPU      0.01s WALL (     574 calls)
     ffts         :      0.00s CPU      0.00s WALL

