 parallel MPI defs : np=           1 nb=           1   nd=           0
  Gamma-only calculation, assuming nks=1, xk=(0,0,0) 
          27          27          27       19683
 ngm =        3696
 npwx =         471

          k = 0.0000 0.0000 0.0000 (   471 PWs)   bands (ev):

   -12.3426 -10.9110 -10.9110 -10.9110 -10.9110 -10.3192 -10.3192 -10.3192
    -6.1510  -6.1510  -6.1510  -6.0410  -6.0410  -6.0410  -6.0410  -2.2895
    -2.2895  -2.2895  -2.2895  -2.2895  -2.2895  -0.9216  -0.9216  -0.9216
    -0.9216  -0.9216  -0.9216  -0.9216  -0.9216  -0.0000  -0.0000   0.0000
     1.1834   1.5673   1.5673   1.5673   1.5673   1.5989   1.5989   1.5989
     2.0916   2.0916   2.0916   4.4167   4.4167   4.4167   4.9092   4.9092
     4.9092   4.9092   4.9092   4.9092   4.9092   4.9092   8.0684   8.5455
     8.5455   8.5455   8.5455   8.6861   8.6861  11.4378  11.4378  11.4378
 avg_iter, nhpsi, notconv, ethr           17        1142           0   9.9999999999999995E-007
     paro         :      1.07s CPU      1.09s WALL (       1 calls)
     pcg          :      0.63s CPU      0.64s WALL (      13 calls)
     pcg:hs_1psi  :      0.48s CPU      0.49s WALL (      57 calls)
     pcg:ortho    :      0.12s CPU      0.13s WALL (      70 calls)
     s_psi        :      0.00s CPU      0.00s WALL (       1 calls)

  general FFT  routines
     fftw         :      0.45s CPU      0.46s WALL (    2126 calls)
     ffts         :      0.00s CPU      0.00s WALL

