 parallel MPI defs : np=           1 nb=           1   nd=           0
  Gamma-only calculation, assuming nks=1, xk=(0,0,0) 
          27          27          27       19683
 ngm =        3308
 npwx =         435

          k = 0.0000 0.0000 0.0000 (   435 PWs)   bands (ev):

   -12.6369 -10.2593 -10.2593 -10.2593 -10.2593  -8.3557  -8.3557  -8.3557
    -8.3557  -8.3557  -8.3557  -7.3882  -7.3882  -7.3882  -7.3882  -3.0211
    -3.0211  -3.0211  -3.0211  -3.0211  -3.0211  -1.2491  -1.2491  -1.2491
    -1.2491  -1.2491  -1.2491  -1.2491  -1.2491  -0.0000  -0.0000   0.0000
     0.9305   0.9305   0.9305   0.9305   0.9305   0.9305   1.8752   1.8752
     1.8752   1.8752   3.4229   3.4229   3.4229   3.8840   3.9800   3.9800
     3.9800   3.9800   3.9800   3.9800   3.9800   3.9800   7.5397   7.9683
     7.9683   7.9691   7.9691   7.9691   7.9691  11.5026  11.5026  11.5026
 avg_iter, nhpsi, notconv, ethr           14         936           0   9.9999999999999995E-007
     paro         :      0.96s CPU      0.97s WALL (       1 calls)
     pcg          :      0.58s CPU      0.58s WALL (      11 calls)
     pcg:hs_1psi  :      0.44s CPU      0.45s WALL (      42 calls)
     pcg:ortho    :      0.11s CPU      0.11s WALL (      53 calls)
     s_psi        :      0.00s CPU      0.00s WALL (       1 calls)

  general FFT  routines
     fftw         :      0.42s CPU      0.43s WALL (    1766 calls)
     ffts         :      0.00s CPU      0.00s WALL

