 parallel MPI defs : np=           1 nb=           1   nd=           0
  Gamma-only calculation, assuming nks=1, xk=(0,0,0) 
          60          60          60      216000
 ngm =       29768
 npwx =        3696

          k = 0.0000 0.0000 0.0000 (  3696 PWs)   bands (ev):

   -13.7337 -13.4892 -13.4892 -13.4892 -13.4892 -13.4892 -13.4892 -13.4892
   -13.4892 -13.4082 -13.4082 -13.4082 -13.4082 -13.4082 -13.4082 -13.2204
   -13.2204 -13.2204 -13.2204 -13.2204 -13.2204 -13.2204 -13.2204 -13.2204
   -13.2204 -13.2204 -13.2204 -13.2117 -13.2117 -13.2117 -13.2117 -13.1279
   -13.1279 -13.1279 -13.1279 -13.1279 -13.1279 -13.1279 -13.1279 -13.1279
   -13.1279 -13.1279 -13.1279 -13.1279 -13.1279 -13.1279 -13.1279 -13.1279
   -13.1279 -13.1279 -13.1279 -13.1279 -13.1279 -13.1279 -13.1279 -13.0395
   -13.0395 -13.0395 -13.0325 -13.0325 -13.0325 -13.0325 -13.0325 -13.0325
    -3.6840  -3.6840  -3.6840  -3.6840  -3.4667  -3.4667  -3.4667  -3.2412
    -3.2412  -3.2412  -3.2412  -3.2412  -3.2412  -3.2412  -3.2412  -3.2412
    -3.2412  -3.2412  -3.2412  -3.2412  -3.2412  -3.2412  -3.2412  -3.2412
    -3.2412  -3.2412  -3.2412  -3.2412  -3.2412  -3.2412  -3.2412  -3.0127
    -3.0127  -3.0127  -3.0127  -3.0127  -3.0127  -2.9770  -2.9770  -2.9770
    -2.9770  -2.9770  -2.9770  -2.9770  -2.9770  -2.9770  -2.9770  -2.9770
    -2.9770  -2.3131  -2.3131  -2.3131  -2.3131  -2.3131  -2.3131  -2.3131
    -2.3131  -2.2477  -2.2477  -2.2477  -2.2477  -2.2477  -2.2477  -2.1940
    -2.1940  -2.1940  -2.1940  -2.1940  -2.1940  -1.7804  -1.7804  -1.7804
    -1.7804  -1.7804  -1.7804  -1.7804  -1.7804  -1.7804  -1.7804  -1.7804
    -1.7804  -1.6956  -1.6956  -1.6956  -1.6956  -1.6956  -1.6956  -1.6956
    -1.6956  -1.6956  -1.6956  -1.6956  -1.6956  -1.6956  -1.6956  -1.6956
    -1.6956  -1.6956  -1.6956  -1.6956  -1.6956  -1.6956  -1.6956  -1.6956
    -1.6956  -1.6484  -1.6484  -1.6484  -1.6484  -1.6484  -1.6484  -1.3878
    -1.3878  -1.3878  -1.3878  -1.3878  -1.3878  -0.9898  -0.9898  -0.9898
    -0.9898  -0.9898  -0.9898  -0.9898  -0.9898  -0.9898  -0.9898  -0.9898
    -0.9898  -0.9898  -0.9898  -0.9898  -0.9898  -0.9898  -0.9898  -0.9898
    -0.9898  -0.9898  -0.9898  -0.9898  -0.9898  -0.7870  -0.7870  -0.7870
    -0.7870  -0.7870  -0.7870  -0.7870  -0.7870  -0.7870  -0.7870  -0.7870
    -0.7870  -0.5307  -0.5307  -0.5307  -0.5307  -0.5307  -0.5307  -0.5307
    -0.5307  -0.5307  -0.5307  -0.5307  -0.5307  -0.5050  -0.5050  -0.5050
    -0.5050  -0.5050  -0.5050  -0.5050  -0.5050  -0.2711  -0.2711  -0.2711
    -0.2711  -0.2711  -0.2711  -0.2711  -0.2711  -0.2711  -0.2711  -0.2711
    -0.2711  -0.2711  -0.2711  -0.2711  -0.2711  -0.0000  -0.0000   0.0000
     2.7093   4.2598   4.2598   4.2598   4.2598   4.3453   4.3453   4.3453
     4.3453   4.3453   4.3453   4.3453   4.3453   4.3588   4.3588   4.3588
     5.1759   5.1759   5.1759   5.2007   5.2007   5.2007   5.2007   5.2007
     5.2007   5.3052   5.3052   5.3052   5.3052   5.3052   5.3052   5.3052
     5.3052   5.3052   5.3052   5.3052   5.3052   5.3052   5.3052   5.3052
     5.3052   5.3052   5.3052   5.3052   5.3052   5.3052   5.3052   5.3052
     5.3052   5.8589   5.8589   5.8589   5.8589   5.8589   5.8589   5.8589
     5.8589   5.8589   5.8589   5.8589   5.8589   6.2224   6.2224   6.2224
     6.2224   6.2224   6.2224   6.7363   6.7363   6.7363   6.7363   6.7363
     6.7363   7.4516   7.4516   7.4516   7.4516   7.4516   7.4516   7.4516
     7.4516   7.4516   7.4516   7.4516   7.4516   7.4516   7.4516   7.4516
     7.4516   7.4516   7.4516   7.4516   7.4516   7.4516   7.4516   7.4516
     7.4516   7.6214   7.6214   7.6214   7.6385   7.6385   7.6385   7.6385
     7.6385   7.6385   7.6385   7.6385   7.6745   7.6745   7.6745   7.6745
     7.6745   7.6745   7.6745   7.6745   7.6745   7.6745   7.6745   7.6745
     7.8361   7.8361   7.8361   7.8361   7.8361   7.8361   8.0306   8.0306
     8.0306   8.0306   8.0306   8.0306   8.0579   8.0579   8.0579   8.0579
     8.0579   8.0579   8.0579   8.0579   8.0579   8.0579   8.0579   8.0579
     8.0579   8.0579   8.0579   8.0579   8.2841   8.2841   8.2841   8.2841
     8.2841   8.2841   8.2841   8.2841   8.3939   8.3939   8.3939   8.3939
     8.3939   8.3939   8.3939   8.3939   8.3939   8.3939   8.3939   8.3939
     8.3939   8.3939   8.3939   8.3939   8.3939   8.3939   8.3939   8.3939
     8.3939   8.3939   8.3939   8.3939   8.4015   8.4015   8.4015   8.4015
     8.4015   8.4015   8.4015   8.4015   8.4015   8.4015   8.4015   8.4015
     8.4315   8.4315   8.4315   8.4315   8.4315   8.4315   8.5619   8.5619
     8.5619   8.5619   8.5619   8.5619   8.9851   8.9851   8.9851   8.9851
     8.9851   8.9851   8.9851   8.9851   8.9851   8.9851   8.9851   8.9851
     9.6202   9.6202   9.6202   9.6202   9.6202   9.6202   9.6202   9.6202
     9.6202   9.6202   9.6202   9.6202   9.6202   9.6202   9.6202   9.6202
     9.6202   9.6202   9.6202   9.6202   9.6202   9.6202   9.6202   9.6202
     9.7643   9.7643   9.7643   9.7643   9.7643   9.7643   9.7643   9.7643
     9.7643   9.7643   9.7643   9.7643   9.9616   9.9616   9.9616   9.9616
 avg_iter, nhpsi, notconv, ethr           15        8164           0   9.9999999999999995E-007
     paro         :    311.31s CPU    311.80s WALL (       1 calls)
     pcg          :    108.72s CPU    108.88s WALL (      11 calls)
     pcg:hs_1psi  :     37.30s CPU     37.42s WALL (     134 calls)
     pcg:ortho    :     69.57s CPU     69.62s WALL (     226 calls)
     s_psi        :      0.00s CPU      0.01s WALL (       1 calls)

  general FFT  routines
     fftw         :     33.82s CPU     33.82s WALL (   15792 calls)
     ffts         :      0.00s CPU      0.01s WALL

