 parallel MPI defs : np=           1 nb=           1   nd=           0
  Gamma-only calculation, assuming nks=1, xk=(0,0,0) 
          54          54          54      157464
 ngm =       26437
 npwx =        3308
 ndiag           1
 enter regterg

          k = 0.0000 0.0000 0.0000 (  3308 PWs)   bands (ev):

   -12.6369 -11.8184 -11.8184 -11.8184 -11.8184 -11.8184 -11.8184 -11.8184
   -11.8184 -11.5274 -11.5274 -11.5274 -11.5274 -11.5274 -11.5274 -10.5422
   -10.5422 -10.5422 -10.5422 -10.5422 -10.5422 -10.5422 -10.5422 -10.5422
   -10.5422 -10.5422 -10.5422 -10.2593 -10.2593 -10.2593 -10.2593  -9.8478
    -9.8478  -9.8478  -9.8478  -9.8478  -9.8478  -9.8478  -9.8478  -9.8478
    -9.8478  -9.8478  -9.8478  -9.8478  -9.8478  -9.8478  -9.8478  -9.8478
    -9.8478  -9.8478  -9.8478  -9.8478  -9.8478  -9.8478  -9.8478  -8.3557
    -8.3557  -8.3557  -8.3557  -8.3557  -8.3557  -8.1969  -8.1969  -8.1969
    -8.1969  -8.1969  -8.1969  -8.1969  -8.1969  -8.1969  -8.1969  -8.1969
    -8.1969  -7.3882  -7.3882  -7.3882  -7.3882  -6.8262  -6.8262  -6.8262
    -6.8262  -6.8262  -6.8262  -6.8262  -6.8262  -6.8262  -6.8262  -6.8262
    -6.8262  -6.8262  -6.8262  -6.8262  -6.8262  -6.8262  -6.8262  -6.8262
    -6.8262  -6.8262  -6.8262  -6.8262  -6.8262  -5.8726  -5.8726  -5.8726
    -5.8726  -5.8726  -5.8726  -5.8726  -5.8726  -5.8726  -5.8726  -5.8726
    -5.8726  -4.1811  -4.1811  -4.1811  -4.1811  -4.1811  -4.1811  -4.1811
    -4.1811  -4.0409  -4.0409  -4.0409  -4.0409  -4.0409  -4.0409  -4.0409
    -4.0409  -4.0409  -4.0409  -4.0409  -4.0409  -3.9306  -3.9306  -3.9306
    -3.9306  -3.9306  -3.9306  -3.9306  -3.9306  -3.9306  -3.9306  -3.9306
    -3.9306  -3.7798  -3.7798  -3.7798  -3.7798  -3.7798  -3.7798  -3.7165
    -3.7165  -3.7165  -3.7165  -3.7165  -3.7165  -3.7165  -3.7165  -3.7165
    -3.7165  -3.7165  -3.7165  -3.7165  -3.7165  -3.7165  -3.7165  -3.7165
    -3.7165  -3.7165  -3.7165  -3.7165  -3.7165  -3.7165  -3.7165  -3.0211
    -3.0211  -3.0211  -3.0211  -3.0211  -3.0211  -2.3140  -2.3140  -2.3140
    -2.3140  -2.3140  -2.3140  -2.3140  -2.3140  -2.3140  -2.3140  -2.3140
    -2.3140  -2.3140  -2.3140  -2.3140  -2.3140  -2.3140  -2.3140  -2.3140
    -2.3140  -2.3140  -2.3140  -2.3140  -2.3140  -1.9654  -1.9654  -1.9654
    -1.9654  -1.9654  -1.9654  -1.9654  -1.9654  -1.9654  -1.9654  -1.9654
    -1.9654  -1.3657  -1.3657  -1.3657  -1.3657  -1.3657  -1.3657  -1.3657
    -1.3657  -1.3657  -1.3657  -1.3657  -1.3657  -1.2491  -1.2491  -1.2491
    -1.2491  -1.2491  -1.2491  -1.2491  -1.2491  -0.7705  -0.7705  -0.7705
    -0.7705  -0.7705  -0.7705  -0.7705  -0.7705  -0.7705  -0.7705  -0.7705
    -0.7705  -0.7705  -0.7705  -0.7705  -0.7705  -0.0000  -0.0000   0.0000
     0.9305   0.9305   0.9305   0.9305   0.9305   0.9305   1.4907   1.4907
     1.4907   1.4907   1.4907   1.4907   1.8338   1.8338   1.8338   1.8338
     1.8338   1.8338   1.8338   1.8338   1.8338   1.8338   1.8338   1.8338
     1.8338   1.8338   1.8338   1.8338   1.8338   1.8338   1.8338   1.8338
     1.8338   1.8338   1.8338   1.8338   1.8752   1.8752   1.8752   1.8752
     2.4608   2.4608   2.4608   2.4608   2.4608   2.4608   2.4608   2.4608
     2.9155   2.9155   2.9155   2.9155   2.9155   2.9155   2.9155   2.9155
     2.9155   2.9155   2.9155   2.9155   3.4229   3.4229   3.4229   3.4897
     3.4897   3.4897   3.4897   3.4897   3.4897   3.8840   3.9800   3.9800
     3.9800   3.9800   3.9800   3.9800   3.9800   3.9800   4.3560   4.3560
     4.3560   4.3560   4.3560   4.3560   4.3560   4.3560   4.3560   4.3560
     4.3560   4.3560   4.3560   4.3560   4.3560   4.3560   4.6726   4.6726
     4.6726   4.6726   4.6726   4.6726   4.6726   4.6726   4.6726   4.6726
     4.6726   4.6726   4.9075   4.9075   4.9075   4.9075   4.9075   4.9075
     4.9075   4.9075   4.9075   4.9075   4.9075   4.9075   4.9075   4.9075
     4.9075   4.9075   4.9075   4.9075   4.9075   4.9075   4.9075   4.9075
     4.9075   4.9075   5.6625   5.6625   5.6625   5.6625   5.6625   5.6625
     5.6625   5.6625   5.6625   5.6625   5.6625   5.6625   5.8483   5.8483
     5.8483   5.8483   5.8483   5.8483   5.8483   5.8483   5.8483   5.8483
     5.8483   5.8483   5.9297   5.9297   5.9297   5.9297   5.9297   5.9297
     5.9297   5.9297   5.9297   5.9297   5.9297   5.9297   6.7719   6.7719
     6.7719   6.7719   6.7719   6.7719   6.7719   6.7719   6.7719   6.7719
     6.7719   6.7719   6.7792   6.7792   6.7792   6.7792   6.7792   6.7792
     6.7792   6.7792   6.7792   6.7792   6.7792   6.7792   6.7792   6.7792
     6.7792   6.7792   6.7792   6.7792   6.7792   6.7792   6.7792   6.7792
     6.7792   6.7792   6.8544   6.8544   6.8544   6.8544   6.8544   6.8544
     6.8544   6.8544   6.8544   6.8544   6.8544   6.8544   6.8544   6.8544
     6.8544   6.8544   6.8544   6.8544   6.8544   6.8544   6.8544   6.8544
     6.8544   6.8544   7.0649   7.0649   7.0649   7.0649   7.0649   7.0649
     7.0649   7.0649   7.0649   7.0649   7.0649   7.0649   7.1341   7.1341
     7.1341   7.1341   7.1341   7.1341   7.1341   7.1341   7.1341   7.1341
     7.1341   7.1341   7.5398   7.6590   7.6590   7.6590   7.6590   7.6590
 dav_iter, nhpsi, notcnv, ethr           20        4828           1   9.9999999999999995E-007
     davidson     :    216.36s CPU    216.54s WALL (       1 calls)
     regterg      :    216.36s CPU    216.54s WALL (       1 calls)
     regterg:init :      3.85s CPU      3.86s WALL (       1 calls)
     regterg:diag :     50.27s CPU     50.28s WALL (      21 calls)
     regterg:upda :     32.11s CPU     32.11s WALL (      20 calls)
     regterg:over :     75.28s CPU     75.28s WALL (      20 calls)
     regterg:last :     31.20s CPU     31.22s WALL (       5 calls)
     h_psi        :     23.23s CPU     23.31s WALL (      21 calls)
     g_psi        :      0.10s CPU      0.10s WALL (      20 calls)

  general FFT  routines
     fftw         :     20.30s CPU     20.59s WALL (    9656 calls)
     ffts         :      0.00s CPU      0.01s WALL

