 parallel MPI defs : np=           1 nb=           1   nd=           0
  Gamma-only calculation, assuming nks=1, xk=(0,0,0) 
          60          60          60      216000
 ngm =       29768
 npwx =        3696
 ndiag           1
 enter regterg

          k = 0.0000 0.0000 0.0000 (  3696 PWs)   bands (ev):

   -13.7337 -13.4892 -13.4892 -13.4892 -13.4892 -13.4892 -13.4892 -13.4892
   -13.4892 -13.4082 -13.4082 -13.4082 -13.4082 -13.4082 -13.4082 -13.2204
   -13.2204 -13.2204 -13.2204 -13.2204 -13.2204 -13.2204 -13.2204 -13.2204
   -13.2204 -13.2204 -13.2204 -13.2117 -13.2117 -13.2117 -13.2117 -13.1279
   -13.1279 -13.1279 -13.1279 -13.1279 -13.1279 -13.1279 -13.1279 -13.1279
   -13.1279 -13.1279 -13.1279 -13.1279 -13.1279 -13.1279 -13.1279 -13.1279
   -13.1279 -13.1279 -13.1279 -13.1279 -13.1279 -13.1279 -13.1279 -13.0395
   -13.0395 -13.0395 -13.0325 -13.0325 -13.0325 -13.0325 -13.0325 -13.0325
    -3.6840  -3.6840  -3.6840  -3.6840  -3.4667  -3.4667  -3.4667  -3.2412
    -3.2412  -3.2412  -3.2412  -3.2412  -3.2412  -3.2412  -3.2412  -3.2412
    -3.2412  -3.2412  -3.2412  -3.2412  -3.2412  -3.2412  -3.2412  -3.2412
    -3.2412  -3.2412  -3.2412  -3.2412  -3.2412  -3.2412  -3.2412  -3.0127
    -3.0127  -3.0127  -3.0127  -3.0127  -3.0127  -2.9770  -2.9770  -2.9770
    -2.9770  -2.9770  -2.9770  -2.9770  -2.9770  -2.9770  -2.9770  -2.9770
    -2.9770  -2.3131  -2.3131  -2.3131  -2.3131  -2.3131  -2.3131  -2.3131
    -2.3131  -2.2477  -2.2477  -2.2477  -2.2477  -2.2477  -2.2477  -2.1940
    -2.1940  -2.1940  -2.1940  -2.1940  -2.1940  -1.7804  -1.7804  -1.7804
    -1.7804  -1.7804  -1.7804  -1.7804  -1.7804  -1.7804  -1.7804  -1.7804
    -1.7804  -1.6956  -1.6956  -1.6956  -1.6956  -1.6956  -1.6956  -1.6956
    -1.6956  -1.6956  -1.6956  -1.6956  -1.6956  -1.6956  -1.6956  -1.6956
    -1.6956  -1.6956  -1.6956  -1.6956  -1.6956  -1.6956  -1.6956  -1.6956
    -1.6956  -1.6484  -1.6484  -1.6484  -1.6484  -1.6484  -1.6484  -1.3878
    -1.3878  -1.3878  -1.3878  -1.3878  -1.3878  -0.9898  -0.9898  -0.9898
    -0.9898  -0.9898  -0.9898  -0.9898  -0.9898  -0.9898  -0.9898  -0.9898
    -0.9898  -0.9898  -0.9898  -0.9898  -0.9898  -0.9898  -0.9898  -0.9898
    -0.9898  -0.9898  -0.9898  -0.9898  -0.9898  -0.7870  -0.7870  -0.7870
    -0.7870  -0.7870  -0.7870  -0.7870  -0.7870  -0.7870  -0.7870  -0.7870
    -0.7870  -0.5307  -0.5307  -0.5307  -0.5307  -0.5307  -0.5307  -0.5307
    -0.5307  -0.5307  -0.5307  -0.5307  -0.5307  -0.5050  -0.5050  -0.5050
    -0.5050  -0.5050  -0.5050  -0.5050  -0.5050  -0.2711  -0.2711  -0.2711
    -0.2711  -0.2711  -0.2711  -0.2711  -0.2711  -0.2711  -0.2711  -0.2711
    -0.2711  -0.2711  -0.2711  -0.2711  -0.2711  -0.0000  -0.0000   0.0000
     2.7093   4.2598   4.2598   4.2598   4.2598   4.3453   4.3453   4.3453
     4.3453   4.3453   4.3453   4.3453   4.3453   4.3588   4.3588   4.3588
     5.1759   5.1759   5.1759   5.2007   5.2007   5.2007   5.2007   5.2007
     5.2007   5.3052   5.3052   5.3052   5.3052   5.3052   5.3052   5.3052
     5.3052   5.3052   5.3052   5.3052   5.3052   5.3052   5.3052   5.3052
     5.3052   5.3052   5.3052   5.3052   5.3052   5.3052   5.3052   5.3052
     5.3052   5.8589   5.8589   5.8589   5.8589   5.8589   5.8589   5.8589
     5.8589   5.8589   5.8589   5.8589   5.8589   6.2224   6.2224   6.2224
     6.2224   6.2224   6.2224   6.7363   6.7363   6.7363   6.7363   6.7363
     6.7363   7.4516   7.4516   7.4516   7.4516   7.4516   7.4516   7.4516
     7.4516   7.4516   7.4516   7.4516   7.4516   7.4516   7.4516   7.4516
     7.4516   7.4516   7.4516   7.4516   7.4516   7.4516   7.4516   7.4516
     7.4516   7.6214   7.6214   7.6214   7.6385   7.6385   7.6385   7.6385
     7.6385   7.6385   7.6385   7.6385   7.6745   7.6745   7.6745   7.6745
     7.6745   7.6745   7.6745   7.6745   7.6745   7.6745   7.6745   7.6745
     7.8361   7.8361   7.8361   7.8361   7.8361   7.8361   8.0306   8.0306
     8.0306   8.0306   8.0306   8.0306   8.0579   8.0579   8.0579   8.0579
     8.0579   8.0579   8.0579   8.0579   8.0579   8.0579   8.0579   8.0579
     8.0579   8.0579   8.0579   8.0579   8.2841   8.2841   8.2841   8.2841
     8.2841   8.2841   8.2841   8.2841   8.3939   8.3939   8.3939   8.3939
     8.3939   8.3939   8.3939   8.3939   8.3939   8.3939   8.3939   8.3939
     8.3939   8.3939   8.3939   8.3939   8.3939   8.3939   8.3939   8.3939
     8.3939   8.3939   8.3939   8.3939   8.4015   8.4015   8.4015   8.4015
     8.4015   8.4015   8.4015   8.4015   8.4015   8.4015   8.4015   8.4015
     8.4315   8.4315   8.4315   8.4315   8.4315   8.4315   8.5619   8.5619
     8.5619   8.5619   8.5619   8.5619   8.9851   8.9851   8.9851   8.9851
     8.9851   8.9851   8.9851   8.9851   8.9851   8.9851   8.9851   8.9851
     9.6202   9.6202   9.6202   9.6202   9.6202   9.6202   9.6202   9.6202
     9.6202   9.6202   9.6202   9.6202   9.6202   9.6202   9.6202   9.6202
     9.6202   9.6202   9.6202   9.6202   9.6202   9.6202   9.6202   9.6203
     9.7643   9.7643   9.7643   9.7643   9.7643   9.7643   9.7643   9.7643
     9.7643   9.7643   9.7643   9.7643   9.9616   9.9616   9.9616   9.9616
 dav_iter, nhpsi, notcnv, ethr           20        5202           2   9.9999999999999995E-007
     davidson     :    277.29s CPU    277.64s WALL (       1 calls)
     regterg      :    277.29s CPU    277.64s WALL (       1 calls)
     regterg:init :      4.30s CPU      4.32s WALL (       1 calls)
     regterg:diag :     68.08s CPU     68.10s WALL (      21 calls)
     regterg:upda :     43.22s CPU     43.24s WALL (      20 calls)
     regterg:over :     93.78s CPU     93.82s WALL (      20 calls)
     regterg:last :     37.25s CPU     37.25s WALL (       5 calls)
     h_psi        :     30.16s CPU     30.32s WALL (      21 calls)
     g_psi        :      0.12s CPU      0.12s WALL (      20 calls)

  general FFT  routines
     fftw         :     25.88s CPU     25.74s WALL (   10404 calls)
     ffts         :      0.01s CPU      0.01s WALL

